
=== Step 1: Setting nsteps = 5000000 in Base MDP File ===

=== Step 2: Generating MDP and TPR Files for Each Replica ===
                      :-) GROMACS - gmx grompp, 2024.2 (-:

Executable:   /usr/local/gromacs/bin/gmx_mpi
Data prefix:  /usr/local/gromacs
Working dir:  /workspace
Command line:
  gmx_mpi grompp -f replicas/replica_001/remd_001.mdp -c npt.gro -p topol.top -o replicas/replica_001/remd.tpr

Ignoring obsolete mdp entry 'title'
Generating 1-4 interactions: fudge = 0.5
Number of degrees of freedom in T-Coupling group System is 11982.00

GROMACS reminds you: "Way to Go Dude" (Beavis and Butthead)

Setting the LD random seed to -1108034817

Generated 2145 of the 2145 non-bonded parameter combinations

Generated 2145 of the 2145 1-4 parameter combinations

Excluding 3 bonded neighbours molecule type 'Protein_chain_A'

turning H bonds into constraints...

Excluding 2 bonded neighbours molecule type 'SOL'

turning H bonds into constraints...

Excluding 1 bonded neighbours molecule type 'NA'

turning H bonds into constraints...

Excluding 1 bonded neighbours molecule type 'CL'

turning H bonds into constraints...
Analysing residue names:
There are:    20    Protein residues
There are:  1865      Water residues
There are:    11        Ion residues
Analysing Protein...

The largest distance between excluded atoms is 0.404 nm between atom 229 and 237

Determining Verlet buffer for a tolerance of 0.005 kJ/mol/ps at 300 K

Calculated rlist for 1x1 atom pair-list as 1.295 nm, buffer size 0.095 nm

Set rlist, assuming 4x4 atom pair-list, to 1.223 nm, buffer size 0.023 nm

Note that mdrun will redetermine rlist based on the actual pair-list setup
Calculating fourier grid dimensions for X Y Z
Using a fourier grid of 40x40x40, spacing 0.109 0.109 0.109

Estimate for the relative computational load of the PME mesh part: 0.26

This run will generate roughly 33 Mb of data
Replica 001: MDP and TPR files created at 300.00 K
                      :-) GROMACS - gmx grompp, 2024.2 (-:

Executable:   /usr/local/gromacs/bin/gmx_mpi
Data prefix:  /usr/local/gromacs
Working dir:  /workspace
Command line:
  gmx_mpi grompp -f replicas/replica_002/remd_002.mdp -c npt.gro -p topol.top -o replicas/replica_002/remd.tpr

Ignoring obsolete mdp entry 'title'
Generating 1-4 interactions: fudge = 0.5
Number of degrees of freedom in T-Coupling group System is 11982.00

GROMACS reminds you: "Look, I don't want to compete, so let's divide up physics between us. I'll take auroras and you take the rest of the universe." (Joan Feynman to her brother Richard)

Setting the LD random seed to -90461199

Generated 2145 of the 2145 non-bonded parameter combinations

Generated 2145 of the 2145 1-4 parameter combinations

Excluding 3 bonded neighbours molecule type 'Protein_chain_A'

turning H bonds into constraints...

Excluding 2 bonded neighbours molecule type 'SOL'

turning H bonds into constraints...

Excluding 1 bonded neighbours molecule type 'NA'

turning H bonds into constraints...

Excluding 1 bonded neighbours molecule type 'CL'

turning H bonds into constraints...
Analysing residue names:
There are:    20    Protein residues
There are:  1865      Water residues
There are:    11        Ion residues
Analysing Protein...

The largest distance between excluded atoms is 0.404 nm between atom 229 and 237

Determining Verlet buffer for a tolerance of 0.005 kJ/mol/ps at 312.59 K

Calculated rlist for 1x1 atom pair-list as 1.298 nm, buffer size 0.098 nm

Set rlist, assuming 4x4 atom pair-list, to 1.225 nm, buffer size 0.025 nm

Note that mdrun will redetermine rlist based on the actual pair-list setup
Calculating fourier grid dimensions for X Y Z
Using a fourier grid of 40x40x40, spacing 0.109 0.109 0.109

Estimate for the relative computational load of the PME mesh part: 0.26

This run will generate roughly 33 Mb of data
Replica 002: MDP and TPR files created at 312.59 K
                      :-) GROMACS - gmx grompp, 2024.2 (-:

Executable:   /usr/local/gromacs/bin/gmx_mpi
Data prefix:  /usr/local/gromacs
Working dir:  /workspace
Command line:
  gmx_mpi grompp -f replicas/replica_003/remd_003.mdp -c npt.gro -p topol.top -o replicas/replica_003/remd.tpr

Ignoring obsolete mdp entry 'title'
Generating 1-4 interactions: fudge = 0.5
Number of degrees of freedom in T-Coupling group System is 11982.00

GROMACS reminds you: "It doesn't pay to make predictions" (Crowded House)

Setting the LD random seed to -43782153

Generated 2145 of the 2145 non-bonded parameter combinations

Generated 2145 of the 2145 1-4 parameter combinations

Excluding 3 bonded neighbours molecule type 'Protein_chain_A'

turning H bonds into constraints...

Excluding 2 bonded neighbours molecule type 'SOL'

turning H bonds into constraints...

Excluding 1 bonded neighbours molecule type 'NA'

turning H bonds into constraints...

Excluding 1 bonded neighbours molecule type 'CL'

turning H bonds into constraints...
Analysing residue names:
There are:    20    Protein residues
There are:  1865      Water residues
There are:    11        Ion residues
Analysing Protein...

The largest distance between excluded atoms is 0.404 nm between atom 229 and 237

Determining Verlet buffer for a tolerance of 0.005 kJ/mol/ps at 325.7 K

Calculated rlist for 1x1 atom pair-list as 1.301 nm, buffer size 0.101 nm

Set rlist, assuming 4x4 atom pair-list, to 1.227 nm, buffer size 0.027 nm

Note that mdrun will redetermine rlist based on the actual pair-list setup
Calculating fourier grid dimensions for X Y Z
Using a fourier grid of 40x40x40, spacing 0.109 0.109 0.109

Estimate for the relative computational load of the PME mesh part: 0.26

This run will generate roughly 33 Mb of data
Replica 003: MDP and TPR files created at 325.70 K
                      :-) GROMACS - gmx grompp, 2024.2 (-:

Executable:   /usr/local/gromacs/bin/gmx_mpi
Data prefix:  /usr/local/gromacs
Working dir:  /workspace
Command line:
  gmx_mpi grompp -f replicas/replica_004/remd_004.mdp -c npt.gro -p topol.top -o replicas/replica_004/remd.tpr

Ignoring obsolete mdp entry 'title'
Generating 1-4 interactions: fudge = 0.5
Number of degrees of freedom in T-Coupling group System is 11982.00

GROMACS reminds you: "With a Lead Filled Snowshoe" (F. Zappa)

Setting the LD random seed to -310777861

Generated 2145 of the 2145 non-bonded parameter combinations

Generated 2145 of the 2145 1-4 parameter combinations

Excluding 3 bonded neighbours molecule type 'Protein_chain_A'

turning H bonds into constraints...

Excluding 2 bonded neighbours molecule type 'SOL'

turning H bonds into constraints...

Excluding 1 bonded neighbours molecule type 'NA'

turning H bonds into constraints...

Excluding 1 bonded neighbours molecule type 'CL'

turning H bonds into constraints...
Analysing residue names:
There are:    20    Protein residues
There are:  1865      Water residues
There are:    11        Ion residues
Analysing Protein...

The largest distance between excluded atoms is 0.404 nm between atom 229 and 237

Determining Verlet buffer for a tolerance of 0.005 kJ/mol/ps at 339.36 K

Calculated rlist for 1x1 atom pair-list as 1.304 nm, buffer size 0.104 nm

Set rlist, assuming 4x4 atom pair-list, to 1.229 nm, buffer size 0.029 nm

Note that mdrun will redetermine rlist based on the actual pair-list setup
Calculating fourier grid dimensions for X Y Z
Using a fourier grid of 40x40x40, spacing 0.109 0.109 0.109

Estimate for the relative computational load of the PME mesh part: 0.26

This run will generate roughly 33 Mb of data
Replica 004: MDP and TPR files created at 339.36 K
                      :-) GROMACS - gmx grompp, 2024.2 (-:

Executable:   /usr/local/gromacs/bin/gmx_mpi
Data prefix:  /usr/local/gromacs
Working dir:  /workspace
Command line:
  gmx_mpi grompp -f replicas/replica_005/remd_005.mdp -c npt.gro -p topol.top -o replicas/replica_005/remd.tpr

Ignoring obsolete mdp entry 'title'
Generating 1-4 interactions: fudge = 0.5
Number of degrees of freedom in T-Coupling group System is 11982.00

GROMACS reminds you: "Still I had a lurking question. Would it not be better if one could really 'see' whether molecules as complicated as the sterols, or strychnine were just as experiment suggested?" (Dorothy Hodgkin)

Setting the LD random seed to 1472656895

Generated 2145 of the 2145 non-bonded parameter combinations

Generated 2145 of the 2145 1-4 parameter combinations

Excluding 3 bonded neighbours molecule type 'Protein_chain_A'

turning H bonds into constraints...

Excluding 2 bonded neighbours molecule type 'SOL'

turning H bonds into constraints...

Excluding 1 bonded neighbours molecule type 'NA'

turning H bonds into constraints...

Excluding 1 bonded neighbours molecule type 'CL'

turning H bonds into constraints...
Analysing residue names:
There are:    20    Protein residues
There are:  1865      Water residues
There are:    11        Ion residues
Analysing Protein...

The largest distance between excluded atoms is 0.404 nm between atom 229 and 237

Determining Verlet buffer for a tolerance of 0.005 kJ/mol/ps at 353.6 K

Calculated rlist for 1x1 atom pair-list as 1.307 nm, buffer size 0.107 nm

Set rlist, assuming 4x4 atom pair-list, to 1.231 nm, buffer size 0.031 nm

Note that mdrun will redetermine rlist based on the actual pair-list setup
Calculating fourier grid dimensions for X Y Z
Using a fourier grid of 40x40x40, spacing 0.109 0.109 0.109

Estimate for the relative computational load of the PME mesh part: 0.26

This run will generate roughly 33 Mb of data
Replica 005: MDP and TPR files created at 353.60 K
                      :-) GROMACS - gmx grompp, 2024.2 (-:

Executable:   /usr/local/gromacs/bin/gmx_mpi
Data prefix:  /usr/local/gromacs
Working dir:  /workspace
Command line:
  gmx_mpi grompp -f replicas/replica_006/remd_006.mdp -c npt.gro -p topol.top -o replicas/replica_006/remd.tpr

Ignoring obsolete mdp entry 'title'
Generating 1-4 interactions: fudge = 0.5
Number of degrees of freedom in T-Coupling group System is 11982.00

GROMACS reminds you: "All You Need is Greed" (Aztec Camera)

Setting the LD random seed to -33634562

Generated 2145 of the 2145 non-bonded parameter combinations

Generated 2145 of the 2145 1-4 parameter combinations

Excluding 3 bonded neighbours molecule type 'Protein_chain_A'

turning H bonds into constraints...

Excluding 2 bonded neighbours molecule type 'SOL'

turning H bonds into constraints...

Excluding 1 bonded neighbours molecule type 'NA'

turning H bonds into constraints...

Excluding 1 bonded neighbours molecule type 'CL'

turning H bonds into constraints...
Analysing residue names:
There are:    20    Protein residues
There are:  1865      Water residues
There are:    11        Ion residues
Analysing Protein...

The largest distance between excluded atoms is 0.404 nm between atom 229 and 237

Determining Verlet buffer for a tolerance of 0.005 kJ/mol/ps at 368.44 K

Calculated rlist for 1x1 atom pair-list as 1.310 nm, buffer size 0.110 nm

Set rlist, assuming 4x4 atom pair-list, to 1.233 nm, buffer size 0.033 nm

Note that mdrun will redetermine rlist based on the actual pair-list setup
Calculating fourier grid dimensions for X Y Z
Using a fourier grid of 40x40x40, spacing 0.109 0.109 0.109

Estimate for the relative computational load of the PME mesh part: 0.26

This run will generate roughly 33 Mb of data
Replica 006: MDP and TPR files created at 368.44 K
                      :-) GROMACS - gmx grompp, 2024.2 (-:

Executable:   /usr/local/gromacs/bin/gmx_mpi
Data prefix:  /usr/local/gromacs
Working dir:  /workspace
Command line:
  gmx_mpi grompp -f replicas/replica_007/remd_007.mdp -c npt.gro -p topol.top -o replicas/replica_007/remd.tpr

Ignoring obsolete mdp entry 'title'
Generating 1-4 interactions: fudge = 0.5
Number of degrees of freedom in T-Coupling group System is 11982.00

GROMACS reminds you: "I Don't Like Dirt" (The Breeders)

Setting the LD random seed to -67244170

Generated 2145 of the 2145 non-bonded parameter combinations

Generated 2145 of the 2145 1-4 parameter combinations

Excluding 3 bonded neighbours molecule type 'Protein_chain_A'

turning H bonds into constraints...

Excluding 2 bonded neighbours molecule type 'SOL'

turning H bonds into constraints...

Excluding 1 bonded neighbours molecule type 'NA'

turning H bonds into constraints...

Excluding 1 bonded neighbours molecule type 'CL'

turning H bonds into constraints...
Analysing residue names:
There are:    20    Protein residues
There are:  1865      Water residues
There are:    11        Ion residues
Analysing Protein...

The largest distance between excluded atoms is 0.404 nm between atom 229 and 237

Determining Verlet buffer for a tolerance of 0.005 kJ/mol/ps at 383.89 K

Calculated rlist for 1x1 atom pair-list as 1.314 nm, buffer size 0.114 nm

Set rlist, assuming 4x4 atom pair-list, to 1.235 nm, buffer size 0.035 nm

Note that mdrun will redetermine rlist based on the actual pair-list setup
Calculating fourier grid dimensions for X Y Z
Using a fourier grid of 40x40x40, spacing 0.109 0.109 0.109

Estimate for the relative computational load of the PME mesh part: 0.25

This run will generate roughly 33 Mb of data
Replica 007: MDP and TPR files created at 383.89 K
                      :-) GROMACS - gmx grompp, 2024.2 (-:

Executable:   /usr/local/gromacs/bin/gmx_mpi
Data prefix:  /usr/local/gromacs
Working dir:  /workspace
Command line:
  gmx_mpi grompp -f replicas/replica_008/remd_008.mdp -c npt.gro -p topol.top -o replicas/replica_008/remd.tpr

Ignoring obsolete mdp entry 'title'
Generating 1-4 interactions: fudge = 0.5
Number of degrees of freedom in T-Coupling group System is 11982.00

GROMACS reminds you: "Let's Go Hang Out In a Mall" (LIVE)

Setting the LD random seed to -1610633441

Generated 2145 of the 2145 non-bonded parameter combinations

Generated 2145 of the 2145 1-4 parameter combinations

Excluding 3 bonded neighbours molecule type 'Protein_chain_A'

turning H bonds into constraints...

Excluding 2 bonded neighbours molecule type 'SOL'

turning H bonds into constraints...

Excluding 1 bonded neighbours molecule type 'NA'

turning H bonds into constraints...

Excluding 1 bonded neighbours molecule type 'CL'

turning H bonds into constraints...
Analysing residue names:
There are:    20    Protein residues
There are:  1865      Water residues
There are:    11        Ion residues
Analysing Protein...

The largest distance between excluded atoms is 0.404 nm between atom 229 and 237

Determining Verlet buffer for a tolerance of 0.005 kJ/mol/ps at 400 K

Calculated rlist for 1x1 atom pair-list as 1.317 nm, buffer size 0.117 nm

Set rlist, assuming 4x4 atom pair-list, to 1.237 nm, buffer size 0.037 nm

Note that mdrun will redetermine rlist based on the actual pair-list setup
Calculating fourier grid dimensions for X Y Z
Using a fourier grid of 40x40x40, spacing 0.109 0.109 0.109

Estimate for the relative computational load of the PME mesh part: 0.25

This run will generate roughly 33 Mb of data
Replica 008: MDP and TPR files created at 400.00 K

=== Step 4: Running REMD Simulation with Replex = 1000 ===
                      :-) GROMACS - gmx mdrun, 2024.2 (-:

Executable:   /usr/local/gromacs/bin/gmx_mpi
Data prefix:  /usr/local/gromacs
Working dir:  /workspace/replicas
Command line:
  gmx_mpi mdrun -multidir ./replica_001 ./replica_002 ./replica_003 ./replica_004 ./replica_005 ./replica_006 ./replica_007 ./replica_008 -replex 1000 -deffnm remd

Reading file remd.tpr, VERSION 2024.2 (single precision)
Reading file remd.tpr, VERSION 2024.2 (single precision)
Reading file remd.tpr, VERSION 2024.2 (single precision)
Reading file remd.tpr, VERSION 2024.2 (single precision)
Reading file remd.tpr, VERSION 2024.2 (single precision)
Reading file remd.tpr, VERSION 2024.2 (single precision)
Reading file remd.tpr, VERSION 2024.2 (single precision)
Reading file remd.tpr, VERSION 2024.2 (single precision)
Changing nstlist from 20 to 100, rlist from 1.237 to 1.379

Changing nstlist from 20 to 100, rlist from 1.225 to 1.35

Changing nstlist from 20 to 100, rlist from 1.223 to 1.346

Changing nstlist from 20 to 100, rlist from 1.227 to 1.354

Changing nstlist from 20 to 100, rlist from 1.235 to 1.373

Changing nstlist from 20 to 100, rlist from 1.229 to 1.359

Changing nstlist from 20 to 100, rlist from 1.231 to 1.364

Changing nstlist from 20 to 100, rlist from 1.233 to 1.368

1 GPU selected for this run.
Mapping of GPU IDs to the 16 GPU tasks in the 8 ranks on this node:
  PP:0,PME:0,PP:0,PME:0,PP:0,PME:0,PP:0,PME:0,PP:0,PME:0,PP:0,PME:0,PP:0,PME:0,PP:0,PME:0
PP tasks will do (non-perturbed) short-ranged interactions on the GPU
PP task will update and constrain coordinates on the GPU
PME tasks will do all aspects on the GPU
1 GPU selected for this run.
Mapping of GPU IDs to the 16 GPU tasks in the 8 ranks on this node:
  PP:0,PME:0,PP:0,PME:0,PP:0,PME:0,PP:0,PME:0,PP:0,PME:0,PP:0,PME:0,PP:0,PME:0,PP:0,PME:0
PP tasks will do (non-perturbed) short-ranged interactions on the GPU
PP task will update and constrain coordinates on the GPU
PME tasks will do all aspects on the GPU
1 GPU selected for this run.
Mapping of GPU IDs to the 16 GPU tasks in the 8 ranks on this node:
  PP:0,PME:0,PP:0,PME:0,PP:0,PME:0,PP:0,PME:0,PP:0,PME:0,PP:0,PME:0,PP:0,PME:0,PP:0,PME:0
PP tasks will do (non-perturbed) short-ranged interactions on the GPU
PP task will update and constrain coordinates on the GPU
PME tasks will do all aspects on the GPU
1 GPU selected for this run.
Mapping of GPU IDs to the 16 GPU tasks in the 8 ranks on this node:
  PP:0,PME:0,PP:0,PME:0,PP:0,PME:0,PP:0,PME:0,PP:0,PME:0,PP:0,PME:0,PP:0,PME:0,PP:0,PME:0
PP tasks will do (non-perturbed) short-ranged interactions on the GPU
PP task will update and constrain coordinates on the GPU
PME tasks will do all aspects on the GPU
1 GPU selected for this run.
Mapping of GPU IDs to the 16 GPU tasks in the 8 ranks on this node:
  PP:0,PME:0,PP:0,PME:0,PP:0,PME:0,PP:0,PME:0,PP:0,PME:0,PP:0,PME:0,PP:0,PME:0,PP:0,PME:0
PP tasks will do (non-perturbed) short-ranged interactions on the GPU
PP task will update and constrain coordinates on the GPU
PME tasks will do all aspects on the GPU
1 GPU selected for this run.
Mapping of GPU IDs to the 16 GPU tasks in the 8 ranks on this node:
  PP:0,PME:0,PP:0,PME:0,PP:0,PME:0,PP:0,PME:0,PP:0,PME:0,PP:0,PME:0,PP:0,PME:0,PP:0,PME:0
PP tasks will do (non-perturbed) short-ranged interactions on the GPU
PP task will update and constrain coordinates on the GPU
PME tasks will do all aspects on the GPU
1 GPU selected for this run.
Mapping of GPU IDs to the 16 GPU tasks in the 8 ranks on this node:
  PP:0,PME:0,PP:0,PME:0,PP:0,PME:0,PP:0,PME:0,PP:0,PME:0,PP:0,PME:0,PP:0,PME:0,PP:0,PME:0
PP tasks will do (non-perturbed) short-ranged interactions on the GPU
PP task will update and constrain coordinates on the GPU
PME tasks will do all aspects on the GPU
1 GPU selected for this run.
Mapping of GPU IDs to the 16 GPU tasks in the 8 ranks on this node:
  PP:0,PME:0,PP:0,PME:0,PP:0,PME:0,PP:0,PME:0,PP:0,PME:0,PP:0,PME:0,PP:0,PME:0,PP:0,PME:0
PP tasks will do (non-perturbed) short-ranged interactions on the GPU
PP task will update and constrain coordinates on the GPU
PME tasks will do all aspects on the GPU

This is simulation 4 out of 8 running as a composite GROMACS
multi-simulation job. Setup for this simulation:

Using 1 MPI process

This is simulation 2 out of 8 running as a composite GROMACS
multi-simulation job. Setup for this simulation:

Using 1 MPI process

This is simulation 0 out of 8 running as a composite GROMACS
multi-simulation job. Setup for this simulation:

Using 1 MPI process

This is simulation 5 out of 8 running as a composite GROMACS
multi-simulation job. Setup for this simulation:

Using 1 MPI process

This is simulation 1 out of 8 running as a composite GROMACS
multi-simulation job. Setup for this simulation:

Using 1 MPI process

This is simulation 6 out of 8 running as a composite GROMACS
multi-simulation job. Setup for this simulation:

Using 1 MPI process

This is simulation 7 out of 8 running as a composite GROMACS
multi-simulation job. Setup for this simulation:

Using 1 MPI process

Non-default thread affinity set, disabling internal thread affinity

Using 1 OpenMP thread 


This is simulation 3 out of 8 running as a composite GROMACS
multi-simulation job. Setup for this simulation:

Using 1 MPI process

Non-default thread affinity set, disabling internal thread affinity

Using 1 OpenMP thread 


Non-default thread affinity set, disabling internal thread affinity

Using 1 OpenMP thread 


Non-default thread affinity set, disabling internal thread affinity

Using 1 OpenMP thread 


Non-default thread affinity set, disabling internal thread affinity

Using 1 OpenMP thread 


Non-default thread affinity set, disabling internal thread affinity

Using 1 OpenMP thread 


Non-default thread affinity set, disabling internal thread affinity

Using 1 OpenMP thread 


Non-default thread affinity set, disabling internal thread affinity

Using 1 OpenMP thread 

starting mdrun 'TC5B in water'
5000000 steps,  10000.0 ps.
starting mdrun 'TC5B in water'
5000000 steps,  10000.0 ps.
starting mdrun 'TC5B in water'
5000000 steps,  10000.0 ps.
starting mdrun 'TC5B in water'
5000000 steps,  10000.0 ps.
starting mdrun 'TC5B in water'
5000000 steps,  10000.0 ps.
starting mdrun 'TC5B in water'
5000000 steps,  10000.0 ps.
starting mdrun 'TC5B in water'
5000000 steps,  10000.0 ps.
starting mdrun 'TC5B in water'
5000000 steps,  10000.0 ps.

Step 957001 Pressure scaling more than 1%. This may mean your system is not yet equilibrated. Use of Parrinello-Rahman pressure coupling during equilibration can lead to simulation instability, and is discouraged.

Step 1265351 Pressure scaling more than 1%. This may mean your system is not yet equilibrated. Use of Parrinello-Rahman pressure coupling during equilibration can lead to simulation instability, and is discouraged.

Writing final coordinates.

Writing final coordinates.

Writing final coordinates.

Writing final coordinates.

Writing final coordinates.

Writing final coordinates.

Writing final coordinates.

Writing final coordinates.

GROMACS reminds you: "I don't know how many of you have ever met Dijkstra, but you probably know that arrogance in computer science is measured in nano-Dijkstras." (Alan Kay)

REMD simulation completed successfully!
