                      :-) GROMACS - gmx mdrun, 2024.2 (-:

Copyright 1991-2024 The GROMACS Authors.
GROMACS is free software; you can redistribute it and/or modify it
under the terms of the GNU Lesser General Public License
as published by the Free Software Foundation; either version 2.1
of the License, or (at your option) any later version.

                         Current GROMACS contributors:
       Mark Abraham           Andrey Alekseenko           Vladimir Basov      
      Cathrine Bergh            Eliane Briand               Ania Brown        
      Mahesh Doijade            Giacomo Fiorin          Stefan Fleischmann    
      Sergey Gorelov         Gilles Gouaillardet            Alan Gray         
     M. Eric Irrgang         Farzaneh Jalalypour            Joe Jordan        
     Carsten Kutzner           Justin A. Lemkul          Magnus Lundborg      
       Pascal Merz              Vedran Miletic            Dmitry Morozov      
       Julien Nabet              Szilard Pall        Andrea Pasquadibisceglie 
    Michele Pellegrino          Hubert Santuz             Roland Schulz       
     Tatiana Shugaeva          Alexey Shvetsov            Philip Turner       
     Alessandra Villa      Sebastian Wingbermuehle  

                         Previous GROMACS contributors:
        Emile Apol             Rossen Apostolov           James Barnett       
        Paul Bauer          Herman J.C. Berendsen          Par Bjelkmar       
      Christian Blau          Viacheslav Bolnykh            Kevin Boyd        
    Aldert van Buuren          Carlo Camilloni           Rudi van Drunen      
      Anton Feenstra           Oliver Fleetwood            Vytas Gapsys       
       Gaurav Garg             Gerrit Groenhof            Bert de Groot       
      Anca Hamuraru           Vincent Hindriksen          Victor Holanda      
     Aleksei Iupinov          Christoph Junghans        Prashanth Kanduri     
   Dimitrios Karkoulis           Peter Kasson             Sebastian Kehl      
     Sebastian Keller             Jiri Kraus               Per Larsson        
      Viveca Lindahl            Erik Marklund           Pieter Meulenhoff     
      Teemu Murtola              Sander Pronk             Michael Shirts      
      Alfons Sijbers            Balint Soproni         David van der Spoel    
      Peter Tieleman            Carsten Uphoff             Jon Vincent        
     Teemu Virolainen         Christian Wennberg           Maarten Wolf       
      Artem Zhmurov       

                  Coordinated by the GROMACS project leaders:
                           Berk Hess and Erik Lindahl

GROMACS:      gmx mdrun, version 2024.2
Executable:   /usr/local/gromacs/bin/gmx_mpi
Data prefix:  /usr/local/gromacs
Working dir:  /workspace/replicas/replica_001
Process ID:   7867
Command line:
  gmx_mpi mdrun -multidir ./replica_001 ./replica_002 ./replica_003 ./replica_004 ./replica_005 ./replica_006 ./replica_007 ./replica_008 ./replica_009 ./replica_010 ./replica_011 ./replica_012 -replex 2000 -deffnm remd

GROMACS version:     2024.2
Precision:           mixed
Memory model:        64 bit
MPI library:         MPI
MPI library version: Open MPI v4.1.2, package: Debian OpenMPI, ident: 4.1.2, repo rev: v4.1.2, Nov 24, 2021
OpenMP support:      enabled (GMX_OPENMP_MAX_THREADS = 128)
GPU support:         CUDA
NBNxM GPU setup:     super-cluster 2x2x2 / cluster 8
SIMD instructions:   AVX_512
CPU FFT library:     fftw-3.3.8-sse2-avx-avx2-avx2_128-avx512
GPU FFT library:     cuFFT
Multi-GPU FFT:       none
RDTSCP usage:        enabled
TNG support:         enabled
Hwloc support:       disabled
Tracing support:     disabled
C compiler:          /usr/bin/cc GNU 11.4.0
C compiler flags:    -fexcess-precision=fast -funroll-all-loops -march=skylake-avx512 -Wno-missing-field-initializers -O3 -DNDEBUG
C++ compiler:        /usr/bin/c++ GNU 11.4.0
C++ compiler flags:  -fexcess-precision=fast -funroll-all-loops -march=skylake-avx512 -Wno-missing-field-initializers -Wno-cast-function-type-strict -fopenmp -O3 -DNDEBUG
BLAS library:        Internal
LAPACK library:      Internal
CUDA compiler:       /usr/local/cuda/bin/nvcc nvcc: NVIDIA (R) Cuda compiler driver;Copyright (c) 2005-2022 NVIDIA Corporation;Built on Wed_Sep_21_10:33:58_PDT_2022;Cuda compilation tools, release 11.8, V11.8.89;Build cuda_11.8.r11.8/compiler.31833905_0
CUDA compiler flags:-std=c++17;--generate-code=arch=compute_35,code=sm_35;--generate-code=arch=compute_37,code=sm_37;--generate-code=arch=compute_50,code=sm_50;--generate-code=arch=compute_52,code=sm_52;--generate-code=arch=compute_60,code=sm_60;--generate-code=arch=compute_61,code=sm_61;--generate-code=arch=compute_70,code=sm_70;--generate-code=arch=compute_75,code=sm_75;--generate-code=arch=compute_80,code=sm_80;--generate-code=arch=compute_86,code=sm_86;--generate-code=arch=compute_89,code=sm_89;--generate-code=arch=compute_90,code=sm_90;-Wno-deprecated-gpu-targets;--generate-code=arch=compute_53,code=sm_53;--generate-code=arch=compute_80,code=sm_80;-use_fast_math;-Xptxas;-warn-double-usage;-Xptxas;-Werror;-D_FORCE_INLINES;-Xcompiler;-fopenmp;-fexcess-precision=fast -funroll-all-loops -march=skylake-avx512 -Wno-missing-field-initializers -Wno-cast-function-type-strict -fopenmp -O3 -DNDEBUG
CUDA driver:         12.40
CUDA runtime:        11.80


Running on 1 node with total 48 cores, 96 processing units, 1 compatible GPU
Hardware detected on host e09b81821300 (the node of MPI rank 0):
  CPU info:
    Vendor: Intel
    Brand:  Intel(R) Xeon(R) Gold 6342 CPU @ 2.80GHz
    Family: 6   Model: 106   Stepping: 6
    Features: aes apic avx avx2 avx512f avx512cd avx512bw avx512vl avx512secondFMA clfsh cmov cx8 cx16 f16c fma htt intel lahf mmx msr nonstop_tsc pcid pclmuldq pdcm pdpe1gb popcnt pse rdrnd rdtscp sha sse2 sse3 sse4.1 sse4.2 ssse3 tdt x2apic
    Number of AVX-512 FMA units: 2
  Hardware topology: Basic
    Packages, cores, and logical processors:
    [indices refer to OS logical processors]
      Package  0: [   0  48] [   1  49] [   2  50] [   3  51] [   4  52] [   5  53] [   6  54] [   7  55] [   8  56] [   9  57] [  10  58] [  11  59] [  12  60] [  13  61] [  14  62] [  15  63] [  16  64] [  17  65] [  18  66] [  19  67] [  20  68] [  21  69] [  22  70] [  23  71]
      Package  1: [  24  72] [  25  73] [  26  74] [  27  75] [  28  76] [  29  77] [  30  78] [  31  79] [  32  80] [  33  81] [  34  82] [  35  83] [  36  84] [  37  85] [  38  86] [  39  87] [  40  88] [  41  89] [  42  90] [  43  91] [  44  92] [  45  93] [  46  94] [  47  95]
    CPU limit set by OS: 7.65   Recommended max number of threads: 8
  GPU info:
    Number of GPUs detected: 1
    #0: NVIDIA NVIDIA A40, compute cap.: 8.6, ECC: yes, stat: compatible


++++ PLEASE READ AND CITE THE FOLLOWING REFERENCE ++++
M. J. Abraham, T. Murtola, R. Schulz, S. Páll, J. C. Smith, B. Hess, E.
Lindahl
GROMACS: High performance molecular simulations through multi-level
parallelism from laptops to supercomputers
SoftwareX 1 (2015) pp. 19-25
-------- -------- --- Thank You --- -------- --------


++++ PLEASE READ AND CITE THE FOLLOWING REFERENCE ++++
S. Páll, M. J. Abraham, C. Kutzner, B. Hess, E. Lindahl
Tackling Exascale Software Challenges in Molecular Dynamics Simulations with
GROMACS
In S. Markidis & E. Laure (Eds.), Solving Software Challenges for Exascale 8759 (2015) pp. 3-27
-------- -------- --- Thank You --- -------- --------


++++ PLEASE READ AND CITE THE FOLLOWING REFERENCE ++++
S. Pronk, S. Páll, R. Schulz, P. Larsson, P. Bjelkmar, R. Apostolov, M. R.
Shirts, J. C. Smith, P. M. Kasson, D. van der Spoel, B. Hess, and E. Lindahl
GROMACS 4.5: a high-throughput and highly parallel open source molecular
simulation toolkit
Bioinformatics 29 (2013) pp. 845-54
-------- -------- --- Thank You --- -------- --------


++++ PLEASE READ AND CITE THE FOLLOWING REFERENCE ++++
B. Hess and C. Kutzner and D. van der Spoel and E. Lindahl
GROMACS 4: Algorithms for highly efficient, load-balanced, and scalable
molecular simulation
J. Chem. Theory Comput. 4 (2008) pp. 435-447
-------- -------- --- Thank You --- -------- --------


++++ PLEASE READ AND CITE THE FOLLOWING REFERENCE ++++
D. van der Spoel, E. Lindahl, B. Hess, G. Groenhof, A. E. Mark and H. J. C.
Berendsen
GROMACS: Fast, Flexible and Free
J. Comp. Chem. 26 (2005) pp. 1701-1719
-------- -------- --- Thank You --- -------- --------


++++ PLEASE READ AND CITE THE FOLLOWING REFERENCE ++++
E. Lindahl and B. Hess and D. van der Spoel
GROMACS 3.0: A package for molecular simulation and trajectory analysis
J. Mol. Mod. 7 (2001) pp. 306-317
-------- -------- --- Thank You --- -------- --------


++++ PLEASE READ AND CITE THE FOLLOWING REFERENCE ++++
H. J. C. Berendsen, D. van der Spoel and R. van Drunen
GROMACS: A message-passing parallel molecular dynamics implementation
Comp. Phys. Comm. 91 (1995) pp. 43-56
-------- -------- --- Thank You --- -------- --------


++++ PLEASE CITE THE DOI FOR THIS VERSION OF GROMACS ++++
https://doi.org/10.5281/zenodo.11148655
-------- -------- --- Thank You --- -------- --------


The number of OpenMP threads was set by environment variable OMP_NUM_THREADS to 1

Input Parameters:
   integrator                     = md
   tinit                          = 0
   dt                             = 0.002
   nsteps                         = 5000000
   init-step                      = 0
   simulation-part                = 1
   mts                            = false
   mass-repartition-factor        = 1
   comm-mode                      = Linear
   nstcomm                        = 100
   bd-fric                        = 0
   ld-seed                        = -1660485642
   emtol                          = 10
   emstep                         = 0.01
   niter                          = 20
   fcstep                         = 0
   nstcgsteep                     = 1000
   nbfgscorr                      = 10
   rtpi                           = 0.05
   nstxout                        = 0
   nstvout                        = 0
   nstfout                        = 0
   nstlog                         = 5000
   nstcalcenergy                  = 100
   nstenergy                      = 5000
   nstxout-compressed             = 5000
   compressed-x-precision         = 1000
   cutoff-scheme                  = Verlet
   nstlist                        = 20
   pbc                            = xyz
   periodic-molecules             = false
   verlet-buffer-tolerance        = 0.005
   verlet-buffer-pressure-tolerance = 0.5
   rlist                          = 1.223
   coulombtype                    = PME
   coulomb-modifier               = Potential-shift
   rcoulomb-switch                = 0
   rcoulomb                       = 1.2
   epsilon-r                      = 1
   epsilon-rf                     = inf
   vdw-type                       = Cut-off
   vdw-modifier                   = Force-switch
   rvdw-switch                    = 1
   rvdw                           = 1.2
   DispCorr                       = EnerPres
   table-extension                = 1
   fourierspacing                 = 0.12
   fourier-nx                     = 40
   fourier-ny                     = 40
   fourier-nz                     = 40
   pme-order                      = 4
   ewald-rtol                     = 1e-05
   ewald-rtol-lj                  = 0.001
   lj-pme-comb-rule               = Geometric
   ewald-geometry                 = 3d
   epsilon-surface                = 0
   ensemble-temperature-setting   = constant
   ensemble-temperature           = 300
   tcoupl                         = V-rescale
   nsttcouple                     = 10
   nh-chain-length                = 0
   print-nose-hoover-chain-variables = false
   pcoupl                         = Parrinello-Rahman
   pcoupltype                     = Isotropic
   nstpcouple                     = 50
   tau-p                          = 2
   compressibility (3x3):
      compressibility[    0]={ 4.50000e-05,  0.00000e+00,  0.00000e+00}
      compressibility[    1]={ 0.00000e+00,  4.50000e-05,  0.00000e+00}
      compressibility[    2]={ 0.00000e+00,  0.00000e+00,  4.50000e-05}
   ref-p (3x3):
      ref-p[    0]={ 1.00000e+00,  0.00000e+00,  0.00000e+00}
      ref-p[    1]={ 0.00000e+00,  1.00000e+00,  0.00000e+00}
      ref-p[    2]={ 0.00000e+00,  0.00000e+00,  1.00000e+00}
   refcoord-scaling               = No
   posres-com (3):
      posres-com[0]= 0.00000e+00
      posres-com[1]= 0.00000e+00
      posres-com[2]= 0.00000e+00
   posres-comB (3):
      posres-comB[0]= 0.00000e+00
      posres-comB[1]= 0.00000e+00
      posres-comB[2]= 0.00000e+00
   QMMM                           = false
qm-opts:
   ngQM                           = 0
   constraint-algorithm           = Lincs
   continuation                   = true
   Shake-SOR                      = false
   shake-tol                      = 0.0001
   lincs-order                    = 4
   lincs-iter                     = 1
   lincs-warnangle                = 30
   nwall                          = 0
   wall-type                      = 9-3
   wall-r-linpot                  = -1
   wall-atomtype[0]               = -1
   wall-atomtype[1]               = -1
   wall-density[0]                = 0
   wall-density[1]                = 0
   wall-ewald-zfac                = 3
   pull                           = false
   awh                            = false
   rotation                       = false
   interactiveMD                  = false
   disre                          = No
   disre-weighting                = Conservative
   disre-mixed                    = false
   dr-fc                          = 1000
   dr-tau                         = 0
   nstdisreout                    = 100
   orire-fc                       = 0
   orire-tau                      = 0
   nstorireout                    = 100
   free-energy                    = no
   cos-acceleration               = 0
   deform (3x3):
      deform[    0]={ 0.00000e+00,  0.00000e+00,  0.00000e+00}
      deform[    1]={ 0.00000e+00,  0.00000e+00,  0.00000e+00}
      deform[    2]={ 0.00000e+00,  0.00000e+00,  0.00000e+00}
   simulated-tempering            = false
   swapcoords                     = no
   userint1                       = 0
   userint2                       = 0
   userint3                       = 0
   userint4                       = 0
   userreal1                      = 0
   userreal2                      = 0
   userreal3                      = 0
   userreal4                      = 0
   applied-forces:
     electric-field:
       x:
         E0                       = 0
         omega                    = 0
         t0                       = 0
         sigma                    = 0
       y:
         E0                       = 0
         omega                    = 0
         t0                       = 0
         sigma                    = 0
       z:
         E0                       = 0
         omega                    = 0
         t0                       = 0
         sigma                    = 0
     density-guided-simulation:
       active                     = false
       group                      = protein
       similarity-measure         = inner-product
       atom-spreading-weight      = unity
       force-constant             = 1e+09
       gaussian-transform-spreading-width = 0.2
       gaussian-transform-spreading-range-in-multiples-of-width = 4
       reference-density-filename = reference.mrc
       nst                        = 1
       normalize-densities        = true
       adaptive-force-scaling     = false
       adaptive-force-scaling-time-constant = 4
       shift-vector               = 
       transformation-matrix      = 
     qmmm-cp2k:
       active                     = false
       qmgroup                    = System
       qmmethod                   = PBE
       qmfilenames                = 
       qmcharge                   = 0
       qmmultiplicity             = 1
     colvars:
       active                     = false
       configfile                 = 
       seed                       = -1
grpopts:
   nrdf:       11982
   ref-t:         300
   tau-t:         0.1
annealing:          No
annealing-npoints:           0
   acc:	           0           0           0
   nfreeze:           N           N           N
   energygrp-flags[  0]: 0

Changing nstlist from 20 to 100, rlist from 1.223 to 1.345

When checking whether update groups are usable:
  Domain decomposition is not active, so there is no need for update groups
1 GPU selected for this run.
Mapping of GPU IDs to the 24 GPU tasks in the 12 ranks on this node:
  PP:0,PME:0,PP:0,PME:0,PP:0,PME:0,PP:0,PME:0,PP:0,PME:0,PP:0,PME:0,PP:0,PME:0,PP:0,PME:0,PP:0,PME:0,PP:0,PME:0,PP:0,PME:0,PP:0,PME:0
PP tasks will do (non-perturbed) short-ranged interactions on the GPU
PP task will update and constrain coordinates on the GPU
PME tasks will do all aspects on the GPU

This is simulation 0 out of 12 running as a composite GROMACS
multi-simulation job. Setup for this simulation:

Using 1 MPI process

Non-default thread affinity set, disabling internal thread affinity

Using 1 OpenMP thread 


WARNING: On rank 0: oversubscribing the recommended max load of 8 logical CPUs per node with 12 MPI processes.
         This will cause considerable performance loss.
System total charge: 0.000
Will do PME sum in reciprocal space for electrostatic interactions.

++++ PLEASE READ AND CITE THE FOLLOWING REFERENCE ++++
U. Essmann, L. Perera, M. L. Berkowitz, T. Darden, H. Lee and L. G. Pedersen 
A smooth particle mesh Ewald method
J. Chem. Phys. 103 (1995) pp. 8577-8592
-------- -------- --- Thank You --- -------- --------

Using a Gaussian width (1/beta) of 0.384195 nm for Ewald
Potential shift: LJ r^-12: -2.648e-01 r^-6: -5.349e-01, Ewald -8.333e-06
Initialized non-bonded Coulomb Ewald tables, spacing: 1.02e-03 size: 1176

Generated table with 1172 data points for 1-4 COUL.
Tabscale = 500 points/nm
Generated table with 1172 data points for 1-4 LJ6.
Tabscale = 500 points/nm
Generated table with 1172 data points for 1-4 LJ12.
Tabscale = 500 points/nm

Long Range LJ corr.: <C6> 3.0306e-04


Using GPU 8x8 nonbonded short-range kernels

Using a dual 8x8 pair-list setup updated with dynamic, rolling pruning:
  outer list: updated every 100 steps, buffer 0.145 nm, rlist 1.345 nm
  inner list: updated every  12 steps, buffer 0.004 nm, rlist 1.204 nm
At tolerance 0.005 kJ/mol/ps per atom, equivalent classical 1x1 list would be:
  outer list: updated every 100 steps, buffer 0.298 nm, rlist 1.498 nm
  inner list: updated every  12 steps, buffer 0.053 nm, rlist 1.253 nm

The average pressure is off by at most 0.21 bar due to missing LJ interactions

Initializing LINear Constraint Solver

++++ PLEASE READ AND CITE THE FOLLOWING REFERENCE ++++
B. Hess and H. Bekker and H. J. C. Berendsen and J. G. E. M. Fraaije
LINCS: A Linear Constraint Solver for molecular simulations
J. Comp. Chem. 18 (1997) pp. 1463-1472
-------- -------- --- Thank You --- -------- --------

The number of constraints is 150

++++ PLEASE READ AND CITE THE FOLLOWING REFERENCE ++++
S. Miyamoto and P. A. Kollman
SETTLE: An Analytical Version of the SHAKE and RATTLE Algorithms for Rigid
Water Models
J. Comp. Chem. 13 (1992) pp. 952-962
-------- -------- --- Thank You --- -------- --------


++++ PLEASE READ AND CITE THE FOLLOWING REFERENCE ++++
G. Bussi, D. Donadio and M. Parrinello
Canonical sampling through velocity rescaling
J. Chem. Phys. 126 (2007) pp. 014101
-------- -------- --- Thank You --- -------- --------

There are: 5910 Atoms

Updating coordinates and applying constraints on the GPU.

Initializing Replica Exchange
Repl  There are 12 replicas:
Multi-checking the number of atoms ... OK
Multi-checking the integrator ... OK
Multi-checking init_step+nsteps ... OK
Multi-checking first exchange step: init_step/-replex ... OK
Multi-checking the temperature coupling ... OK
Multi-checking the number of temperature coupling groups ... OK
Multi-checking the pressure coupling ... OK
Multi-checking free energy ... OK
Multi-checking number of lambda states ... OK

++++ PLEASE READ AND CITE THE FOLLOWING REFERENCE ++++
Y. Sugita, Y. Okamoto
Replica-exchange molecular dynamics method for protein folding
Chem. Phys. Lett. 314 (1999) pp. 141-151
-------- -------- --- Thank You --- -------- --------

Repl  Using Constant Pressure REMD.

++++ PLEASE READ AND CITE THE FOLLOWING REFERENCE ++++
T. Okabe and M. Kawata and Y. Okamoto and M. Mikami
Replica-exchange {M}onte {C}arlo method for the isobaric-isothermal ensemble
Chem. Phys. Lett. 335 (2001) pp. 435-439
-------- -------- --- Thank You --- -------- --------


Replica exchange in temperature
 300.0 308.0 316.1 324.5 333.1 341.9 351.0 360.3 369.8 379.6 389.7 400.0

Repl  p  1.00  1.00  1.00  1.00  1.00  1.00  1.00  1.00  1.00  1.00  1.00  1.00
Replica exchange interval: 2000

Replica random seed: 1065348850
Replica exchange information below: ex and x = exchange, pr = probability
Center of mass motion removal mode is Linear
We have the following groups for center of mass motion removal:
  0:  rest

Started mdrun on rank 0 Tue Dec 24 13:01:59 2024

           Step           Time
              0        0.00000

   Energies (kJ/mol)
           Bond          Angle    Proper Dih. Per. Imp. Dih.          LJ-14
    2.58222e+02    5.96408e+02    8.56866e+02    3.63369e+01    2.70497e+02
     Coulomb-14        LJ (SR)  Disper. corr.   Coulomb (SR)   Coul. recip.
    3.59650e+03    1.13085e+04   -5.38930e+02   -9.80922e+04    2.76818e+02
      Potential    Kinetic En.   Total Energy  Conserved En.    Temperature
   -8.14310e+04    1.51605e+04   -6.62705e+04   -6.62669e+04    3.04355e+02
 Pres. DC (bar) Pressure (bar)   Constr. rmsd
   -1.50050e+02    2.01865e+02    0.00000e+00

step 1600: timed with pme grid 40 40 40, coulomb cutoff 1.200: 919.1 M-cycles
step 1800: timed with pme grid 32 32 32, coulomb cutoff 1.371: 1026.1 M-cycles
step 2000: timed with pme grid 28 28 28, coulomb cutoff 1.567: 1053.9 M-cycles
Replica exchange at step 2000 time 4.00000
Repl 0 <-> 1  dE_term =  2.898e+00 (kT)
  dpV = -2.333e-05  d =  2.898e+00
Repl ex  0    1    2    3    4    5    6    7    8 x  9   10 x 11
Repl pr   .06       .01       .00       .01       .84       1.0

step 2200: timed with pme grid 32 32 32, coulomb cutoff 1.371: 1085.0 M-cycles
step 2400: timed with pme grid 36 36 36, coulomb cutoff 1.219: 964.8 M-cycles
step 2600: timed with pme grid 40 40 40, coulomb cutoff 1.200: 934.0 M-cycles
              optimal pme grid 40 40 40, coulomb cutoff 1.200
Replica exchange at step 4000 time 8.00000
Repl ex  0    1    2    3    4    5    6    7    8    9   10   11
Repl pr        .03       .00       .00       .00       .00     

           Step           Time
           5000       10.00000

   Energies (kJ/mol)
           Bond          Angle    Proper Dih. Per. Imp. Dih.          LJ-14
    2.50897e+02    7.11949e+02    8.80600e+02    4.05468e+01    2.72362e+02
     Coulomb-14        LJ (SR)  Disper. corr.   Coulomb (SR)   Coul. recip.
    3.67201e+03    1.07588e+04   -5.44585e+02   -9.74834e+04    2.95189e+02
      Potential    Kinetic En.   Total Energy  Conserved En.    Temperature
   -8.11456e+04    1.46086e+04   -6.65369e+04   -6.59554e+04    2.93276e+02
 Pres. DC (bar) Pressure (bar)   Constr. rmsd
   -1.53213e+02   -5.73782e+02    0.00000e+00

Replica exchange at step 6000 time 12.00000
Repl 0 <-> 1  dE_term =  6.610e+00 (kT)
  dpV =  5.999e-04  d =  6.610e+00
Repl ex  0    1    2    3    4    5    6    7    8    9   10   11
Repl pr   .00       .00       .00       .00       .00       .00

Replica exchange at step 8000 time 16.00000
Repl ex  0    1    2    3    4    5    6    7    8    9 x 10   11
Repl pr        .00       .00       .00       .00       1.0     

           Step           Time
          10000       20.00000

   Energies (kJ/mol)
           Bond          Angle    Proper Dih. Per. Imp. Dih.          LJ-14
    2.40699e+02    6.81440e+02    8.58717e+02    3.17136e+01    2.94171e+02
     Coulomb-14        LJ (SR)  Disper. corr.   Coulomb (SR)   Coul. recip.
    3.59748e+03    1.16657e+04   -5.42491e+02   -9.81216e+04    2.95074e+02
      Potential    Kinetic En.   Total Energy  Conserved En.    Temperature
   -8.09991e+04    1.49281e+04   -6.60710e+04   -6.57369e+04    2.99690e+02
 Pres. DC (bar) Pressure (bar)   Constr. rmsd
   -1.52038e+02    7.19169e+02    0.00000e+00

Replica exchange at step 10000 time 20.00000
Repl 0 <-> 1  dE_term =  6.600e+00 (kT)
  dpV =  1.243e-03  d =  6.601e+00
Repl ex  0    1    2    3    4    5    6    7    8    9   10   11
Repl pr   .00       .00       .00       .00       .00       .00

Replica exchange at step 12000 time 24.00000
Repl ex  0    1    2    3    4    5    6    7 x  8    9   10   11
Repl pr        .00       .00       .00       1.0       .00     

Replica exchange at step 14000 time 28.00000
Repl 0 <-> 1  dE_term =  1.066e+01 (kT)
  dpV =  4.383e-05  d =  1.066e+01
Repl ex  0    1    2    3    4    5    6    7    8    9   10   11
Repl pr   .00       .00       .01       .00       .00       .00

           Step           Time
          15000       30.00000

   Energies (kJ/mol)
           Bond          Angle    Proper Dih. Per. Imp. Dih.          LJ-14
    2.79494e+02    7.29698e+02    8.22070e+02    3.47736e+01    2.62518e+02
     Coulomb-14        LJ (SR)  Disper. corr.   Coulomb (SR)   Coul. recip.
    3.64908e+03    1.08408e+04   -5.47838e+02   -9.75808e+04    3.36341e+02
      Potential    Kinetic En.   Total Energy  Conserved En.    Temperature
   -8.11738e+04    1.49705e+04   -6.62033e+04   -6.56311e+04    3.00540e+02
 Pres. DC (bar) Pressure (bar)   Constr. rmsd
   -1.55047e+02   -3.22548e+02    0.00000e+00

Replica exchange at step 16000 time 32.00000
Repl ex  0    1    2    3    4    5    6    7    8    9   10   11
Repl pr        .00       .00       .04       .00       .00     

Replica exchange at step 18000 time 36.00000
Repl 0 <-> 1  dE_term =  1.110e+01 (kT)
  dpV =  1.302e-03  d =  1.110e+01
Repl ex  0    1    2    3    4    5    6    7    8    9   10   11
Repl pr   .00       .00       .17       .00       .00       .00

           Step           Time
          20000       40.00000

   Energies (kJ/mol)
           Bond          Angle    Proper Dih. Per. Imp. Dih.          LJ-14
    2.56050e+02    6.98187e+02    8.80756e+02    4.48915e+01    2.78429e+02
     Coulomb-14        LJ (SR)  Disper. corr.   Coulomb (SR)   Coul. recip.
    3.59884e+03    1.13112e+04   -5.33136e+02   -9.81090e+04    3.17990e+02
      Potential    Kinetic En.   Total Energy  Conserved En.    Temperature
   -8.12559e+04    1.50275e+04   -6.62284e+04   -6.53437e+04    3.01684e+02
 Pres. DC (bar) Pressure (bar)   Constr. rmsd
   -1.46844e+02   -1.93063e+02    0.00000e+00

Replica exchange at step 20000 time 40.00000
Repl ex  0    1    2    3    4    5    6    7    8    9   10   11
Repl pr        .00       .00       .00       .00       .00     

Replica exchange at step 22000 time 44.00000
Repl 0 <-> 1  dE_term =  1.459e+01 (kT)
  dpV =  1.077e-03  d =  1.460e+01
Repl ex  0    1    2 x  3    4    5    6    7    8    9   10   11
Repl pr   .00       1.0       .00       .00       .00       .01

Replica exchange at step 24000 time 48.00000
Repl ex  0    1    2    3    4    5    6    7    8    9 x 10   11
Repl pr        .00       .01       .01       .01       1.0     

           Step           Time
          25000       50.00000

   Energies (kJ/mol)
           Bond          Angle    Proper Dih. Per. Imp. Dih.          LJ-14
    2.15909e+02    6.51013e+02    8.65556e+02    4.92485e+01    2.74648e+02
     Coulomb-14        LJ (SR)  Disper. corr.   Coulomb (SR)   Coul. recip.
    3.64685e+03    1.09569e+04   -5.44215e+02   -9.74622e+04    3.11919e+02
      Potential    Kinetic En.   Total Energy  Conserved En.    Temperature
   -8.10344e+04    1.49734e+04   -6.60610e+04   -6.52658e+04    3.00598e+02
 Pres. DC (bar) Pressure (bar)   Constr. rmsd
   -1.53005e+02   -2.18348e+02    0.00000e+00

Replica exchange at step 26000 time 52.00000
Repl 0 <-> 1  dE_term =  1.599e+01 (kT)
  dpV =  5.300e-04  d =  1.599e+01
Repl ex  0    1    2    3    4    5    6 x  7    8    9   10   11
Repl pr   .00       .00       .01       1.0       .00       .00

Replica exchange at step 28000 time 56.00000
Repl ex  0    1    2    3    4    5    6    7    8    9   10   11
Repl pr        .00       .00       .00       .00       .00     

           Step           Time
          30000       60.00000

   Energies (kJ/mol)
           Bond          Angle    Proper Dih. Per. Imp. Dih.          LJ-14
    2.42769e+02    5.74716e+02    8.73644e+02    4.49671e+01    2.70596e+02
     Coulomb-14        LJ (SR)  Disper. corr.   Coulomb (SR)   Coul. recip.
    3.66199e+03    1.11954e+04   -5.39072e+02   -9.81749e+04    3.10559e+02
      Potential    Kinetic En.   Total Energy  Conserved En.    Temperature
   -8.15393e+04    1.48540e+04   -6.66853e+04   -6.48828e+04    2.98202e+02
 Pres. DC (bar) Pressure (bar)   Constr. rmsd
   -1.50130e+02   -3.36983e+02    0.00000e+00

Replica exchange at step 30000 time 60.00000
Repl 0 <-> 1  dE_term =  1.529e+01 (kT)
  dpV =  3.269e-04  d =  1.529e+01
Repl ex  0    1    2    3    4    5    6    7    8    9   10   11
Repl pr   .00       .00       .00       .04       .32       .00

Replica exchange at step 32000 time 64.00000
Repl ex  0    1    2    3 x  4    5    6    7    8    9 x 10   11
Repl pr        .00       1.0       .00       .03       1.0     

Replica exchange at step 34000 time 68.00000
Repl 0 <-> 1  dE_term =  1.596e+01 (kT)
  dpV =  2.712e-04  d =  1.596e+01
Repl ex  0    1    2    3    4    5    6    7    8    9   10   11
Repl pr   .00       .00       .00       .00       .02       .00

           Step           Time
          35000       70.00000

   Energies (kJ/mol)
           Bond          Angle    Proper Dih. Per. Imp. Dih.          LJ-14
    2.46318e+02    7.22785e+02    8.92201e+02    6.41399e+01    2.79385e+02
     Coulomb-14        LJ (SR)  Disper. corr.   Coulomb (SR)   Coul. recip.
    3.62253e+03    1.13895e+04   -5.38958e+02   -9.81499e+04    3.07785e+02
      Potential    Kinetic En.   Total Energy  Conserved En.    Temperature
   -8.11642e+04    1.48961e+04   -6.62680e+04   -6.44443e+04    2.99048e+02
 Pres. DC (bar) Pressure (bar)   Constr. rmsd
   -1.50066e+02    5.64599e+01    0.00000e+00

Replica exchange at step 36000 time 72.00000
Repl ex  0    1    2    3    4    5    6    7    8    9   10   11
Repl pr        .00       .00       .00       .00       .00     

Replica exchange at step 38000 time 76.00000
Repl 0 <-> 1  dE_term =  3.727e-01 (kT)
  dpV = -1.175e-04  d =  3.726e-01
Repl ex  0    1    2    3    4    5    6    7    8    9   10   11
Repl pr   .69       .00       .00       .00       .00       .00

           Step           Time
          40000       80.00000

   Energies (kJ/mol)
           Bond          Angle    Proper Dih. Per. Imp. Dih.          LJ-14
    2.53168e+02    6.33520e+02    8.70736e+02    3.65164e+01    2.70402e+02
     Coulomb-14        LJ (SR)  Disper. corr.   Coulomb (SR)   Coul. recip.
    3.64209e+03    1.16190e+04   -5.44547e+02   -9.76854e+04    2.72791e+02
      Potential    Kinetic En.   Total Energy  Conserved En.    Temperature
   -8.06318e+04    1.50106e+04   -6.56212e+04   -6.43641e+04    3.01345e+02
 Pres. DC (bar) Pressure (bar)   Constr. rmsd
   -1.53192e+02    6.24007e+02    0.00000e+00

Replica exchange at step 40000 time 80.00000
Repl ex  0    1    2    3    4    5    6    7    8    9   10   11
Repl pr        .03       .00       .00       .00       .00     

Replica exchange at step 42000 time 84.00000
Repl 0 <-> 1  dE_term =  4.690e+00 (kT)
  dpV = -2.635e-04  d =  4.689e+00
Repl ex  0    1    2    3    4    5    6    7    8    9   10   11
Repl pr   .01       .15       .00       .00       .00       .05

Replica exchange at step 44000 time 88.00000
Repl ex  0    1    2    3    4    5    6    7    8    9 x 10   11
Repl pr        .02       .00       .01       .00       1.0     

           Step           Time
          45000       90.00000

   Energies (kJ/mol)
           Bond          Angle    Proper Dih. Per. Imp. Dih.          LJ-14
    2.30936e+02    6.47361e+02    8.57046e+02    3.06068e+01    2.70541e+02
     Coulomb-14        LJ (SR)  Disper. corr.   Coulomb (SR)   Coul. recip.
    3.68013e+03    1.16517e+04   -5.56535e+02   -9.85398e+04    2.95290e+02
      Potential    Kinetic En.   Total Energy  Conserved En.    Temperature
   -8.14328e+04    1.49010e+04   -6.65318e+04   -6.42433e+04    2.99145e+02
 Pres. DC (bar) Pressure (bar)   Constr. rmsd
   -1.60005e+02    6.04964e+02    0.00000e+00

Replica exchange at step 46000 time 92.00000
Repl 0 <-> 1  dE_term =  1.111e+01 (kT)
  dpV =  9.337e-04  d =  1.111e+01
Repl ex  0    1    2    3    4    5    6    7    8    9   10   11
Repl pr   .00       .10       .00       .00       .00       .00

Replica exchange at step 48000 time 96.00000
Repl ex  0    1    2    3    4    5    6    7 x  8    9   10   11
Repl pr        .02       .00       .00       1.0       .00     

           Step           Time
          50000      100.00000

   Energies (kJ/mol)
           Bond          Angle    Proper Dih. Per. Imp. Dih.          LJ-14
    2.91269e+02    6.90250e+02    8.52022e+02    3.57106e+01    2.95890e+02
     Coulomb-14        LJ (SR)  Disper. corr.   Coulomb (SR)   Coul. recip.
    3.67794e+03    1.13622e+04   -5.47083e+02   -9.80444e+04    3.33201e+02
      Potential    Kinetic En.   Total Energy  Conserved En.    Temperature
   -8.10530e+04    1.50812e+04   -6.59718e+04   -6.40410e+04    3.02763e+02
 Pres. DC (bar) Pressure (bar)   Constr. rmsd
   -1.54621e+02    4.05822e+02    0.00000e+00

Replica exchange at step 50000 time 100.00000
Repl 0 <-> 1  dE_term =  6.525e+00 (kT)
  dpV =  4.569e-04  d =  6.525e+00
Repl ex  0    1    2    3    4    5    6    7    8    9   10 x 11
Repl pr   .00       .00       .03       .00       .00       1.0

Replica exchange at step 52000 time 104.00000
Repl ex  0    1    2    3    4    5    6    7    8    9   10   11
Repl pr        .01       .03       .00       .00       .00     

Replica exchange at step 54000 time 108.00000
Repl 0 <-> 1  dE_term =  8.663e+00 (kT)
  dpV =  5.174e-05  d =  8.663e+00
Repl ex  0    1    2    3    4    5    6    7    8    9   10   11
Repl pr   .00       .00       .00       .00       .00       .00

           Step           Time
          55000      110.00000

   Energies (kJ/mol)
           Bond          Angle    Proper Dih. Per. Imp. Dih.          LJ-14
    2.60132e+02    5.92495e+02    8.60270e+02    4.77894e+01    2.75122e+02
     Coulomb-14        LJ (SR)  Disper. corr.   Coulomb (SR)   Coul. recip.
    3.67086e+03    1.12881e+04   -5.40903e+02   -9.78100e+04    3.11015e+02
      Potential    Kinetic En.   Total Energy  Conserved En.    Temperature
   -8.10451e+04    1.47055e+04   -6.63396e+04   -6.37448e+04    2.95220e+02
 Pres. DC (bar) Pressure (bar)   Constr. rmsd
   -1.51151e+02    2.34916e+01    0.00000e+00

Replica exchange at step 56000 time 112.00000
Repl ex  0    1    2    3    4    5    6    7    8    9   10   11
Repl pr        .00       .00       .00       .00       .00     

Replica exchange at step 58000 time 116.00000
Repl 0 <-> 1  dE_term = -1.444e+00 (kT)
  dpV =  1.347e-04  d = -1.444e+00
Repl ex  0 x  1    2    3    4    5    6    7    8    9   10   11
Repl pr   1.0       .01       .00       .00       .00       .00

           Step           Time
          60000      120.00000

   Energies (kJ/mol)
           Bond          Angle    Proper Dih. Per. Imp. Dih.          LJ-14
    2.20747e+02    6.03286e+02    8.84896e+02    4.39033e+01    3.12530e+02
     Coulomb-14        LJ (SR)  Disper. corr.   Coulomb (SR)   Coul. recip.
    3.72245e+03    1.10636e+04   -5.36770e+02   -9.79034e+04    3.18839e+02
      Potential    Kinetic En.   Total Energy  Conserved En.    Temperature
   -8.12699e+04    1.50650e+04   -6.62049e+04   -6.37307e+04    3.02438e+02
 Pres. DC (bar) Pressure (bar)   Constr. rmsd
   -1.48851e+02    4.22735e+01    0.00000e+00

Replica exchange at step 60000 time 120.00000
Repl ex  0    1    2    3 x  4    5    6    7    8    9   10   11
Repl pr        .00       1.0       .00       .00       .00     

Replica exchange at step 62000 time 124.00000
Repl 0 <-> 1  dE_term =  1.030e+01 (kT)
  dpV =  5.854e-04  d =  1.030e+01
Repl ex  0    1    2    3    4    5    6    7    8    9   10   11
Repl pr   .00       .00       .00       .00       .38       .00

Replica exchange at step 64000 time 128.00000
Repl ex  0    1    2    3    4    5 x  6    7    8    9   10   11
Repl pr        .00       .00       .80       .00       .00     

           Step           Time
          65000      130.00000

   Energies (kJ/mol)
           Bond          Angle    Proper Dih. Per. Imp. Dih.          LJ-14
    2.14883e+02    6.88229e+02    8.58186e+02    3.40595e+01    2.96451e+02
     Coulomb-14        LJ (SR)  Disper. corr.   Coulomb (SR)   Coul. recip.
    3.68809e+03    1.12771e+04   -5.46376e+02   -9.81583e+04    2.95974e+02
      Potential    Kinetic En.   Total Energy  Conserved En.    Temperature
   -8.13517e+04    1.53848e+04   -6.59668e+04   -6.35339e+04    3.08858e+02
 Pres. DC (bar) Pressure (bar)   Constr. rmsd
   -1.54222e+02    3.35009e+02    0.00000e+00

Replica exchange at step 66000 time 132.00000
Repl 0 <-> 1  dE_term =  8.920e+00 (kT)
  dpV = -5.276e-05  d =  8.920e+00
Repl ex  0    1    2    3    4    5    6    7    8    9   10   11
Repl pr   .00       .01       .00       .00       .00       .00

Replica exchange at step 68000 time 136.00000
Repl ex  0    1 x  2    3 x  4    5    6    7    8    9   10   11
Repl pr        .85       1.0       .16       .00       .00     

           Step           Time
          70000      140.00000

   Energies (kJ/mol)
           Bond          Angle    Proper Dih. Per. Imp. Dih.          LJ-14
    2.61590e+02    6.23461e+02    8.88722e+02    5.28556e+01    2.81197e+02
     Coulomb-14        LJ (SR)  Disper. corr.   Coulomb (SR)   Coul. recip.
    3.63520e+03    1.14620e+04   -5.44575e+02   -9.80082e+04    3.21599e+02
      Potential    Kinetic En.   Total Energy  Conserved En.    Temperature
   -8.10261e+04    1.48653e+04   -6.61609e+04   -6.32658e+04    2.98428e+02
 Pres. DC (bar) Pressure (bar)   Constr. rmsd
   -1.53208e+02    4.84969e+02    0.00000e+00

Replica exchange at step 70000 time 140.00000
Repl 0 <-> 1  dE_term =  1.490e+00 (kT)
  dpV =  3.538e-04  d =  1.490e+00
Repl ex  0    1    2    3    4    5    6    7    8    9   10   11
Repl pr   .23       .00       .00       .00       .00       .00

Replica exchange at step 72000 time 144.00000
Repl ex  0    1    2    3    4    5    6    7    8    9   10   11
Repl pr        .00       .23       .00       .02       .06     

Replica exchange at step 74000 time 148.00000
Repl 0 <-> 1  dE_term =  4.660e+00 (kT)
  dpV = -2.811e-04  d =  4.659e+00
Repl ex  0    1    2    3    4    5    6    7    8    9   10   11
Repl pr   .01       .02       .00       .00       .01       .00

           Step           Time
          75000      150.00000

   Energies (kJ/mol)
           Bond          Angle    Proper Dih. Per. Imp. Dih.          LJ-14
    2.23210e+02    5.88042e+02    9.06290e+02    3.86105e+01    3.07946e+02
     Coulomb-14        LJ (SR)  Disper. corr.   Coulomb (SR)   Coul. recip.
    3.68633e+03    1.07420e+04   -5.33438e+02   -9.73841e+04    3.07743e+02
      Potential    Kinetic En.   Total Energy  Conserved En.    Temperature
   -8.11174e+04    1.52252e+04   -6.58922e+04   -6.31259e+04    3.05653e+02
 Pres. DC (bar) Pressure (bar)   Constr. rmsd
   -1.47011e+02   -5.99231e+02    0.00000e+00

Replica exchange at step 76000 time 152.00000
Repl ex  0    1    2    3    4    5    6    7 x  8    9   10   11
Repl pr        .00       .01       .01       1.0       .00     

Replica exchange at step 78000 time 156.00000
Repl 0 <-> 1  dE_term =  1.229e+01 (kT)
  dpV =  9.857e-04  d =  1.229e+01
Repl ex  0    1    2    3    4    5    6    7    8    9   10   11
Repl pr   .00       .00       .00       .00       .00       .00

           Step           Time
          80000      160.00000

   Energies (kJ/mol)
           Bond          Angle    Proper Dih. Per. Imp. Dih.          LJ-14
    2.42115e+02    6.10942e+02    8.37487e+02    2.68439e+01    2.84416e+02
     Coulomb-14        LJ (SR)  Disper. corr.   Coulomb (SR)   Coul. recip.
    3.66135e+03    1.12759e+04   -5.40641e+02   -9.77860e+04    3.14270e+02
      Potential    Kinetic En.   Total Energy  Conserved En.    Temperature
   -8.10733e+04    1.48385e+04   -6.62347e+04   -6.27755e+04    2.97891e+02
 Pres. DC (bar) Pressure (bar)   Constr. rmsd
   -1.51004e+02   -4.45853e+01    0.00000e+00

Replica exchange at step 80000 time 160.00000
Repl ex  0    1    2    3    4    5    6    7    8    9   10   11
Repl pr        .03       .00       .00       .00       .00     

Replica exchange at step 82000 time 164.00000
Repl 0 <-> 1  dE_term =  8.347e+00 (kT)
  dpV =  1.503e-04  d =  8.347e+00
Repl ex  0    1    2    3    4 x  5    6    7    8    9   10 x 11
Repl pr   .00       .08       1.0       .01       .00       1.0

Replica exchange at step 84000 time 168.00000
Repl ex  0    1    2    3    4    5    6    7    8    9   10   11
Repl pr        .00       .02       .01       .00       .00     

           Step           Time
          85000      170.00000

   Energies (kJ/mol)
           Bond          Angle    Proper Dih. Per. Imp. Dih.          LJ-14
    2.35662e+02    5.88452e+02    8.69988e+02    3.00192e+01    2.86026e+02
     Coulomb-14        LJ (SR)  Disper. corr.   Coulomb (SR)   Coul. recip.
    3.57689e+03    1.12105e+04   -5.33940e+02   -9.71482e+04    2.98927e+02
      Potential    Kinetic En.   Total Energy  Conserved En.    Temperature
   -8.05856e+04    1.47424e+04   -6.58432e+04   -6.23749e+04    2.95961e+02
 Pres. DC (bar) Pressure (bar)   Constr. rmsd
   -1.47287e+02   -3.44258e+01    0.00000e+00

Replica exchange at step 86000 time 172.00000
Repl 0 <-> 1  dE_term =  1.361e+01 (kT)
  dpV = -1.254e-05  d =  1.361e+01
Repl ex  0    1    2    3    4    5    6    7    8    9   10   11
Repl pr   .00       .16       .00       .00       .00       .01

Replica exchange at step 88000 time 176.00000
Repl ex  0    1    2    3    4    5    6    7    8    9   10   11
Repl pr        .00       .08       .00       .00       .00     

           Step           Time
          90000      180.00000

   Energies (kJ/mol)
           Bond          Angle    Proper Dih. Per. Imp. Dih.          LJ-14
    2.40974e+02    6.66711e+02    8.57527e+02    4.63118e+01    2.71956e+02
     Coulomb-14        LJ (SR)  Disper. corr.   Coulomb (SR)   Coul. recip.
    3.64034e+03    1.11031e+04   -5.46491e+02   -9.77662e+04    3.06932e+02
      Potential    Kinetic En.   Total Energy  Conserved En.    Temperature
   -8.11788e+04    1.50210e+04   -6.61578e+04   -6.22644e+04    3.01554e+02
 Pres. DC (bar) Pressure (bar)   Constr. rmsd
   -1.54287e+02   -3.31822e+01    0.00000e+00

Replica exchange at step 90000 time 180.00000
Repl 0 <-> 1  dE_term =  1.512e+01 (kT)
  dpV =  2.159e-03  d =  1.512e+01
Repl ex  0    1    2 x  3    4    5    6 x  7    8    9   10   11
Repl pr   .00       .21       .02       1.0       .00       .00

Replica exchange at step 92000 time 184.00000
Repl ex  0    1    2    3    4    5    6    7    8    9   10   11
Repl pr        .11       .16       .00       .00       .00     

Replica exchange at step 94000 time 188.00000
Repl 0 <-> 1  dE_term =  4.475e+00 (kT)
  dpV =  8.152e-04  d =  4.475e+00
Repl ex  0    1    2    3    4    5    6    7    8 x  9   10   11
Repl pr   .01       .00       .00       .00       1.0       .00

           Step           Time
          95000      190.00000

   Energies (kJ/mol)
           Bond          Angle    Proper Dih. Per. Imp. Dih.          LJ-14
    2.15598e+02    6.27547e+02    8.61387e+02    4.21758e+01    2.90215e+02
     Coulomb-14        LJ (SR)  Disper. corr.   Coulomb (SR)   Coul. recip.
    3.70491e+03    1.13277e+04   -5.43005e+02   -9.80897e+04    2.86377e+02
      Potential    Kinetic En.   Total Energy  Conserved En.    Temperature
   -8.12768e+04    1.47192e+04   -6.65576e+04   -6.18193e+04    2.95495e+02
 Pres. DC (bar) Pressure (bar)   Constr. rmsd
   -1.52326e+02   -4.98261e+01    0.00000e+00

Replica exchange at step 96000 time 192.00000
Repl ex  0    1    2    3    4    5    6    7    8    9   10   11
Repl pr        .00       .00       .04       .03       .00     

Replica exchange at step 98000 time 196.00000
Repl 0 <-> 1  dE_term = -3.559e-01 (kT)
  dpV = -1.647e-03  d = -3.576e-01
Repl ex  0 x  1    2    3    4    5    6    7    8    9   10   11
Repl pr   1.0       .00       .01       .02       .00       .00

           Step           Time
         100000      200.00000

   Energies (kJ/mol)
           Bond          Angle    Proper Dih. Per. Imp. Dih.          LJ-14
    2.74343e+02    5.97666e+02    8.93321e+02    5.08530e+01    2.67280e+02
     Coulomb-14        LJ (SR)  Disper. corr.   Coulomb (SR)   Coul. recip.
    3.61151e+03    1.17330e+04   -5.53692e+02   -9.87243e+04    3.03109e+02
      Potential    Kinetic En.   Total Energy  Conserved En.    Temperature
   -8.15470e+04    1.50560e+04   -6.64910e+04   -6.09434e+04    3.02256e+02
 Pres. DC (bar) Pressure (bar)   Constr. rmsd
   -1.58376e+02    7.05997e+02    0.00000e+00

Replica exchange at step 100000 time 200.00000
Repl ex  0    1 x  2    3    4    5 x  6    7    8    9   10   11
Repl pr        .64       .01       .40       .00       .00     

Replica exchange at step 102000 time 204.00000
Repl 0 <-> 1  dE_term =  7.080e-01 (kT)
  dpV = -1.801e-05  d =  7.080e-01
Repl ex  0 x  1    2    3    4    5    6    7    8    9   10   11
Repl pr   .49       .06       .00       .00       .00       .00

Replica exchange at step 104000 time 208.00000
Repl ex  0    1    2    3    4    5    6    7 x  8    9   10   11
Repl pr        .00       .00       .00       1.0       .00     

           Step           Time
         105000      210.00000

   Energies (kJ/mol)
           Bond          Angle    Proper Dih. Per. Imp. Dih.          LJ-14
    2.44432e+02    6.22689e+02    8.49539e+02    2.46284e+01    2.99047e+02
     Coulomb-14        LJ (SR)  Disper. corr.   Coulomb (SR)   Coul. recip.
    3.73519e+03    1.12451e+04   -5.38167e+02   -9.80969e+04    2.95053e+02
      Potential    Kinetic En.   Total Energy  Conserved En.    Temperature
   -8.13194e+04    1.49770e+04   -6.63424e+04   -6.14543e+04    3.00671e+02
 Pres. DC (bar) Pressure (bar)   Constr. rmsd
   -1.49626e+02   -1.59768e+02    0.00000e+00

Replica exchange at step 106000 time 212.00000
Repl 0 <-> 1  dE_term =  1.023e+01 (kT)
  dpV = -4.931e-06  d =  1.023e+01
Repl ex  0    1    2    3    4    5    6    7    8    9   10 x 11
Repl pr   .00       .00       .11       .01       .00       1.0

Replica exchange at step 108000 time 216.00000
Repl ex  0    1    2    3    4    5    6    7    8    9   10   11
Repl pr        .00       .00       .00       .00       .00     

           Step           Time
         110000      220.00000

   Energies (kJ/mol)
           Bond          Angle    Proper Dih. Per. Imp. Dih.          LJ-14
    2.50704e+02    6.40596e+02    8.58527e+02    4.97320e+01    3.09708e+02
     Coulomb-14        LJ (SR)  Disper. corr.   Coulomb (SR)   Coul. recip.
    3.72141e+03    1.17306e+04   -5.52511e+02   -9.91828e+04    3.17492e+02
      Potential    Kinetic En.   Total Energy  Conserved En.    Temperature
   -8.18565e+04    1.47807e+04   -6.70758e+04   -6.12724e+04    2.96730e+02
 Pres. DC (bar) Pressure (bar)   Constr. rmsd
   -1.57702e+02    7.06789e+02    0.00000e+00

Replica exchange at step 110000 time 220.00000
Repl 0 <-> 1  dE_term =  1.436e+01 (kT)
  dpV =  8.582e-04  d =  1.436e+01
Repl ex  0    1    2    3    4    5    6    7    8    9   10   11
Repl pr   .00       .01       .00       .00       .00       .00

