Building DAG of jobs...
Using shell: /usr/bin/bash
Provided cores: 96
Rules claiming more threads will be scaled down.
Provided resources: gpu=1
Job stats:
job                 count    min threads    max threads
----------------  -------  -------------  -------------
all                     1              1              1
analyze_output          1              1              1
center_system           1              1              1
prepare_molecule        1              1              1
run_remd                1              1              1
total                   5              1              1

Select jobs to execute...

[Sun Dec 22 05:51:24 2024]
rule prepare_molecule:
    output: temperatures.txt
    jobid: 4
    resources: tmpdir=/tmp

[Sun Dec 22 05:52:13 2024]
Finished job 4.
1 of 5 steps (20%) done
Select jobs to execute...

[Sun Dec 22 05:52:13 2024]
rule run_remd:
    input: temperatures.txt
    output: replicas/replica_001/remd.log
    jobid: 3
    resources: tmpdir=/tmp

[Sun Dec 22 08:05:14 2024]
Finished job 3.
2 of 5 steps (40%) done
Select jobs to execute...

[Sun Dec 22 08:05:14 2024]
rule center_system:
    input: replicas/replica_001/remd.log
    output: output/final_pdbs/replica_001_final_structure.pdb
    jobid: 2
    resources: tmpdir=/tmp

[Sun Dec 22 08:05:44 2024]
Finished job 2.
3 of 5 steps (60%) done
Select jobs to execute...

[Sun Dec 22 08:05:44 2024]
rule analyze_output:
    input: output/final_pdbs/replica_001_final_structure.pdb
    output: output/plots/temperature_mixing.png
    jobid: 1
    resources: tmpdir=/tmp

[Sun Dec 22 08:07:12 2024]
Finished job 1.
4 of 5 steps (80%) done
Select jobs to execute...

[Sun Dec 22 08:07:12 2024]
localrule all:
    input: output/plots/temperature_mixing.png
    jobid: 0
    resources: tmpdir=/tmp

[Sun Dec 22 08:07:12 2024]
Finished job 0.
5 of 5 steps (100%) done
Complete log: /workspace/.snakemake/log/2024-12-22T055123.840142.snakemake.log
