                      :-) GROMACS - gmx mdrun, 2024.2 (-:

Copyright 1991-2024 The GROMACS Authors.
GROMACS is free software; you can redistribute it and/or modify it
under the terms of the GNU Lesser General Public License
as published by the Free Software Foundation; either version 2.1
of the License, or (at your option) any later version.

                         Current GROMACS contributors:
       Mark Abraham           Andrey Alekseenko           Vladimir Basov      
      Cathrine Bergh            Eliane Briand               Ania Brown        
      Mahesh Doijade            Giacomo Fiorin          Stefan Fleischmann    
      Sergey Gorelov         Gilles Gouaillardet            Alan Gray         
     M. Eric Irrgang         Farzaneh Jalalypour            Joe Jordan        
     Carsten Kutzner           Justin A. Lemkul          Magnus Lundborg      
       Pascal Merz              Vedran Miletic            Dmitry Morozov      
       Julien Nabet              Szilard Pall        Andrea Pasquadibisceglie 
    Michele Pellegrino          Hubert Santuz             Roland Schulz       
     Tatiana Shugaeva          Alexey Shvetsov            Philip Turner       
     Alessandra Villa      Sebastian Wingbermuehle  

                         Previous GROMACS contributors:
        Emile Apol             Rossen Apostolov           James Barnett       
        Paul Bauer          Herman J.C. Berendsen          Par Bjelkmar       
      Christian Blau          Viacheslav Bolnykh            Kevin Boyd        
    Aldert van Buuren          Carlo Camilloni           Rudi van Drunen      
      Anton Feenstra           Oliver Fleetwood            Vytas Gapsys       
       Gaurav Garg             Gerrit Groenhof            Bert de Groot       
      Anca Hamuraru           Vincent Hindriksen          Victor Holanda      
     Aleksei Iupinov          Christoph Junghans        Prashanth Kanduri     
   Dimitrios Karkoulis           Peter Kasson             Sebastian Kehl      
     Sebastian Keller             Jiri Kraus               Per Larsson        
      Viveca Lindahl            Erik Marklund           Pieter Meulenhoff     
      Teemu Murtola              Sander Pronk             Michael Shirts      
      Alfons Sijbers            Balint Soproni         David van der Spoel    
      Peter Tieleman            Carsten Uphoff             Jon Vincent        
     Teemu Virolainen         Christian Wennberg           Maarten Wolf       
      Artem Zhmurov       

                  Coordinated by the GROMACS project leaders:
                           Berk Hess and Erik Lindahl

GROMACS:      gmx mdrun, version 2024.2
Executable:   /usr/local/gromacs/bin/gmx_mpi
Data prefix:  /usr/local/gromacs
Working dir:  /workspace
Process ID:   7521
Command line:
  gmx_mpi mdrun -v -deffnm em_vacuum

GROMACS version:     2024.2
Precision:           mixed
Memory model:        64 bit
MPI library:         MPI
MPI library version: Open MPI v4.1.2, package: Debian OpenMPI, ident: 4.1.2, repo rev: v4.1.2, Nov 24, 2021
OpenMP support:      enabled (GMX_OPENMP_MAX_THREADS = 128)
GPU support:         CUDA
NBNxM GPU setup:     super-cluster 2x2x2 / cluster 8
SIMD instructions:   AVX_512
CPU FFT library:     fftw-3.3.8-sse2-avx-avx2-avx2_128-avx512
GPU FFT library:     cuFFT
Multi-GPU FFT:       none
RDTSCP usage:        enabled
TNG support:         enabled
Hwloc support:       disabled
Tracing support:     disabled
C compiler:          /usr/bin/cc GNU 11.4.0
C compiler flags:    -fexcess-precision=fast -funroll-all-loops -march=skylake-avx512 -Wno-missing-field-initializers -O3 -DNDEBUG
C++ compiler:        /usr/bin/c++ GNU 11.4.0
C++ compiler flags:  -fexcess-precision=fast -funroll-all-loops -march=skylake-avx512 -Wno-missing-field-initializers -Wno-cast-function-type-strict -fopenmp -O3 -DNDEBUG
BLAS library:        Internal
LAPACK library:      Internal
CUDA compiler:       /usr/local/cuda/bin/nvcc nvcc: NVIDIA (R) Cuda compiler driver;Copyright (c) 2005-2022 NVIDIA Corporation;Built on Wed_Sep_21_10:33:58_PDT_2022;Cuda compilation tools, release 11.8, V11.8.89;Build cuda_11.8.r11.8/compiler.31833905_0
CUDA compiler flags:-std=c++17;--generate-code=arch=compute_35,code=sm_35;--generate-code=arch=compute_37,code=sm_37;--generate-code=arch=compute_50,code=sm_50;--generate-code=arch=compute_52,code=sm_52;--generate-code=arch=compute_60,code=sm_60;--generate-code=arch=compute_61,code=sm_61;--generate-code=arch=compute_70,code=sm_70;--generate-code=arch=compute_75,code=sm_75;--generate-code=arch=compute_80,code=sm_80;--generate-code=arch=compute_86,code=sm_86;--generate-code=arch=compute_89,code=sm_89;--generate-code=arch=compute_90,code=sm_90;-Wno-deprecated-gpu-targets;--generate-code=arch=compute_53,code=sm_53;--generate-code=arch=compute_80,code=sm_80;-use_fast_math;-Xptxas;-warn-double-usage;-Xptxas;-Werror;-D_FORCE_INLINES;-Xcompiler;-fopenmp;-fexcess-precision=fast -funroll-all-loops -march=skylake-avx512 -Wno-missing-field-initializers -Wno-cast-function-type-strict -fopenmp -O3 -DNDEBUG
CUDA driver:         12.40
CUDA runtime:        11.80


Running on 1 node with total 48 cores, 96 processing units, 1 compatible GPU
Hardware detected on host e09b81821300 (the node of MPI rank 0):
  CPU info:
    Vendor: Intel
    Brand:  Intel(R) Xeon(R) Gold 6342 CPU @ 2.80GHz
    Family: 6   Model: 106   Stepping: 6
    Features: aes apic avx avx2 avx512f avx512cd avx512bw avx512vl avx512secondFMA clfsh cmov cx8 cx16 f16c fma htt intel lahf mmx msr nonstop_tsc pcid pclmuldq pdcm pdpe1gb popcnt pse rdrnd rdtscp sha sse2 sse3 sse4.1 sse4.2 ssse3 tdt x2apic
    Number of AVX-512 FMA units: 2
  Hardware topology: Basic
    Packages, cores, and logical processors:
    [indices refer to OS logical processors]
      Package  0: [   0  48] [   1  49] [   2  50] [   3  51] [   4  52] [   5  53] [   6  54] [   7  55] [   8  56] [   9  57] [  10  58] [  11  59] [  12  60] [  13  61] [  14  62] [  15  63] [  16  64] [  17  65] [  18  66] [  19  67] [  20  68] [  21  69] [  22  70] [  23  71]
      Package  1: [  24  72] [  25  73] [  26  74] [  27  75] [  28  76] [  29  77] [  30  78] [  31  79] [  32  80] [  33  81] [  34  82] [  35  83] [  36  84] [  37  85] [  38  86] [  39  87] [  40  88] [  41  89] [  42  90] [  43  91] [  44  92] [  45  93] [  46  94] [  47  95]
    CPU limit set by OS: 7.65   Recommended max number of threads: 8
  GPU info:
    Number of GPUs detected: 1
    #0: NVIDIA NVIDIA A40, compute cap.: 8.6, ECC: yes, stat: compatible


++++ PLEASE READ AND CITE THE FOLLOWING REFERENCE ++++
M. J. Abraham, T. Murtola, R. Schulz, S. Páll, J. C. Smith, B. Hess, E.
Lindahl
GROMACS: High performance molecular simulations through multi-level
parallelism from laptops to supercomputers
SoftwareX 1 (2015) pp. 19-25
-------- -------- --- Thank You --- -------- --------


++++ PLEASE READ AND CITE THE FOLLOWING REFERENCE ++++
S. Páll, M. J. Abraham, C. Kutzner, B. Hess, E. Lindahl
Tackling Exascale Software Challenges in Molecular Dynamics Simulations with
GROMACS
In S. Markidis & E. Laure (Eds.), Solving Software Challenges for Exascale 8759 (2015) pp. 3-27
-------- -------- --- Thank You --- -------- --------


++++ PLEASE READ AND CITE THE FOLLOWING REFERENCE ++++
S. Pronk, S. Páll, R. Schulz, P. Larsson, P. Bjelkmar, R. Apostolov, M. R.
Shirts, J. C. Smith, P. M. Kasson, D. van der Spoel, B. Hess, and E. Lindahl
GROMACS 4.5: a high-throughput and highly parallel open source molecular
simulation toolkit
Bioinformatics 29 (2013) pp. 845-54
-------- -------- --- Thank You --- -------- --------


++++ PLEASE READ AND CITE THE FOLLOWING REFERENCE ++++
B. Hess and C. Kutzner and D. van der Spoel and E. Lindahl
GROMACS 4: Algorithms for highly efficient, load-balanced, and scalable
molecular simulation
J. Chem. Theory Comput. 4 (2008) pp. 435-447
-------- -------- --- Thank You --- -------- --------


++++ PLEASE READ AND CITE THE FOLLOWING REFERENCE ++++
D. van der Spoel, E. Lindahl, B. Hess, G. Groenhof, A. E. Mark and H. J. C.
Berendsen
GROMACS: Fast, Flexible and Free
J. Comp. Chem. 26 (2005) pp. 1701-1719
-------- -------- --- Thank You --- -------- --------


++++ PLEASE READ AND CITE THE FOLLOWING REFERENCE ++++
E. Lindahl and B. Hess and D. van der Spoel
GROMACS 3.0: A package for molecular simulation and trajectory analysis
J. Mol. Mod. 7 (2001) pp. 306-317
-------- -------- --- Thank You --- -------- --------


++++ PLEASE READ AND CITE THE FOLLOWING REFERENCE ++++
H. J. C. Berendsen, D. van der Spoel and R. van Drunen
GROMACS: A message-passing parallel molecular dynamics implementation
Comp. Phys. Comm. 91 (1995) pp. 43-56
-------- -------- --- Thank You --- -------- --------


++++ PLEASE CITE THE DOI FOR THIS VERSION OF GROMACS ++++
https://doi.org/10.5281/zenodo.11148655
-------- -------- --- Thank You --- -------- --------


The number of OpenMP threads was set by environment variable OMP_NUM_THREADS to 1

Input Parameters:
   integrator                     = steep
   tinit                          = 0
   dt                             = 0.001
   nsteps                         = 100000
   init-step                      = 0
   simulation-part                = 1
   mts                            = false
   mass-repartition-factor        = 1
   comm-mode                      = Linear
   nstcomm                        = 100
   bd-fric                        = 0
   ld-seed                        = 1608122275
   emtol                          = 500
   emstep                         = 0.01
   niter                          = 20
   fcstep                         = 0
   nstcgsteep                     = 1000
   nbfgscorr                      = 10
   rtpi                           = 0.05
   nstxout                        = 0
   nstvout                        = 0
   nstfout                        = 0
   nstlog                         = 1000
   nstcalcenergy                  = 100
   nstenergy                      = 500
   nstxout-compressed             = 0
   compressed-x-precision         = 1000
   cutoff-scheme                  = Verlet
   nstlist                        = 20
   pbc                            = xyz
   periodic-molecules             = false
   verlet-buffer-tolerance        = 0.005
   verlet-buffer-pressure-tolerance = 0.5
   rlist                          = 1.26
   coulombtype                    = Cut-off
   coulomb-modifier               = Potential-shift
   rcoulomb-switch                = 0
   rcoulomb                       = 1.2
   epsilon-r                      = 1
   epsilon-rf                     = inf
   vdw-type                       = Cut-off
   vdw-modifier                   = None
   rvdw-switch                    = 0
   rvdw                           = 1.2
   DispCorr                       = No
   table-extension                = 1
   fourierspacing                 = 0.12
   fourier-nx                     = 0
   fourier-ny                     = 0
   fourier-nz                     = 0
   pme-order                      = 4
   ewald-rtol                     = 1e-05
   ewald-rtol-lj                  = 0.001
   lj-pme-comb-rule               = Geometric
   ewald-geometry                 = 3d
   epsilon-surface                = 0
   ensemble-temperature-setting   = not available
   tcoupl                         = No
   nsttcouple                     = -1
   nh-chain-length                = 0
   print-nose-hoover-chain-variables = false
   pcoupl                         = No
   refcoord-scaling               = No
   posres-com (3):
      posres-com[0]= 0.00000e+00
      posres-com[1]= 0.00000e+00
      posres-com[2]= 0.00000e+00
   posres-comB (3):
      posres-comB[0]= 0.00000e+00
      posres-comB[1]= 0.00000e+00
      posres-comB[2]= 0.00000e+00
   QMMM                           = false
qm-opts:
   ngQM                           = 0
   constraint-algorithm           = Lincs
   continuation                   = false
   Shake-SOR                      = false
   shake-tol                      = 0.0001
   lincs-order                    = 4
   lincs-iter                     = 1
   lincs-warnangle                = 30
   nwall                          = 0
   wall-type                      = 9-3
   wall-r-linpot                  = -1
   wall-atomtype[0]               = -1
   wall-atomtype[1]               = -1
   wall-density[0]                = 0
   wall-density[1]                = 0
   wall-ewald-zfac                = 3
   pull                           = false
   awh                            = false
   rotation                       = false
   interactiveMD                  = false
   disre                          = No
   disre-weighting                = Conservative
   disre-mixed                    = false
   dr-fc                          = 1000
   dr-tau                         = 0
   nstdisreout                    = 100
   orire-fc                       = 0
   orire-tau                      = 0
   nstorireout                    = 100
   free-energy                    = no
   cos-acceleration               = 0
   deform (3x3):
      deform[    0]={ 0.00000e+00,  0.00000e+00,  0.00000e+00}
      deform[    1]={ 0.00000e+00,  0.00000e+00,  0.00000e+00}
      deform[    2]={ 0.00000e+00,  0.00000e+00,  0.00000e+00}
   simulated-tempering            = false
   swapcoords                     = no
   userint1                       = 0
   userint2                       = 0
   userint3                       = 0
   userint4                       = 0
   userreal1                      = 0
   userreal2                      = 0
   userreal3                      = 0
   userreal4                      = 0
   applied-forces:
     electric-field:
       x:
         E0                       = 0
         omega                    = 0
         t0                       = 0
         sigma                    = 0
       y:
         E0                       = 0
         omega                    = 0
         t0                       = 0
         sigma                    = 0
       z:
         E0                       = 0
         omega                    = 0
         t0                       = 0
         sigma                    = 0
     density-guided-simulation:
       active                     = false
       group                      = protein
       similarity-measure         = inner-product
       atom-spreading-weight      = unity
       force-constant             = 1e+09
       gaussian-transform-spreading-width = 0.2
       gaussian-transform-spreading-range-in-multiples-of-width = 4
       reference-density-filename = reference.mrc
       nst                        = 1
       normalize-densities        = true
       adaptive-force-scaling     = false
       adaptive-force-scaling-time-constant = 4
       shift-vector               = 
       transformation-matrix      = 
     qmmm-cp2k:
       active                     = false
       qmgroup                    = System
       qmmethod                   = PBE
       qmfilenames                = 
       qmcharge                   = 0
       qmmultiplicity             = 1
     colvars:
       active                     = false
       configfile                 = 
       seed                       = -1
grpopts:
   nrdf:         909
   ref-t:           0
   tau-t:           0
annealing:          No
annealing-npoints:           0
   acc:	           0           0           0
   nfreeze:           N           N           N
   energygrp-flags[  0]: 0

When checking whether update groups are usable:
  Domain decomposition is not active, so there is no need for update groups
  No constraints or virtual sites are in use, so it is best not to use update groups

Update task can not run on the GPU, because the following condition(s) were not satisfied:

Only the md integrator is supported.

1 GPU selected for this run.
Mapping of GPU IDs to the 1 GPU task in the 1 rank on this node:
  PP:0
PP tasks will do (non-perturbed) short-ranged interactions on the GPU
PP task will update and constrain coordinates on the CPU
Using 1 MPI process
Using 1 OpenMP thread 

System total charge: 1.000
Potential shift: LJ r^-12: 0.000e+00 r^-6: 0.000e+00, Coulomb -8e-01
Generated table with 1130 data points for 1-4 COUL.
Tabscale = 500 points/nm
Generated table with 1130 data points for 1-4 LJ6.
Tabscale = 500 points/nm
Generated table with 1130 data points for 1-4 LJ12.
Tabscale = 500 points/nm


Using GPU 8x8 nonbonded short-range kernels

Using a 8x8 pair-list setup:
  updated every 20 steps, buffer 0.060 nm, rlist 1.260 nm

Using Lorentz-Berthelot Lennard-Jones combination rule
Removing pbc first time

NOTE: OS CPU limit is lower than logical cpu count, thread pinning disabled.

Note that activating steepest-descent energy minimization via the integrator .mdp option and the command gmx mdrun may be available in a different form in a future version of GROMACS, e.g. gmx minimize and an .mdp option.
Initiating Steepest Descents
Started Steepest Descents on rank 0 Tue Dec 24 13:00:31 2024


Steepest Descents:
   Tolerance (Fmax)   =  5.00000e+02
   Number of steps    =       100000
           Step           Time
              0        0.00000

   Energies (kJ/mol)
           Bond          Angle    Proper Dih. Per. Imp. Dih.          LJ-14
    1.36555e+03    1.76821e+02    8.18774e+02    2.89931e+00    2.92297e+02
     Coulomb-14        LJ (SR)   Coulomb (SR)      Potential Pressure (bar)
    3.65580e+03   -5.13374e+02   -5.74780e+03    5.09692e+01    2.77474e+03

           Step           Time
              1        1.00000

   Energies (kJ/mol)
           Bond          Angle    Proper Dih. Per. Imp. Dih.          LJ-14
    7.58324e+02    6.41464e+02    8.39270e+02    5.15925e+00    2.95876e+02
     Coulomb-14        LJ (SR)   Coulomb (SR)      Potential Pressure (bar)
    3.64046e+03   -5.12832e+02   -5.78941e+03   -1.21688e+02    9.54761e+02

           Step           Time
              2        2.00000

   Energies (kJ/mol)
           Bond          Angle    Proper Dih. Per. Imp. Dih.          LJ-14
    6.05963e+02    1.99385e+02    8.11561e+02    8.16231e+00    2.89770e+02
     Coulomb-14        LJ (SR)   Coulomb (SR)      Potential Pressure (bar)
    3.65326e+03   -5.08410e+02   -5.76619e+03   -7.06505e+02    1.00373e+03

           Step           Time
              3        3.00000

           Step           Time
              4        4.00000

   Energies (kJ/mol)
           Bond          Angle    Proper Dih. Per. Imp. Dih.          LJ-14
    7.85831e+01    1.67992e+02    8.15659e+02    5.59548e+00    2.84819e+02
     Coulomb-14        LJ (SR)   Coulomb (SR)      Potential Pressure (bar)
    3.64749e+03   -5.11016e+02   -5.77873e+03   -1.28961e+03    9.17800e+02

           Step           Time
              5        5.00000

           Step           Time
              6        6.00000

   Energies (kJ/mol)
           Bond          Angle    Proper Dih. Per. Imp. Dih.          LJ-14
    5.35837e+01    1.77636e+02    8.16607e+02    4.83426e+00    2.81404e+02
     Coulomb-14        LJ (SR)   Coulomb (SR)      Potential Pressure (bar)
    3.64671e+03   -5.10599e+02   -5.78209e+03   -1.31192e+03    6.52312e+02

           Step           Time
              7        7.00000

   Energies (kJ/mol)
           Bond          Angle    Proper Dih. Per. Imp. Dih.          LJ-14
    4.76059e+01    1.65042e+02    8.15138e+02    4.94036e+00    2.81053e+02
     Coulomb-14        LJ (SR)   Coulomb (SR)      Potential Pressure (bar)
    3.64479e+03   -5.10463e+02   -5.78552e+03   -1.33741e+03    5.79387e+02

           Step           Time
              8        8.00000

           Step           Time
              9        9.00000

   Energies (kJ/mol)
           Bond          Angle    Proper Dih. Per. Imp. Dih.          LJ-14
    2.88306e+01    1.58415e+02    8.14878e+02    4.86246e+00    2.80135e+02
     Coulomb-14        LJ (SR)   Coulomb (SR)      Potential Pressure (bar)
    3.64459e+03   -5.10708e+02   -5.78559e+03   -1.36459e+03    5.20654e+02

           Step           Time
             10       10.00000

   Energies (kJ/mol)
           Bond          Angle    Proper Dih. Per. Imp. Dih.          LJ-14
    4.55475e+01    1.51471e+02    8.13493e+02    4.57685e+00    2.77115e+02
     Coulomb-14        LJ (SR)   Coulomb (SR)      Potential Pressure (bar)
    3.64104e+03   -5.10718e+02   -5.79231e+03   -1.36979e+03    2.69437e+02

           Step           Time
             11       11.00000

   Energies (kJ/mol)
           Bond          Angle    Proper Dih. Per. Imp. Dih.          LJ-14
    3.27607e+01    1.48966e+02    8.13199e+02    4.54782e+00    2.76824e+02
     Coulomb-14        LJ (SR)   Coulomb (SR)      Potential Pressure (bar)
    3.64007e+03   -5.11478e+02   -5.79174e+03   -1.38685e+03    2.54281e+02

           Step           Time
             12       12.00000

           Step           Time
             13       13.00000

   Energies (kJ/mol)
           Bond          Angle    Proper Dih. Per. Imp. Dih.          LJ-14
    3.33732e+01    1.48610e+02    8.13018e+02    4.48997e+00    2.76290e+02
     Coulomb-14        LJ (SR)   Coulomb (SR)      Potential Pressure (bar)
    3.63918e+03   -5.11572e+02   -5.79369e+03   -1.39030e+03    2.33574e+02

           Step           Time
             14       14.00000

   Energies (kJ/mol)
           Bond          Angle    Proper Dih. Per. Imp. Dih.          LJ-14
    3.70200e+01    1.48444e+02    8.12670e+02    4.44393e+00    2.75845e+02
     Coulomb-14        LJ (SR)   Coulomb (SR)      Potential Pressure (bar)
    3.63755e+03   -5.12476e+02   -5.79400e+03   -1.39051e+03    2.07862e+02

           Step           Time
             15       15.00000

   Energies (kJ/mol)
           Bond          Angle    Proper Dih. Per. Imp. Dih.          LJ-14
    3.70328e+01    1.48484e+02    8.12577e+02    4.40805e+00    2.75300e+02
     Coulomb-14        LJ (SR)   Coulomb (SR)      Potential Pressure (bar)
    3.63695e+03   -5.12358e+02   -5.79623e+03   -1.39383e+03    1.97308e+02

           Step           Time
             16       16.00000

           Step           Time
             17       17.00000

   Energies (kJ/mol)
           Bond          Angle    Proper Dih. Per. Imp. Dih.          LJ-14
    3.29881e+01    1.47932e+02    8.12404e+02    4.39737e+00    2.75143e+02
     Coulomb-14        LJ (SR)   Coulomb (SR)      Potential Pressure (bar)
    3.63612e+03   -5.12898e+02   -5.79610e+03   -1.40002e+03    1.89286e+02

           Step           Time
             18       18.00000

           Step           Time
             19       19.00000

   Energies (kJ/mol)
           Bond          Angle    Proper Dih. Per. Imp. Dih.          LJ-14
    3.42738e+01    1.48156e+02    8.12219e+02    4.36920e+00    2.74584e+02
     Coulomb-14        LJ (SR)   Coulomb (SR)      Potential Pressure (bar)
    3.63507e+03   -5.13171e+02   -5.79782e+03   -1.40232e+03    1.74008e+02

           Step           Time
             20       20.00000

   Energies (kJ/mol)
           Bond          Angle    Proper Dih. Per. Imp. Dih.          LJ-14
    3.48664e+01    1.48187e+02    8.12010e+02    4.35871e+00    2.74293e+02
     Coulomb-14        LJ (SR)   Coulomb (SR)      Potential Pressure (bar)
    3.63400e+03   -5.13733e+02   -5.79825e+03   -1.40427e+03    1.63569e+02

           Step           Time
             21       21.00000

   Energies (kJ/mol)
           Bond          Angle    Proper Dih. Per. Imp. Dih.          LJ-14
    3.57825e+01    1.48558e+02    8.11909e+02    4.34607e+00    2.73829e+02
     Coulomb-14        LJ (SR)   Coulomb (SR)      Potential Pressure (bar)
    3.63336e+03   -5.13793e+02   -5.79990e+03   -1.40591e+03    1.57901e+02

           Step           Time
             22       22.00000

   Energies (kJ/mol)
           Bond          Angle    Proper Dih. Per. Imp. Dih.          LJ-14
    3.73089e+01    1.48731e+02    8.11680e+02    4.34277e+00    2.73568e+02
     Coulomb-14        LJ (SR)   Coulomb (SR)      Potential Pressure (bar)
    3.63220e+03   -5.14444e+02   -5.80014e+03   -1.40675e+03    1.45641e+02

           Step           Time
             23       23.00000

   Energies (kJ/mol)
           Bond          Angle    Proper Dih. Per. Imp. Dih.          LJ-14
    3.78235e+01    1.49162e+02    8.11637e+02    4.33616e+00    2.73117e+02
     Coulomb-14        LJ (SR)   Coulomb (SR)      Potential Pressure (bar)
    3.63184e+03   -5.14318e+02   -5.80200e+03   -1.40840e+03    1.42830e+02

           Step           Time
             24       24.00000

           Step           Time
             25       25.00000

   Energies (kJ/mol)
           Bond          Angle    Proper Dih. Per. Imp. Dih.          LJ-14
    3.54153e+01    1.48950e+02    8.11514e+02    4.33734e+00    2.73019e+02
     Coulomb-14        LJ (SR)   Coulomb (SR)      Potential Pressure (bar)
    3.63123e+03   -5.14708e+02   -5.80195e+03   -1.41219e+03    1.36206e+02

           Step           Time
             26       26.00000

   Energies (kJ/mol)
           Bond          Angle    Proper Dih. Per. Imp. Dih.          LJ-14
    3.96529e+01    1.50118e+02    8.11250e+02    4.33748e+00    2.72097e+02
     Coulomb-14        LJ (SR)   Coulomb (SR)      Potential Pressure (bar)
    3.62966e+03   -5.15085e+02   -5.80514e+03   -1.41311e+03    1.20455e+02

           Step           Time
             27       27.00000

   Energies (kJ/mol)
           Bond          Angle    Proper Dih. Per. Imp. Dih.          LJ-14
    3.75325e+01    1.49956e+02    8.11098e+02    4.34256e+00    2.72011e+02
     Coulomb-14        LJ (SR)   Coulomb (SR)      Potential Pressure (bar)
    3.62893e+03   -5.15573e+02   -5.80492e+03   -1.41662e+03    1.15444e+02

           Step           Time
             28       28.00000

           Step           Time
             29       29.00000

   Energies (kJ/mol)
           Bond          Angle    Proper Dih. Per. Imp. Dih.          LJ-14
    3.69485e+01    1.50183e+02    8.11066e+02    4.34469e+00    2.71741e+02
     Coulomb-14        LJ (SR)   Coulomb (SR)      Potential Pressure (bar)
    3.62872e+03   -5.15508e+02   -5.80608e+03   -1.41858e+03    1.16165e+02

           Step           Time
             30       30.00000

   Energies (kJ/mol)
           Bond          Angle    Proper Dih. Per. Imp. Dih.          LJ-14
    3.94722e+01    1.50747e+02    8.10836e+02    4.35478e+00    2.71376e+02
     Coulomb-14        LJ (SR)   Coulomb (SR)      Potential Pressure (bar)
    3.62760e+03   -5.16058e+02   -5.80694e+03   -1.41861e+03    1.05982e+02

           Step           Time
             31       31.00000

   Energies (kJ/mol)
           Bond          Angle    Proper Dih. Per. Imp. Dih.          LJ-14
    3.79087e+01    1.50925e+02    8.10832e+02    4.35789e+00    2.71090e+02
     Coulomb-14        LJ (SR)   Coulomb (SR)      Potential Pressure (bar)
    3.62754e+03   -5.15872e+02   -5.80832e+03   -1.42154e+03    1.03925e+02

           Step           Time
             32       32.00000

           Step           Time
             33       33.00000

   Energies (kJ/mol)
           Bond          Angle    Proper Dih. Per. Imp. Dih.          LJ-14
    3.78346e+01    1.51018e+02    8.10716e+02    4.36395e+00    2.70952e+02
     Coulomb-14        LJ (SR)   Coulomb (SR)      Potential Pressure (bar)
    3.62700e+03   -5.16184e+02   -5.80860e+03   -1.42290e+03    1.01425e+02

           Step           Time
             34       34.00000

   Energies (kJ/mol)
           Bond          Angle    Proper Dih. Per. Imp. Dih.          LJ-14
    3.86412e+01    1.51522e+02    8.10656e+02    4.37095e+00    2.70602e+02
     Coulomb-14        LJ (SR)   Coulomb (SR)      Potential Pressure (bar)
    3.62669e+03   -5.16120e+02   -5.81012e+03   -1.42375e+03    9.72785e+01

           Step           Time
             35       35.00000

   Energies (kJ/mol)
           Bond          Angle    Proper Dih. Per. Imp. Dih.          LJ-14
    3.92123e+01    1.51632e+02    8.10516e+02    4.37847e+00    2.70471e+02
     Coulomb-14        LJ (SR)   Coulomb (SR)      Potential Pressure (bar)
    3.62607e+03   -5.16512e+02   -5.81032e+03   -1.42456e+03    9.45985e+01

           Step           Time
             36       36.00000

   Energies (kJ/mol)
           Bond          Angle    Proper Dih. Per. Imp. Dih.          LJ-14
    3.97231e+01    1.52147e+02    8.10494e+02    4.38481e+00    2.70137e+02
     Coulomb-14        LJ (SR)   Coulomb (SR)      Potential Pressure (bar)
    3.62596e+03   -5.16307e+02   -5.81193e+03   -1.42539e+03    8.80347e+01

           Step           Time
             37       37.00000

           Step           Time
             38       38.00000

   Energies (kJ/mol)
           Bond          Angle    Proper Dih. Per. Imp. Dih.          LJ-14
    3.81251e+01    1.51996e+02    8.10411e+02    4.38947e+00    2.70092e+02
     Coulomb-14        LJ (SR)   Coulomb (SR)      Potential Pressure (bar)
    3.62561e+03   -5.16562e+02   -5.81192e+03   -1.42786e+03    8.71889e+01


Steepest Descents converged to Fmax < 500 in 39 steps
Potential Energy  = -1.4278574e+03
Maximum force     =  4.7168533e+02 on atom 217
Norm of force     =  5.8872209e+01
Finished mdrun on rank 0 Tue Dec 24 13:00:31 2024

