                      :-) GROMACS - gmx mdrun, 2024.2 (-:

Copyright 1991-2024 The GROMACS Authors.
GROMACS is free software; you can redistribute it and/or modify it
under the terms of the GNU Lesser General Public License
as published by the Free Software Foundation; either version 2.1
of the License, or (at your option) any later version.

                         Current GROMACS contributors:
       Mark Abraham           Andrey Alekseenko           Vladimir Basov      
      Cathrine Bergh            Eliane Briand               Ania Brown        
      Mahesh Doijade            Giacomo Fiorin          Stefan Fleischmann    
      Sergey Gorelov         Gilles Gouaillardet            Alan Gray         
     M. Eric Irrgang         Farzaneh Jalalypour            Joe Jordan        
     Carsten Kutzner           Justin A. Lemkul          Magnus Lundborg      
       Pascal Merz              Vedran Miletic            Dmitry Morozov      
       Julien Nabet              Szilard Pall        Andrea Pasquadibisceglie 
    Michele Pellegrino          Hubert Santuz             Roland Schulz       
     Tatiana Shugaeva          Alexey Shvetsov            Philip Turner       
     Alessandra Villa      Sebastian Wingbermuehle  

                         Previous GROMACS contributors:
        Emile Apol             Rossen Apostolov           James Barnett       
        Paul Bauer          Herman J.C. Berendsen          Par Bjelkmar       
      Christian Blau          Viacheslav Bolnykh            Kevin Boyd        
    Aldert van Buuren          Carlo Camilloni           Rudi van Drunen      
      Anton Feenstra           Oliver Fleetwood            Vytas Gapsys       
       Gaurav Garg             Gerrit Groenhof            Bert de Groot       
      Anca Hamuraru           Vincent Hindriksen          Victor Holanda      
     Aleksei Iupinov          Christoph Junghans        Prashanth Kanduri     
   Dimitrios Karkoulis           Peter Kasson             Sebastian Kehl      
     Sebastian Keller             Jiri Kraus               Per Larsson        
      Viveca Lindahl            Erik Marklund           Pieter Meulenhoff     
      Teemu Murtola              Sander Pronk             Michael Shirts      
      Alfons Sijbers            Balint Soproni         David van der Spoel    
      Peter Tieleman            Carsten Uphoff             Jon Vincent        
     Teemu Virolainen         Christian Wennberg           Maarten Wolf       
      Artem Zhmurov       

                  Coordinated by the GROMACS project leaders:
                           Berk Hess and Erik Lindahl

GROMACS:      gmx mdrun, version 2024.2
Executable:   /usr/local/gromacs/bin/gmx_mpi
Data prefix:  /usr/local/gromacs
Working dir:  /workspace/replicas/replica_002
Process ID:   7847
Command line:
  gmx_mpi mdrun -multidir ./replica_001 ./replica_002 ./replica_003 ./replica_004 ./replica_005 ./replica_006 ./replica_007 ./replica_008 -replex 1000 -deffnm remd

GROMACS version:     2024.2
Precision:           mixed
Memory model:        64 bit
MPI library:         MPI
MPI library version: Open MPI v4.1.2, package: Debian OpenMPI, ident: 4.1.2, repo rev: v4.1.2, Nov 24, 2021
OpenMP support:      enabled (GMX_OPENMP_MAX_THREADS = 128)
GPU support:         CUDA
NBNxM GPU setup:     super-cluster 2x2x2 / cluster 8
SIMD instructions:   AVX_512
CPU FFT library:     fftw-3.3.8-sse2-avx-avx2-avx2_128-avx512
GPU FFT library:     cuFFT
Multi-GPU FFT:       none
RDTSCP usage:        enabled
TNG support:         enabled
Hwloc support:       disabled
Tracing support:     disabled
C compiler:          /usr/bin/cc GNU 11.4.0
C compiler flags:    -fexcess-precision=fast -funroll-all-loops -march=skylake-avx512 -Wno-missing-field-initializers -O3 -DNDEBUG
C++ compiler:        /usr/bin/c++ GNU 11.4.0
C++ compiler flags:  -fexcess-precision=fast -funroll-all-loops -march=skylake-avx512 -Wno-missing-field-initializers -Wno-cast-function-type-strict -fopenmp -O3 -DNDEBUG
BLAS library:        Internal
LAPACK library:      Internal
CUDA compiler:       /usr/local/cuda/bin/nvcc nvcc: NVIDIA (R) Cuda compiler driver;Copyright (c) 2005-2022 NVIDIA Corporation;Built on Wed_Sep_21_10:33:58_PDT_2022;Cuda compilation tools, release 11.8, V11.8.89;Build cuda_11.8.r11.8/compiler.31833905_0
CUDA compiler flags:-std=c++17;--generate-code=arch=compute_35,code=sm_35;--generate-code=arch=compute_37,code=sm_37;--generate-code=arch=compute_50,code=sm_50;--generate-code=arch=compute_52,code=sm_52;--generate-code=arch=compute_60,code=sm_60;--generate-code=arch=compute_61,code=sm_61;--generate-code=arch=compute_70,code=sm_70;--generate-code=arch=compute_75,code=sm_75;--generate-code=arch=compute_80,code=sm_80;--generate-code=arch=compute_86,code=sm_86;--generate-code=arch=compute_89,code=sm_89;--generate-code=arch=compute_90,code=sm_90;-Wno-deprecated-gpu-targets;--generate-code=arch=compute_53,code=sm_53;--generate-code=arch=compute_80,code=sm_80;-use_fast_math;-Xptxas;-warn-double-usage;-Xptxas;-Werror;-D_FORCE_INLINES;-Xcompiler;-fopenmp;-fexcess-precision=fast -funroll-all-loops -march=skylake-avx512 -Wno-missing-field-initializers -Wno-cast-function-type-strict -fopenmp -O3 -DNDEBUG
CUDA driver:         12.40
CUDA runtime:        11.80


Running on 1 node with total 48 cores, 96 processing units, 1 compatible GPU
Hardware detected on host f03a2012ea38 (the node of MPI rank 1):
  CPU info:
    Vendor: Intel
    Brand:  Intel(R) Xeon(R) Gold 6342 CPU @ 2.80GHz
    Family: 6   Model: 106   Stepping: 6
    Features: aes apic avx avx2 avx512f avx512cd avx512bw avx512vl avx512secondFMA clfsh cmov cx8 cx16 f16c fma htt intel lahf mmx msr nonstop_tsc pcid pclmuldq pdcm pdpe1gb popcnt pse rdrnd rdtscp sha sse2 sse3 sse4.1 sse4.2 ssse3 tdt x2apic
    Number of AVX-512 FMA units: 2
  Hardware topology: Basic
    Packages, cores, and logical processors:
    [indices refer to OS logical processors]
      Package  0: [   0  48] [   1  49] [   2  50] [   3  51] [   4  52] [   5  53] [   6  54] [   7  55] [   8  56] [   9  57] [  10  58] [  11  59] [  12  60] [  13  61] [  14  62] [  15  63] [  16  64] [  17  65] [  18  66] [  19  67] [  20  68] [  21  69] [  22  70] [  23  71]
      Package  1: [  24  72] [  25  73] [  26  74] [  27  75] [  28  76] [  29  77] [  30  78] [  31  79] [  32  80] [  33  81] [  34  82] [  35  83] [  36  84] [  37  85] [  38  86] [  39  87] [  40  88] [  41  89] [  42  90] [  43  91] [  44  92] [  45  93] [  46  94] [  47  95]
    CPU limit set by OS: 7.65   Recommended max number of threads: 8
  GPU info:
    Number of GPUs detected: 1
    #0: NVIDIA NVIDIA A40, compute cap.: 8.6, ECC: yes, stat: compatible


++++ PLEASE READ AND CITE THE FOLLOWING REFERENCE ++++
M. J. Abraham, T. Murtola, R. Schulz, S. Páll, J. C. Smith, B. Hess, E.
Lindahl
GROMACS: High performance molecular simulations through multi-level
parallelism from laptops to supercomputers
SoftwareX 1 (2015) pp. 19-25
-------- -------- --- Thank You --- -------- --------


++++ PLEASE READ AND CITE THE FOLLOWING REFERENCE ++++
S. Páll, M. J. Abraham, C. Kutzner, B. Hess, E. Lindahl
Tackling Exascale Software Challenges in Molecular Dynamics Simulations with
GROMACS
In S. Markidis & E. Laure (Eds.), Solving Software Challenges for Exascale 8759 (2015) pp. 3-27
-------- -------- --- Thank You --- -------- --------


++++ PLEASE READ AND CITE THE FOLLOWING REFERENCE ++++
S. Pronk, S. Páll, R. Schulz, P. Larsson, P. Bjelkmar, R. Apostolov, M. R.
Shirts, J. C. Smith, P. M. Kasson, D. van der Spoel, B. Hess, and E. Lindahl
GROMACS 4.5: a high-throughput and highly parallel open source molecular
simulation toolkit
Bioinformatics 29 (2013) pp. 845-54
-------- -------- --- Thank You --- -------- --------


++++ PLEASE READ AND CITE THE FOLLOWING REFERENCE ++++
B. Hess and C. Kutzner and D. van der Spoel and E. Lindahl
GROMACS 4: Algorithms for highly efficient, load-balanced, and scalable
molecular simulation
J. Chem. Theory Comput. 4 (2008) pp. 435-447
-------- -------- --- Thank You --- -------- --------


++++ PLEASE READ AND CITE THE FOLLOWING REFERENCE ++++
D. van der Spoel, E. Lindahl, B. Hess, G. Groenhof, A. E. Mark and H. J. C.
Berendsen
GROMACS: Fast, Flexible and Free
J. Comp. Chem. 26 (2005) pp. 1701-1719
-------- -------- --- Thank You --- -------- --------


++++ PLEASE READ AND CITE THE FOLLOWING REFERENCE ++++
E. Lindahl and B. Hess and D. van der Spoel
GROMACS 3.0: A package for molecular simulation and trajectory analysis
J. Mol. Mod. 7 (2001) pp. 306-317
-------- -------- --- Thank You --- -------- --------


++++ PLEASE READ AND CITE THE FOLLOWING REFERENCE ++++
H. J. C. Berendsen, D. van der Spoel and R. van Drunen
GROMACS: A message-passing parallel molecular dynamics implementation
Comp. Phys. Comm. 91 (1995) pp. 43-56
-------- -------- --- Thank You --- -------- --------


++++ PLEASE CITE THE DOI FOR THIS VERSION OF GROMACS ++++
https://doi.org/10.5281/zenodo.11148655
-------- -------- --- Thank You --- -------- --------


The number of OpenMP threads was set by environment variable OMP_NUM_THREADS to 1

Input Parameters:
   integrator                     = md
   tinit                          = 0
   dt                             = 0.002
   nsteps                         = 5000000
   init-step                      = 0
   simulation-part                = 1
   mts                            = false
   mass-repartition-factor        = 1
   comm-mode                      = Linear
   nstcomm                        = 100
   bd-fric                        = 0
   ld-seed                        = -90461199
   emtol                          = 10
   emstep                         = 0.01
   niter                          = 20
   fcstep                         = 0
   nstcgsteep                     = 1000
   nbfgscorr                      = 10
   rtpi                           = 0.05
   nstxout                        = 0
   nstvout                        = 0
   nstfout                        = 0
   nstlog                         = 5000
   nstcalcenergy                  = 100
   nstenergy                      = 5000
   nstxout-compressed             = 5000
   compressed-x-precision         = 1000
   cutoff-scheme                  = Verlet
   nstlist                        = 20
   pbc                            = xyz
   periodic-molecules             = false
   verlet-buffer-tolerance        = 0.005
   verlet-buffer-pressure-tolerance = 0.5
   rlist                          = 1.225
   coulombtype                    = PME
   coulomb-modifier               = Potential-shift
   rcoulomb-switch                = 0
   rcoulomb                       = 1.2
   epsilon-r                      = 1
   epsilon-rf                     = inf
   vdw-type                       = Cut-off
   vdw-modifier                   = Force-switch
   rvdw-switch                    = 1
   rvdw                           = 1.2
   DispCorr                       = EnerPres
   table-extension                = 1
   fourierspacing                 = 0.12
   fourier-nx                     = 40
   fourier-ny                     = 40
   fourier-nz                     = 40
   pme-order                      = 4
   ewald-rtol                     = 1e-05
   ewald-rtol-lj                  = 0.001
   lj-pme-comb-rule               = Geometric
   ewald-geometry                 = 3d
   epsilon-surface                = 0
   ensemble-temperature-setting   = constant
   ensemble-temperature           = 312.59
   tcoupl                         = V-rescale
   nsttcouple                     = 10
   nh-chain-length                = 0
   print-nose-hoover-chain-variables = false
   pcoupl                         = Parrinello-Rahman
   pcoupltype                     = Isotropic
   nstpcouple                     = 50
   tau-p                          = 2
   compressibility (3x3):
      compressibility[    0]={ 4.50000e-05,  0.00000e+00,  0.00000e+00}
      compressibility[    1]={ 0.00000e+00,  4.50000e-05,  0.00000e+00}
      compressibility[    2]={ 0.00000e+00,  0.00000e+00,  4.50000e-05}
   ref-p (3x3):
      ref-p[    0]={ 1.00000e+00,  0.00000e+00,  0.00000e+00}
      ref-p[    1]={ 0.00000e+00,  1.00000e+00,  0.00000e+00}
      ref-p[    2]={ 0.00000e+00,  0.00000e+00,  1.00000e+00}
   refcoord-scaling               = No
   posres-com (3):
      posres-com[0]= 0.00000e+00
      posres-com[1]= 0.00000e+00
      posres-com[2]= 0.00000e+00
   posres-comB (3):
      posres-comB[0]= 0.00000e+00
      posres-comB[1]= 0.00000e+00
      posres-comB[2]= 0.00000e+00
   QMMM                           = false
qm-opts:
   ngQM                           = 0
   constraint-algorithm           = Lincs
   continuation                   = true
   Shake-SOR                      = false
   shake-tol                      = 0.0001
   lincs-order                    = 4
   lincs-iter                     = 1
   lincs-warnangle                = 30
   nwall                          = 0
   wall-type                      = 9-3
   wall-r-linpot                  = -1
   wall-atomtype[0]               = -1
   wall-atomtype[1]               = -1
   wall-density[0]                = 0
   wall-density[1]                = 0
   wall-ewald-zfac                = 3
   pull                           = false
   awh                            = false
   rotation                       = false
   interactiveMD                  = false
   disre                          = No
   disre-weighting                = Conservative
   disre-mixed                    = false
   dr-fc                          = 1000
   dr-tau                         = 0
   nstdisreout                    = 100
   orire-fc                       = 0
   orire-tau                      = 0
   nstorireout                    = 100
   free-energy                    = no
   cos-acceleration               = 0
   deform (3x3):
      deform[    0]={ 0.00000e+00,  0.00000e+00,  0.00000e+00}
      deform[    1]={ 0.00000e+00,  0.00000e+00,  0.00000e+00}
      deform[    2]={ 0.00000e+00,  0.00000e+00,  0.00000e+00}
   simulated-tempering            = false
   swapcoords                     = no
   userint1                       = 0
   userint2                       = 0
   userint3                       = 0
   userint4                       = 0
   userreal1                      = 0
   userreal2                      = 0
   userreal3                      = 0
   userreal4                      = 0
   applied-forces:
     electric-field:
       x:
         E0                       = 0
         omega                    = 0
         t0                       = 0
         sigma                    = 0
       y:
         E0                       = 0
         omega                    = 0
         t0                       = 0
         sigma                    = 0
       z:
         E0                       = 0
         omega                    = 0
         t0                       = 0
         sigma                    = 0
     density-guided-simulation:
       active                     = false
       group                      = protein
       similarity-measure         = inner-product
       atom-spreading-weight      = unity
       force-constant             = 1e+09
       gaussian-transform-spreading-width = 0.2
       gaussian-transform-spreading-range-in-multiples-of-width = 4
       reference-density-filename = reference.mrc
       nst                        = 1
       normalize-densities        = true
       adaptive-force-scaling     = false
       adaptive-force-scaling-time-constant = 4
       shift-vector               = 
       transformation-matrix      = 
     qmmm-cp2k:
       active                     = false
       qmgroup                    = System
       qmmethod                   = PBE
       qmfilenames                = 
       qmcharge                   = 0
       qmmultiplicity             = 1
     colvars:
       active                     = false
       configfile                 = 
       seed                       = -1
grpopts:
   nrdf:       11982
   ref-t:      312.59
   tau-t:         0.1
annealing:          No
annealing-npoints:           0
   acc:	           0           0           0
   nfreeze:           N           N           N
   energygrp-flags[  0]: 0

Changing nstlist from 20 to 100, rlist from 1.225 to 1.35

When checking whether update groups are usable:
  Domain decomposition is not active, so there is no need for update groups
1 GPU selected for this run.
Mapping of GPU IDs to the 16 GPU tasks in the 8 ranks on this node:
  PP:0,PME:0,PP:0,PME:0,PP:0,PME:0,PP:0,PME:0,PP:0,PME:0,PP:0,PME:0,PP:0,PME:0,PP:0,PME:0
PP tasks will do (non-perturbed) short-ranged interactions on the GPU
PP task will update and constrain coordinates on the GPU
PME tasks will do all aspects on the GPU

This is simulation 1 out of 8 running as a composite GROMACS
multi-simulation job. Setup for this simulation:

Using 1 MPI process

Non-default thread affinity set, disabling internal thread affinity

Using 1 OpenMP thread 

System total charge: 0.000
Will do PME sum in reciprocal space for electrostatic interactions.

++++ PLEASE READ AND CITE THE FOLLOWING REFERENCE ++++
U. Essmann, L. Perera, M. L. Berkowitz, T. Darden, H. Lee and L. G. Pedersen 
A smooth particle mesh Ewald method
J. Chem. Phys. 103 (1995) pp. 8577-8592
-------- -------- --- Thank You --- -------- --------

Using a Gaussian width (1/beta) of 0.384195 nm for Ewald
Potential shift: LJ r^-12: -2.648e-01 r^-6: -5.349e-01, Ewald -8.333e-06
Initialized non-bonded Coulomb Ewald tables, spacing: 1.02e-03 size: 1176

Generated table with 1175 data points for 1-4 COUL.
Tabscale = 500 points/nm
Generated table with 1175 data points for 1-4 LJ6.
Tabscale = 500 points/nm
Generated table with 1175 data points for 1-4 LJ12.
Tabscale = 500 points/nm
Long Range LJ corr.: <C6> 3.0306e-04


Using GPU 8x8 nonbonded short-range kernels

Using a dual 8x8 pair-list setup updated with dynamic, rolling pruning:
  outer list: updated every 100 steps, buffer 0.150 nm, rlist 1.350 nm
  inner list: updated every  12 steps, buffer 0.005 nm, rlist 1.205 nm
At tolerance 0.005 kJ/mol/ps per atom, equivalent classical 1x1 list would be:
  outer list: updated every 100 steps, buffer 0.304 nm, rlist 1.504 nm
  inner list: updated every  12 steps, buffer 0.055 nm, rlist 1.255 nm

The average pressure is off by at most 0.21 bar due to missing LJ interactions

Initializing LINear Constraint Solver

++++ PLEASE READ AND CITE THE FOLLOWING REFERENCE ++++
B. Hess and H. Bekker and H. J. C. Berendsen and J. G. E. M. Fraaije
LINCS: A Linear Constraint Solver for molecular simulations
J. Comp. Chem. 18 (1997) pp. 1463-1472
-------- -------- --- Thank You --- -------- --------

The number of constraints is 150

++++ PLEASE READ AND CITE THE FOLLOWING REFERENCE ++++
S. Miyamoto and P. A. Kollman
SETTLE: An Analytical Version of the SHAKE and RATTLE Algorithms for Rigid
Water Models
J. Comp. Chem. 13 (1992) pp. 952-962
-------- -------- --- Thank You --- -------- --------


++++ PLEASE READ AND CITE THE FOLLOWING REFERENCE ++++
G. Bussi, D. Donadio and M. Parrinello
Canonical sampling through velocity rescaling
J. Chem. Phys. 126 (2007) pp. 014101
-------- -------- --- Thank You --- -------- --------

There are: 5910 Atoms

Updating coordinates and applying constraints on the GPU.

Initializing Replica Exchange
Repl  There are 8 replicas:
Multi-checking the number of atoms ... OK
Multi-checking the integrator ... OK
Multi-checking init_step+nsteps ... OK
Multi-checking first exchange step: init_step/-replex ... OK
Multi-checking the temperature coupling ... OK
Multi-checking the number of temperature coupling groups ... OK
Multi-checking the pressure coupling ... OK
Multi-checking free energy ... OK
Multi-checking number of lambda states ... OK

++++ PLEASE READ AND CITE THE FOLLOWING REFERENCE ++++
Y. Sugita, Y. Okamoto
Replica-exchange molecular dynamics method for protein folding
Chem. Phys. Lett. 314 (1999) pp. 141-151
-------- -------- --- Thank You --- -------- --------

Repl  Using Constant Pressure REMD.

++++ PLEASE READ AND CITE THE FOLLOWING REFERENCE ++++
T. Okabe and M. Kawata and Y. Okamoto and M. Mikami
Replica-exchange {M}onte {C}arlo method for the isobaric-isothermal ensemble
Chem. Phys. Lett. 335 (2001) pp. 435-439
-------- -------- --- Thank You --- -------- --------


Replica exchange in temperature
 300.0 312.6 325.7 339.4 353.6 368.4 383.9 400.0

Repl  p  1.00  1.00  1.00  1.00  1.00  1.00  1.00  1.00
Replica exchange interval: 1000

Replica random seed: -33640449
Replica exchange information below: ex and x = exchange, pr = probability
Center of mass motion removal mode is Linear
We have the following groups for center of mass motion removal:
  0:  rest

Started mdrun on rank 0 Sun Dec 22 05:52:25 2024

           Step           Time
              0        0.00000

   Energies (kJ/mol)
           Bond          Angle    Proper Dih. Per. Imp. Dih.          LJ-14
    3.09116e+02    6.93382e+02    8.45577e+02    2.71618e+01    2.61218e+02
     Coulomb-14        LJ (SR)  Disper. corr.   Coulomb (SR)   Coul. recip.
    3.56851e+03    1.11029e+04   -5.41677e+02   -9.73833e+04    3.15747e+02
      Potential    Kinetic En.   Total Energy  Conserved En.    Temperature
   -8.08014e+04    1.51769e+04   -6.56244e+04   -6.56208e+04    3.04685e+02
 Pres. DC (bar) Pressure (bar)   Constr. rmsd
   -1.51583e+02    1.99705e+02    0.00000e+00

Replica exchange at step 1000 time 2.00000
Repl 0 <-> 1  dE_term =  1.425e+01 (kT)
  dpV =  5.786e-04  d =  1.425e+01
Repl ex  0    1    2    3    4    5    6    7
Repl pr   .00       .00       .00       .00

Replica exchange at step 2000 time 4.00000
Repl 1 <-> 2  dE_term =  3.386e+01 (kT)
  dpV =  5.705e-04  d =  3.387e+01
Repl ex  0    1    2    3    4    5    6    7
Repl pr        .00       .00       .00     

Replica exchange at step 3000 time 6.00000
Repl 0 <-> 1  dE_term =  1.795e+01 (kT)
  dpV = -1.561e-03  d =  1.795e+01
Repl ex  0    1    2    3    4    5    6    7
Repl pr   .00       .00       .00       .00

step 3400: timed with pme grid 40 40 40, coulomb cutoff 1.200: 412.6 M-cycles
step 3600: timed with pme grid 32 32 32, coulomb cutoff 1.369: 319.8 M-cycles
step 3800: timed with pme grid 28 28 28, coulomb cutoff 1.564: 414.6 M-cycles
step 4000: timed with pme grid 32 32 32, coulomb cutoff 1.369: 463.4 M-cycles
Replica exchange at step 4000 time 8.00000
Repl 1 <-> 2  dE_term =  3.716e+01 (kT)
  dpV =  3.160e-03  d =  3.716e+01
Repl ex  0    1    2    3    4    5    6    7
Repl pr        .00       .00       .00     

step 4200: timed with pme grid 36 36 36, coulomb cutoff 1.216: 429.4 M-cycles
              optimal pme grid 32 32 32, coulomb cutoff 1.369
           Step           Time
           5000       10.00000

   Energies (kJ/mol)
           Bond          Angle    Proper Dih. Per. Imp. Dih.          LJ-14
    2.91523e+02    6.84919e+02    9.02308e+02    3.40317e+01    2.75580e+02
     Coulomb-14        LJ (SR)  Disper. corr.   Coulomb (SR)   Coul. recip.
    3.59663e+03    1.10430e+04   -5.22585e+02   -9.61789e+04    2.10139e+02
      Potential    Kinetic En.   Total Energy  Conserved En.    Temperature
   -7.96634e+04    1.57158e+04   -6.39475e+04   -6.55224e+04    3.15504e+02
 Pres. DC (bar) Pressure (bar)   Constr. rmsd
   -1.41095e+02   -2.90065e+02    0.00000e+00

Replica exchange at step 5000 time 10.00000
Repl 0 <-> 1  dE_term =  3.012e+01 (kT)
  dpV =  2.494e-03  d =  3.012e+01
Repl ex  0    1    2    3    4    5    6    7
Repl pr   .00       .00       .00       .00

Replica exchange at step 6000 time 12.00000
Repl 1 <-> 2  dE_term =  7.452e+00 (kT)
  dpV = -1.951e-03  d =  7.450e+00
Repl ex  0    1    2    3    4    5    6    7
Repl pr        .00       .00       .00     

Replica exchange at step 7000 time 14.00000
Repl 0 <-> 1  dE_term =  2.604e+01 (kT)
  dpV =  2.187e-03  d =  2.604e+01
Repl ex  0    1    2    3    4    5    6    7
Repl pr   .00       .00       .00       .00

Replica exchange at step 8000 time 16.00000
Repl 1 <-> 2  dE_term = -1.327e+01 (kT)
  dpV = -2.840e-03  d = -1.327e+01
Repl ex  0    1 x  2    3    4    5    6    7
Repl pr        1.0       .00       .00     

Replica exchange at step 9000 time 18.00000
Repl 0 <-> 1  dE_term =  2.040e+01 (kT)
  dpV =  1.098e-03  d =  2.040e+01
Repl ex  0    1    2    3    4    5    6    7
Repl pr   .00       .00       .00       .00

           Step           Time
          10000       20.00000

   Energies (kJ/mol)
           Bond          Angle    Proper Dih. Per. Imp. Dih.          LJ-14
    2.64854e+02    6.82200e+02    8.47065e+02    5.32490e+01    2.79319e+02
     Coulomb-14        LJ (SR)  Disper. corr.   Coulomb (SR)   Coul. recip.
    3.56306e+03    1.07097e+04   -5.33063e+02   -9.60571e+04    2.21152e+02
      Potential    Kinetic En.   Total Energy  Conserved En.    Temperature
   -7.99696e+04    1.55593e+04   -6.44103e+04   -6.57841e+04    3.12361e+02
 Pres. DC (bar) Pressure (bar)   Constr. rmsd
   -1.46804e+02   -3.63818e+02    0.00000e+00

Replica exchange at step 10000 time 20.00000
Repl 1 <-> 2  dE_term =  1.360e+01 (kT)
  dpV = -1.092e-05  d =  1.360e+01
Repl ex  0    1    2    3    4    5    6    7
Repl pr        .00       .00       .00     

Replica exchange at step 11000 time 22.00000
Repl 0 <-> 1  dE_term =  2.424e+01 (kT)
  dpV =  1.555e-03  d =  2.424e+01
Repl ex  0    1    2    3    4    5    6 x  7
Repl pr   .00       .00       .00       1.0

Replica exchange at step 12000 time 24.00000
Repl 1 <-> 2  dE_term =  1.350e+01 (kT)
  dpV =  2.848e-05  d =  1.350e+01
Repl ex  0    1    2    3    4    5    6    7
Repl pr        .00       .00       .00     

Replica exchange at step 13000 time 26.00000
Repl 0 <-> 1  dE_term =  3.529e+01 (kT)
  dpV =  1.427e-03  d =  3.529e+01
Repl ex  0    1    2    3    4    5    6 x  7
Repl pr   .00       .00       .00       1.0

Replica exchange at step 14000 time 28.00000
Repl 1 <-> 2  dE_term =  2.350e+01 (kT)
  dpV =  2.825e-03  d =  2.350e+01
Repl ex  0    1    2    3    4    5    6    7
Repl pr        .00       .00       .00     

           Step           Time
          15000       30.00000

   Energies (kJ/mol)
           Bond          Angle    Proper Dih. Per. Imp. Dih.          LJ-14
    2.64885e+02    6.54121e+02    8.86568e+02    5.39356e+01    2.80028e+02
     Coulomb-14        LJ (SR)  Disper. corr.   Coulomb (SR)   Coul. recip.
    3.66937e+03    1.10707e+04   -5.32016e+02   -9.60158e+04    2.53549e+02
      Potential    Kinetic En.   Total Energy  Conserved En.    Temperature
   -7.94147e+04    1.52925e+04   -6.41222e+04   -6.57351e+04    3.07004e+02
 Pres. DC (bar) Pressure (bar)   Constr. rmsd
   -1.46228e+02   -2.37177e+01    0.00000e+00

Replica exchange at step 15000 time 30.00000
Repl 0 <-> 1  dE_term =  4.523e+01 (kT)
  dpV =  2.978e-03  d =  4.524e+01
Repl ex  0    1    2    3    4    5    6    7
Repl pr   .00       .00       .00       .00

Replica exchange at step 16000 time 32.00000
Repl 1 <-> 2  dE_term =  2.985e+01 (kT)
  dpV =  1.352e-03  d =  2.985e+01
Repl ex  0    1    2    3    4    5    6    7
Repl pr        .00       .00       .00     

Replica exchange at step 17000 time 34.00000
Repl 0 <-> 1  dE_term =  2.031e+01 (kT)
  dpV = -1.640e-04  d =  2.031e+01
Repl ex  0    1    2    3    4    5    6    7
Repl pr   .00       .00       .00       .00

Replica exchange at step 18000 time 36.00000
Repl 1 <-> 2  dE_term =  3.402e+01 (kT)
  dpV =  1.818e-03  d =  3.402e+01
Repl ex  0    1    2    3    4    5    6    7
Repl pr        .00       .00       .00     

Replica exchange at step 19000 time 38.00000
Repl 0 <-> 1  dE_term =  3.818e+01 (kT)
  dpV =  2.664e-03  d =  3.818e+01
Repl ex  0    1    2    3    4    5    6    7
Repl pr   .00       .00       .00       .00

           Step           Time
          20000       40.00000

   Energies (kJ/mol)
           Bond          Angle    Proper Dih. Per. Imp. Dih.          LJ-14
    2.12606e+02    7.46812e+02    8.71768e+02    4.67189e+01    2.97339e+02
     Coulomb-14        LJ (SR)  Disper. corr.   Coulomb (SR)   Coul. recip.
    3.75245e+03    1.15753e+04   -5.33052e+02   -9.72849e+04    1.99678e+02
      Potential    Kinetic En.   Total Energy  Conserved En.    Temperature
   -8.01152e+04    1.56265e+04   -6.44888e+04   -6.55050e+04    3.13710e+02
 Pres. DC (bar) Pressure (bar)   Constr. rmsd
   -1.46798e+02    6.98624e+02    0.00000e+00

Replica exchange at step 20000 time 40.00000
Repl 1 <-> 2  dE_term =  2.816e+01 (kT)
  dpV =  1.482e-03  d =  2.816e+01
Repl ex  0    1    2    3    4    5    6    7
Repl pr        .00       .00       .00     

Replica exchange at step 21000 time 42.00000
Repl 0 <-> 1  dE_term =  1.004e+01 (kT)
  dpV =  3.611e-04  d =  1.004e+01
Repl ex  0    1    2    3    4    5    6    7
Repl pr   .00       .00       .00       .00

Replica exchange at step 22000 time 44.00000
Repl 1 <-> 2  dE_term =  2.209e+01 (kT)
  dpV =  1.101e-03  d =  2.209e+01
Repl ex  0    1    2    3    4    5    6    7
Repl pr        .00       .00       .00     

Replica exchange at step 23000 time 46.00000
Repl 0 <-> 1  dE_term =  2.488e+01 (kT)
  dpV =  4.159e-04  d =  2.488e+01
Repl ex  0    1    2    3    4    5    6    7
Repl pr   .00       .00       .00       .09

Replica exchange at step 24000 time 48.00000
Repl 1 <-> 2  dE_term =  1.158e+01 (kT)
  dpV = -1.099e-04  d =  1.158e+01
Repl ex  0    1    2    3    4    5    6    7
Repl pr        .00       .00       .00     

           Step           Time
          25000       50.00000

   Energies (kJ/mol)
           Bond          Angle    Proper Dih. Per. Imp. Dih.          LJ-14
    2.56651e+02    6.85825e+02    9.06164e+02    2.60933e+01    2.88859e+02
     Coulomb-14        LJ (SR)  Disper. corr.   Coulomb (SR)   Coul. recip.
    3.73068e+03    1.10464e+04   -5.39236e+02   -9.66593e+04    2.03849e+02
      Potential    Kinetic En.   Total Energy  Conserved En.    Temperature
   -8.00540e+04    1.55313e+04   -6.45227e+04   -6.53837e+04    3.11798e+02
 Pres. DC (bar) Pressure (bar)   Constr. rmsd
   -1.50221e+02    1.95441e+02    0.00000e+00

Replica exchange at step 25000 time 50.00000
Repl 0 <-> 1  dE_term =  1.899e+01 (kT)
  dpV =  6.514e-05  d =  1.899e+01
Repl ex  0    1    2    3    4    5    6    7
Repl pr   .00       .00       .00       .00

Replica exchange at step 26000 time 52.00000
Repl 1 <-> 2  dE_term =  1.781e+01 (kT)
  dpV = -1.789e-04  d =  1.781e+01
Repl ex  0    1    2    3    4    5    6    7
Repl pr        .00       .00       .00     

Replica exchange at step 27000 time 54.00000
Repl 0 <-> 1  dE_term =  1.790e+01 (kT)
  dpV =  1.479e-04  d =  1.790e+01
Repl ex  0    1    2    3    4    5    6    7
Repl pr   .00       .00       .00       .00

Replica exchange at step 28000 time 56.00000
Repl 1 <-> 2  dE_term =  8.811e+00 (kT)
  dpV = -1.093e-04  d =  8.811e+00
Repl ex  0    1    2    3    4    5    6    7
Repl pr        .00       .00       .14     

Replica exchange at step 29000 time 58.00000
Repl 0 <-> 1  dE_term =  3.363e+01 (kT)
  dpV =  1.939e-03  d =  3.363e+01
Repl ex  0    1    2    3    4    5    6    7
Repl pr   .00       .00       .00       .00

           Step           Time
          30000       60.00000

   Energies (kJ/mol)
           Bond          Angle    Proper Dih. Per. Imp. Dih.          LJ-14
    2.49576e+02    6.36764e+02    8.72654e+02    5.81215e+01    2.69762e+02
     Coulomb-14        LJ (SR)  Disper. corr.   Coulomb (SR)   Coul. recip.
    3.70221e+03    1.06487e+04   -5.24653e+02   -9.61610e+04    2.14785e+02
      Potential    Kinetic En.   Total Energy  Conserved En.    Temperature
   -8.00331e+04    1.53302e+04   -6.47029e+04   -6.46333e+04    3.07762e+02
 Pres. DC (bar) Pressure (bar)   Constr. rmsd
   -1.42213e+02   -3.59563e+02    0.00000e+00

Replica exchange at step 30000 time 60.00000
Repl 1 <-> 2  dE_term =  2.543e+01 (kT)
  dpV =  3.256e-04  d =  2.543e+01
Repl ex  0    1    2    3    4    5    6    7
Repl pr        .00       .00       .00     

Replica exchange at step 31000 time 62.00000
Repl 0 <-> 1  dE_term =  3.422e+01 (kT)
  dpV =  3.775e-04  d =  3.422e+01
Repl ex  0    1    2    3    4    5    6    7
Repl pr   .00       .16       .00       .00

Replica exchange at step 32000 time 64.00000
Repl 1 <-> 2  dE_term =  2.402e+01 (kT)
  dpV =  1.452e-03  d =  2.402e+01
Repl ex  0    1    2    3    4    5    6    7
Repl pr        .00       .00       .00     

Replica exchange at step 33000 time 66.00000
Repl 0 <-> 1  dE_term =  3.270e+01 (kT)
  dpV =  4.491e-04  d =  3.270e+01
Repl ex  0    1    2    3    4    5    6    7
Repl pr   .00       .00       .00       .00

Replica exchange at step 34000 time 68.00000
Repl 1 <-> 2  dE_term =  1.352e+01 (kT)
  dpV =  4.844e-04  d =  1.352e+01
Repl ex  0    1    2    3    4    5    6    7
Repl pr        .00       .00       .00     

           Step           Time
          35000       70.00000

   Energies (kJ/mol)
           Bond          Angle    Proper Dih. Per. Imp. Dih.          LJ-14
    2.55465e+02    6.65752e+02    8.67964e+02    3.01440e+01    2.82841e+02
     Coulomb-14        LJ (SR)  Disper. corr.   Coulomb (SR)   Coul. recip.
    3.68513e+03    1.08041e+04   -5.34552e+02   -9.58138e+04    2.23829e+02
      Potential    Kinetic En.   Total Energy  Conserved En.    Temperature
   -7.95331e+04    1.56842e+04   -6.38489e+04   -6.43570e+04    3.14869e+02
 Pres. DC (bar) Pressure (bar)   Constr. rmsd
   -1.47625e+02    1.66160e+02    0.00000e+00

Replica exchange at step 35000 time 70.00000
Repl 0 <-> 1  dE_term =  3.323e+01 (kT)
  dpV =  1.150e-03  d =  3.323e+01
Repl ex  0    1    2    3    4    5    6    7
Repl pr   .00       .00       .00       .00

Replica exchange at step 36000 time 72.00000
Repl 1 <-> 2  dE_term =  1.558e+01 (kT)
  dpV =  5.910e-04  d =  1.558e+01
Repl ex  0    1    2    3    4    5 x  6    7
Repl pr        .00       .00       .60     

Replica exchange at step 37000 time 74.00000
Repl 0 <-> 1  dE_term =  1.873e+01 (kT)
  dpV =  9.176e-04  d =  1.873e+01
Repl ex  0    1    2    3    4    5    6    7
Repl pr   .00       .00       .00       .00

Replica exchange at step 38000 time 76.00000
Repl 1 <-> 2  dE_term =  9.581e+00 (kT)
  dpV =  3.149e-04  d =  9.582e+00
Repl ex  0    1    2    3    4    5    6    7
Repl pr        .00       .00       .00     

Replica exchange at step 39000 time 78.00000
Repl 0 <-> 1  dE_term =  1.989e+01 (kT)
  dpV =  2.107e-04  d =  1.989e+01
Repl ex  0    1    2    3    4    5    6    7
Repl pr   .00       .00       .00       .00

           Step           Time
          40000       80.00000

   Energies (kJ/mol)
           Bond          Angle    Proper Dih. Per. Imp. Dih.          LJ-14
    2.33305e+02    6.51066e+02    8.95489e+02    3.26948e+01    3.05365e+02
     Coulomb-14        LJ (SR)  Disper. corr.   Coulomb (SR)   Coul. recip.
    3.76180e+03    1.08640e+04   -5.36081e+02   -9.62883e+04    1.95747e+02
      Potential    Kinetic En.   Total Energy  Conserved En.    Temperature
   -7.98849e+04    1.53485e+04   -6.45365e+04   -6.40776e+04    3.08128e+02
 Pres. DC (bar) Pressure (bar)   Constr. rmsd
   -1.48470e+02    2.44959e+02    0.00000e+00

Replica exchange at step 40000 time 80.00000
Repl 1 <-> 2  dE_term =  2.192e+01 (kT)
  dpV = -5.241e-04  d =  2.192e+01
Repl ex  0    1    2    3    4    5    6    7
Repl pr        .00       .00       .00     

Replica exchange at step 41000 time 82.00000
Repl 0 <-> 1  dE_term =  2.237e+01 (kT)
  dpV = -3.941e-04  d =  2.237e+01
Repl ex  0    1    2    3    4    5    6 x  7
Repl pr   .00       .00       .00       1.0

Replica exchange at step 42000 time 84.00000
Repl 1 <-> 2  dE_term =  2.093e+01 (kT)
  dpV =  1.508e-03  d =  2.093e+01
Repl ex  0    1    2    3    4    5    6    7
Repl pr        .00       .00       .00     

Replica exchange at step 43000 time 86.00000
Repl 0 <-> 1  dE_term =  1.857e+00 (kT)
  dpV = -4.006e-04  d =  1.857e+00
Repl ex  0    1    2 x  3    4    5    6    7
Repl pr   .16       .22       .00       .00

Replica exchange at step 44000 time 88.00000
Repl 1 <-> 2  dE_term =  2.790e+01 (kT)
  dpV =  2.464e-03  d =  2.790e+01
Repl ex  0    1    2    3    4    5    6    7
Repl pr        .00       .00       .00     

           Step           Time
          45000       90.00000

   Energies (kJ/mol)
           Bond          Angle    Proper Dih. Per. Imp. Dih.          LJ-14
    2.03460e+02    6.45145e+02    8.62955e+02    4.55555e+01    3.03155e+02
     Coulomb-14        LJ (SR)  Disper. corr.   Coulomb (SR)   Coul. recip.
    3.75249e+03    1.09991e+04   -5.38403e+02   -9.67750e+04    1.95152e+02
      Potential    Kinetic En.   Total Energy  Conserved En.    Temperature
   -8.03064e+04    1.51610e+04   -6.51455e+04   -6.36778e+04    3.04364e+02
 Pres. DC (bar) Pressure (bar)   Constr. rmsd
   -1.49758e+02    2.07626e+02    0.00000e+00

Replica exchange at step 45000 time 90.00000
Repl 0 <-> 1  dE_term =  1.607e+01 (kT)
  dpV =  2.501e-04  d =  1.607e+01
Repl ex  0    1    2    3    4    5    6    7
Repl pr   .00       .00       .00       .00

Replica exchange at step 46000 time 92.00000
Repl 1 <-> 2  dE_term =  2.356e+01 (kT)
  dpV =  6.150e-04  d =  2.356e+01
Repl ex  0    1    2    3    4    5    6    7
Repl pr        .00       .00       .00     

Replica exchange at step 47000 time 94.00000
Repl 0 <-> 1  dE_term =  1.998e+01 (kT)
  dpV = -3.305e-05  d =  1.998e+01
Repl ex  0    1    2    3    4    5    6    7
Repl pr   .00       .00       .00       .00

Replica exchange at step 48000 time 96.00000
Repl 1 <-> 2  dE_term =  1.233e+01 (kT)
  dpV = -5.615e-04  d =  1.233e+01
Repl ex  0    1    2    3    4    5    6    7
Repl pr        .00       .00       .00     

Replica exchange at step 49000 time 98.00000
Repl 0 <-> 1  dE_term =  1.570e+01 (kT)
  dpV =  1.047e-03  d =  1.570e+01
Repl ex  0    1    2    3    4    5    6    7
Repl pr   .00       .00       .00       .00

           Step           Time
          50000      100.00000

   Energies (kJ/mol)
           Bond          Angle    Proper Dih. Per. Imp. Dih.          LJ-14
    2.86107e+02    6.14019e+02    8.24030e+02    3.37130e+01    2.63676e+02
     Coulomb-14        LJ (SR)  Disper. corr.   Coulomb (SR)   Coul. recip.
    3.68801e+03    1.06017e+04   -5.37748e+02   -9.59453e+04    2.27302e+02
      Potential    Kinetic En.   Total Energy  Conserved En.    Temperature
   -7.99445e+04    1.55088e+04   -6.44357e+04   -6.33975e+04    3.11347e+02
 Pres. DC (bar) Pressure (bar)   Constr. rmsd
   -1.49394e+02   -4.80733e+02    0.00000e+00

Replica exchange at step 50000 time 100.00000
Repl 1 <-> 2  dE_term =  2.989e+01 (kT)
  dpV =  2.294e-03  d =  2.989e+01
Repl ex  0    1    2    3    4    5    6    7
Repl pr        .00       .00       .00     

Replica exchange at step 51000 time 102.00000
Repl 0 <-> 1  dE_term =  3.200e+01 (kT)
  dpV =  2.595e-03  d =  3.201e+01
Repl ex  0    1    2    3    4    5    6    7
Repl pr   .00       .00       .00       .00

Replica exchange at step 52000 time 104.00000
Repl 1 <-> 2  dE_term =  1.858e+01 (kT)
  dpV = -2.659e-04  d =  1.858e+01
Repl ex  0    1    2    3    4    5    6    7
Repl pr        .00       .00       .00     

Replica exchange at step 53000 time 106.00000
Repl 0 <-> 1  dE_term =  3.659e+01 (kT)
  dpV =  3.144e-03  d =  3.659e+01
Repl ex  0    1    2    3    4    5    6    7
Repl pr   .00       .00       .00       .00

Replica exchange at step 54000 time 108.00000
Repl 1 <-> 2  dE_term =  1.511e+01 (kT)
  dpV =  4.271e-04  d =  1.511e+01
Repl ex  0    1    2    3    4    5    6    7
Repl pr        .00       .00       .00     

           Step           Time
          55000      110.00000

   Energies (kJ/mol)
           Bond          Angle    Proper Dih. Per. Imp. Dih.          LJ-14
    2.57361e+02    6.08802e+02    8.76577e+02    2.48309e+01    2.70989e+02
     Coulomb-14        LJ (SR)  Disper. corr.   Coulomb (SR)   Coul. recip.
    3.63464e+03    1.08357e+04   -5.35021e+02   -9.61130e+04    1.96875e+02
      Potential    Kinetic En.   Total Energy  Conserved En.    Temperature
   -7.99423e+04    1.58349e+04   -6.41074e+04   -6.28709e+04    3.17893e+02
 Pres. DC (bar) Pressure (bar)   Constr. rmsd
   -1.47884e+02    7.59107e+01    0.00000e+00

Replica exchange at step 55000 time 110.00000
Repl 0 <-> 1  dE_term =  2.471e+01 (kT)
  dpV =  8.256e-04  d =  2.471e+01
Repl ex  0    1    2    3    4    5    6    7
Repl pr   .00       .00       .00       .00

Replica exchange at step 56000 time 112.00000
Repl 1 <-> 2  dE_term =  2.616e+01 (kT)
  dpV =  2.223e-03  d =  2.616e+01
Repl ex  0    1    2    3    4    5    6    7
Repl pr        .00       .00       .00     

Replica exchange at step 57000 time 114.00000
Repl 0 <-> 1  dE_term =  2.260e+01 (kT)
  dpV =  1.631e-03  d =  2.260e+01
Repl ex  0    1    2    3    4 x  5    6    7
Repl pr   .00       .00       1.0       .00

Replica exchange at step 58000 time 116.00000
Repl 1 <-> 2  dE_term =  3.336e+01 (kT)
  dpV =  1.693e-03  d =  3.337e+01
Repl ex  0    1    2    3    4    5    6    7
Repl pr        .00       .00       .00     

Replica exchange at step 59000 time 118.00000
Repl 0 <-> 1  dE_term =  1.540e+01 (kT)
  dpV =  1.715e-04  d =  1.540e+01
Repl ex  0    1    2    3    4    5    6    7
Repl pr   .00       .00       .00       .00

           Step           Time
          60000      120.00000

   Energies (kJ/mol)
           Bond          Angle    Proper Dih. Per. Imp. Dih.          LJ-14
    2.88239e+02    6.36769e+02    8.80103e+02    3.31980e+01    2.81405e+02
     Coulomb-14        LJ (SR)  Disper. corr.   Coulomb (SR)   Coul. recip.
    3.64021e+03    1.10291e+04   -5.32756e+02   -9.66898e+04    2.01403e+02
      Potential    Kinetic En.   Total Energy  Conserved En.    Temperature
   -8.02321e+04    1.59334e+04   -6.42987e+04   -6.25660e+04    3.19871e+02
 Pres. DC (bar) Pressure (bar)   Constr. rmsd
   -1.46635e+02   -6.00615e+01    0.00000e+00

Replica exchange at step 60000 time 120.00000
Repl 1 <-> 2  dE_term =  2.742e+01 (kT)
  dpV =  3.345e-05  d =  2.742e+01
Repl ex  0    1    2    3    4    5    6    7
Repl pr        .00       .02       .00     

Replica exchange at step 61000 time 122.00000
Repl 0 <-> 1  dE_term =  3.333e+01 (kT)
  dpV =  1.730e-03  d =  3.334e+01
Repl ex  0    1    2    3    4    5    6    7
Repl pr   .00       .00       .00       .00

Replica exchange at step 62000 time 124.00000
Repl 1 <-> 2  dE_term =  1.880e+01 (kT)
  dpV =  6.021e-04  d =  1.880e+01
Repl ex  0    1    2    3    4    5    6    7
Repl pr        .00       .00       .00     

Replica exchange at step 63000 time 126.00000
Repl 0 <-> 1  dE_term =  2.459e+01 (kT)
  dpV =  1.836e-03  d =  2.459e+01
Repl ex  0    1    2    3    4    5    6    7
Repl pr   .00       .00       .00       .00

Replica exchange at step 64000 time 128.00000
Repl 1 <-> 2  dE_term =  2.370e+01 (kT)
  dpV =  1.887e-03  d =  2.370e+01
Repl ex  0    1    2    3    4    5    6    7
Repl pr        .00       .00       .00     

           Step           Time
          65000      130.00000

   Energies (kJ/mol)
           Bond          Angle    Proper Dih. Per. Imp. Dih.          LJ-14
    2.66164e+02    6.49302e+02    8.81261e+02    3.41615e+01    2.73661e+02
     Coulomb-14        LJ (SR)  Disper. corr.   Coulomb (SR)   Coul. recip.
    3.71073e+03    1.11073e+04   -5.30979e+02   -9.67121e+04    2.14936e+02
      Potential    Kinetic En.   Total Energy  Conserved En.    Temperature
   -8.01056e+04    1.51403e+04   -6.49653e+04   -6.23631e+04    3.03950e+02
 Pres. DC (bar) Pressure (bar)   Constr. rmsd
   -1.45660e+02    1.27773e+02    0.00000e+00

Replica exchange at step 65000 time 130.00000
Repl 0 <-> 1  dE_term =  2.162e+01 (kT)
  dpV =  8.139e-04  d =  2.162e+01
Repl ex  0    1    2    3    4    5    6    7
Repl pr   .00       .00       .00       .00

Replica exchange at step 66000 time 132.00000
Repl 1 <-> 2  dE_term =  2.961e+01 (kT)
  dpV =  2.906e-03  d =  2.962e+01
Repl ex  0    1    2    3    4    5    6    7
Repl pr        .00       .00       .00     

Replica exchange at step 67000 time 134.00000
Repl 0 <-> 1  dE_term =  2.486e+01 (kT)
  dpV = -9.189e-04  d =  2.486e+01
Repl ex  0    1    2    3    4    5    6    7
Repl pr   .00       .00       .00       .00

Replica exchange at step 68000 time 136.00000
Repl 1 <-> 2  dE_term =  2.541e+01 (kT)
  dpV =  7.335e-04  d =  2.541e+01
Repl ex  0    1    2    3    4    5    6    7
Repl pr        .00       .00       .00     

Replica exchange at step 69000 time 138.00000
Repl 0 <-> 1  dE_term =  6.931e+00 (kT)
  dpV = -2.021e-03  d =  6.929e+00
Repl ex  0    1    2    3    4    5    6    7
Repl pr   .00       .00       .00       .00

           Step           Time
          70000      140.00000

   Energies (kJ/mol)
           Bond          Angle    Proper Dih. Per. Imp. Dih.          LJ-14
    2.16061e+02    6.69986e+02    8.72767e+02    4.12251e+01    2.90824e+02
     Coulomb-14        LJ (SR)  Disper. corr.   Coulomb (SR)   Coul. recip.
    3.66211e+03    1.08338e+04   -5.31312e+02   -9.59467e+04    2.02175e+02
      Potential    Kinetic En.   Total Energy  Conserved En.    Temperature
   -7.96891e+04    1.54169e+04   -6.42722e+04   -6.22124e+04    3.09502e+02
 Pres. DC (bar) Pressure (bar)   Constr. rmsd
   -1.45842e+02    2.08956e+02    0.00000e+00

Replica exchange at step 70000 time 140.00000
Repl 1 <-> 2  dE_term =  1.566e+01 (kT)
  dpV =  5.312e-04  d =  1.566e+01
Repl ex  0    1    2    3    4    5    6    7
Repl pr        .00       .00       .00     

Replica exchange at step 71000 time 142.00000
Repl 0 <-> 1  dE_term =  2.423e+01 (kT)
  dpV = -1.393e-04  d =  2.423e+01
Repl ex  0    1    2    3    4    5    6    7
Repl pr   .00       .00       .00       .00

Replica exchange at step 72000 time 144.00000
Repl 1 <-> 2  dE_term =  1.983e+01 (kT)
  dpV =  5.662e-04  d =  1.983e+01
Repl ex  0    1    2    3    4    5    6    7
Repl pr        .00       .00       .00     

Replica exchange at step 73000 time 146.00000
Repl 0 <-> 1  dE_term =  6.925e+00 (kT)
  dpV =  1.062e-03  d =  6.926e+00
Repl ex  0    1    2    3    4    5    6    7
Repl pr   .00       .00       .00       .00

Replica exchange at step 74000 time 148.00000
Repl 1 <-> 2  dE_term =  3.994e+01 (kT)
  dpV =  2.831e-03  d =  3.994e+01
Repl ex  0    1    2    3    4    5    6    7
Repl pr        .00       .00       .00     

           Step           Time
          75000      150.00000

   Energies (kJ/mol)
           Bond          Angle    Proper Dih. Per. Imp. Dih.          LJ-14
    2.11656e+02    6.15796e+02    8.52748e+02    3.51135e+01    2.88806e+02
     Coulomb-14        LJ (SR)  Disper. corr.   Coulomb (SR)   Coul. recip.
    3.77184e+03    1.08702e+04   -5.40064e+02   -9.65175e+04    2.16662e+02
      Potential    Kinetic En.   Total Energy  Conserved En.    Temperature
   -8.01947e+04    1.56411e+04   -6.45536e+04   -6.17487e+04    3.14004e+02
 Pres. DC (bar) Pressure (bar)   Constr. rmsd
   -1.50682e+02    5.04839e+02    0.00000e+00

Replica exchange at step 75000 time 150.00000
Repl 0 <-> 1  dE_term =  1.548e+01 (kT)
  dpV =  1.040e-03  d =  1.548e+01
Repl ex  0    1    2    3    4    5    6    7
Repl pr   .00       .02       .00       .00

Replica exchange at step 76000 time 152.00000
Repl 1 <-> 2  dE_term =  2.925e+01 (kT)
  dpV =  3.234e-03  d =  2.926e+01
Repl ex  0    1    2    3    4    5    6    7
Repl pr        .00       .00       .00     

Replica exchange at step 77000 time 154.00000
Repl 0 <-> 1  dE_term =  2.439e+01 (kT)
  dpV =  1.475e-03  d =  2.439e+01
Repl ex  0    1    2    3    4    5    6    7
Repl pr   .00       .00       .00       .00

Replica exchange at step 78000 time 156.00000
Repl 1 <-> 2  dE_term =  1.783e+01 (kT)
  dpV =  1.348e-03  d =  1.783e+01
Repl ex  0    1    2    3    4    5    6    7
Repl pr        .00       .00       .00     

Replica exchange at step 79000 time 158.00000
Repl 0 <-> 1  dE_term =  2.882e+01 (kT)
  dpV =  1.381e-03  d =  2.882e+01
Repl ex  0    1    2    3    4    5    6    7
Repl pr   .00       .00       .00       .00

           Step           Time
          80000      160.00000

   Energies (kJ/mol)
           Bond          Angle    Proper Dih. Per. Imp. Dih.          LJ-14
    2.40777e+02    6.33077e+02    9.11355e+02    4.51656e+01    2.77643e+02
     Coulomb-14        LJ (SR)  Disper. corr.   Coulomb (SR)   Coul. recip.
    3.66480e+03    1.04629e+04   -5.18872e+02   -9.52383e+04    2.39748e+02
      Potential    Kinetic En.   Total Energy  Conserved En.    Temperature
   -7.92817e+04    1.52801e+04   -6.40016e+04   -6.12198e+04    3.06756e+02
 Pres. DC (bar) Pressure (bar)   Constr. rmsd
   -1.39099e+02   -6.62224e+02    0.00000e+00

Replica exchange at step 80000 time 160.00000
Repl 1 <-> 2  dE_term =  1.194e+01 (kT)
  dpV = -2.089e-03  d =  1.193e+01
Repl ex  0    1    2    3    4    5    6    7
Repl pr        .00       .00       .00     

Replica exchange at step 81000 time 162.00000
Repl 0 <-> 1  dE_term =  3.054e+01 (kT)
  dpV =  1.647e-03  d =  3.054e+01
Repl ex  0    1    2    3    4    5    6    7
Repl pr   .00       .00       .00       .00

Replica exchange at step 82000 time 164.00000
Repl 1 <-> 2  dE_term =  3.009e+01 (kT)
  dpV =  1.356e-03  d =  3.009e+01
Repl ex  0    1    2    3    4    5    6    7
Repl pr        .00       .00       .00     

Replica exchange at step 83000 time 166.00000
Repl 0 <-> 1  dE_term =  1.608e+01 (kT)
  dpV = -3.930e-04  d =  1.608e+01
Repl ex  0    1    2    3    4    5    6    7
Repl pr   .00       .00       .00       .00

Replica exchange at step 84000 time 168.00000
Repl 1 <-> 2  dE_term =  2.004e+01 (kT)
  dpV =  1.513e-03  d =  2.004e+01
Repl ex  0    1    2    3    4    5    6    7
Repl pr        .00       .00       .00     

           Step           Time
          85000      170.00000

   Energies (kJ/mol)
           Bond          Angle    Proper Dih. Per. Imp. Dih.          LJ-14
    2.17059e+02    6.37113e+02    8.32318e+02    2.54013e+01    2.71202e+02
     Coulomb-14        LJ (SR)  Disper. corr.   Coulomb (SR)   Coul. recip.
    3.70506e+03    1.13854e+04   -5.40693e+02   -9.68591e+04    1.86212e+02
      Potential    Kinetic En.   Total Energy  Conserved En.    Temperature
   -8.01400e+04    1.54693e+04   -6.46708e+04   -6.06738e+04    3.10553e+02
 Pres. DC (bar) Pressure (bar)   Constr. rmsd
   -1.51033e+02    4.44044e+02    0.00000e+00

Replica exchange at step 85000 time 170.00000
Repl 0 <-> 1  dE_term =  2.127e+01 (kT)
  dpV =  3.981e-04  d =  2.127e+01
Repl ex  0    1    2    3    4    5    6    7
Repl pr   .00       .00       .00       .00

Replica exchange at step 86000 time 172.00000
Repl 1 <-> 2  dE_term =  4.816e+01 (kT)
  dpV =  3.284e-03  d =  4.817e+01
Repl ex  0    1    2    3    4    5    6    7
Repl pr        .00       .00       .00     

Replica exchange at step 87000 time 174.00000
Repl 0 <-> 1  dE_term =  4.592e+00 (kT)
  dpV = -1.382e-04  d =  4.592e+00
Repl ex  0    1    2    3    4    5    6    7
Repl pr   .01       .06       .00       .00

Replica exchange at step 88000 time 176.00000
Repl 1 <-> 2  dE_term =  1.457e+01 (kT)
  dpV =  1.491e-03  d =  1.457e+01
Repl ex  0    1    2    3    4    5    6    7
Repl pr        .00       .00       .00     

Replica exchange at step 89000 time 178.00000
Repl 0 <-> 1  dE_term =  2.338e+01 (kT)
  dpV =  1.352e-03  d =  2.338e+01
Repl ex  0    1    2    3    4    5    6    7
Repl pr   .00       .00       .00       .00

           Step           Time
          90000      180.00000

   Energies (kJ/mol)
           Bond          Angle    Proper Dih. Per. Imp. Dih.          LJ-14
    1.96902e+02    6.77262e+02    8.71191e+02    3.55270e+01    2.81486e+02
     Coulomb-14        LJ (SR)  Disper. corr.   Coulomb (SR)   Coul. recip.
    3.74265e+03    1.05235e+04   -5.18036e+02   -9.56393e+04    2.08583e+02
      Potential    Kinetic En.   Total Energy  Conserved En.    Temperature
   -7.96203e+04    1.58033e+04   -6.38170e+04   -6.02453e+04    3.17259e+02
 Pres. DC (bar) Pressure (bar)   Constr. rmsd
   -1.38651e+02   -2.68733e+02    0.00000e+00

Replica exchange at step 90000 time 180.00000
Repl 1 <-> 2  dE_term =  2.215e+01 (kT)
  dpV = -1.613e-03  d =  2.215e+01
Repl ex  0    1    2    3    4    5    6    7
Repl pr        .00       .00       .00     

Replica exchange at step 91000 time 182.00000
Repl 0 <-> 1  dE_term =  2.342e+01 (kT)
  dpV =  2.262e-04  d =  2.342e+01
Repl ex  0    1    2    3    4    5    6    7
Repl pr   .00       .00       .00       .00

Replica exchange at step 92000 time 184.00000
Repl 1 <-> 2  dE_term =  1.706e+01 (kT)
  dpV =  8.939e-04  d =  1.706e+01
Repl ex  0    1    2    3    4    5    6    7
Repl pr        .00       .00       .00     

Replica exchange at step 93000 time 186.00000
Repl 0 <-> 1  dE_term =  1.242e+01 (kT)
  dpV = -1.336e-03  d =  1.242e+01
Repl ex  0    1    2    3    4    5    6    7
Repl pr   .00       .00       .00       .00

Replica exchange at step 94000 time 188.00000
Repl 1 <-> 2  dE_term =  2.597e+01 (kT)
  dpV =  3.010e-03  d =  2.597e+01
Repl ex  0    1    2    3    4    5    6    7
Repl pr        .00       .00       .00     

           Step           Time
          95000      190.00000

   Energies (kJ/mol)
           Bond          Angle    Proper Dih. Per. Imp. Dih.          LJ-14
    2.94805e+02    6.76079e+02    8.42544e+02    4.03192e+01    2.76887e+02
     Coulomb-14        LJ (SR)  Disper. corr.   Coulomb (SR)   Coul. recip.
    3.59173e+03    1.09754e+04   -5.33135e+02   -9.62899e+04    2.22070e+02
      Potential    Kinetic En.   Total Energy  Conserved En.    Temperature
   -7.99031e+04    1.57655e+04   -6.41376e+04   -5.97743e+04    3.16500e+02
 Pres. DC (bar) Pressure (bar)   Constr. rmsd
   -1.46844e+02   -2.37482e+02    0.00000e+00

Replica exchange at step 95000 time 190.00000
Repl 0 <-> 1  dE_term =  2.878e+01 (kT)
  dpV =  1.260e-03  d =  2.879e+01
Repl ex  0    1    2    3    4    5    6    7
Repl pr   .00       .00       .00       .00

Replica exchange at step 96000 time 192.00000
Repl 1 <-> 2  dE_term =  2.102e+01 (kT)
  dpV =  1.521e-05  d =  2.102e+01
Repl ex  0    1    2    3    4    5    6    7
Repl pr        .00       .00       .00     

Replica exchange at step 97000 time 194.00000
Repl 0 <-> 1  dE_term =  3.237e+01 (kT)
  dpV =  1.118e-03  d =  3.237e+01
Repl ex  0    1    2    3    4    5    6    7
Repl pr   .00       .00       .00       .00

Replica exchange at step 98000 time 196.00000
Repl 1 <-> 2  dE_term =  1.946e+01 (kT)
  dpV =  6.924e-04  d =  1.946e+01
Repl ex  0    1    2    3    4    5    6    7
Repl pr        .00       .00       .00     

Replica exchange at step 99000 time 198.00000
Repl 0 <-> 1  dE_term =  2.114e+01 (kT)
  dpV =  8.960e-04  d =  2.114e+01
Repl ex  0    1    2    3    4    5    6    7
Repl pr   .00       .00       .00       .00

           Step           Time
         100000      200.00000

   Energies (kJ/mol)
           Bond          Angle    Proper Dih. Per. Imp. Dih.          LJ-14
    2.91400e+02    7.26959e+02    8.87116e+02    3.16260e+01    2.60959e+02
     Coulomb-14        LJ (SR)  Disper. corr.   Coulomb (SR)   Coul. recip.
    3.66706e+03    1.07154e+04   -5.29488e+02   -9.54168e+04    2.07052e+02
      Potential    Kinetic En.   Total Energy  Conserved En.    Temperature
   -7.91588e+04    1.57929e+04   -6.33659e+04   -5.95317e+04    3.17051e+02
 Pres. DC (bar) Pressure (bar)   Constr. rmsd
   -1.44843e+02   -1.01604e+02    0.00000e+00

Replica exchange at step 100000 time 200.00000
Repl 1 <-> 2  dE_term =  8.457e+00 (kT)
  dpV = -3.816e-04  d =  8.457e+00
Repl ex  0    1    2    3    4    5    6    7
Repl pr        .00       .00       .00     

Replica exchange at step 101000 time 202.00000
Repl 0 <-> 1  dE_term =  3.611e+01 (kT)
  dpV =  1.616e-03  d =  3.611e+01
Repl ex  0    1    2    3    4    5    6    7
Repl pr   .00       .00       .00       .00

Replica exchange at step 102000 time 204.00000
Repl 1 <-> 2  dE_term =  2.503e+01 (kT)
  dpV =  1.495e-03  d =  2.503e+01
Repl ex  0    1    2    3    4    5    6    7
Repl pr        .00       .00       .00     

Replica exchange at step 103000 time 206.00000
Repl 0 <-> 1  dE_term =  1.124e+01 (kT)
  dpV = -1.165e-03  d =  1.124e+01
Repl ex  0    1    2    3    4    5    6    7
Repl pr   .00       .00       .00       .00

Replica exchange at step 104000 time 208.00000
Repl 1 <-> 2  dE_term =  1.469e+01 (kT)
  dpV =  1.043e-03  d =  1.469e+01
Repl ex  0    1    2    3    4    5    6    7
Repl pr        .00       .00       .00     

           Step           Time
         105000      210.00000

   Energies (kJ/mol)
           Bond          Angle    Proper Dih. Per. Imp. Dih.          LJ-14
    2.32042e+02    6.14641e+02    9.21260e+02    3.46679e+01    2.85898e+02
     Coulomb-14        LJ (SR)  Disper. corr.   Coulomb (SR)   Coul. recip.
    3.69551e+03    1.09978e+04   -5.33683e+02   -9.64819e+04    1.91967e+02
      Potential    Kinetic En.   Total Energy  Conserved En.    Temperature
   -8.00418e+04    1.59265e+04   -6.41153e+04   -5.91870e+04    3.19733e+02
 Pres. DC (bar) Pressure (bar)   Constr. rmsd
   -1.47146e+02    3.16953e+02    0.00000e+00

Replica exchange at step 105000 time 210.00000
Repl 0 <-> 1  dE_term =  1.997e+01 (kT)
  dpV =  6.636e-04  d =  1.997e+01
Repl ex  0    1    2    3    4    5    6    7
Repl pr   .00       .00       .00       .02

Replica exchange at step 106000 time 212.00000
Repl 1 <-> 2  dE_term =  1.719e+01 (kT)
  dpV =  6.758e-04  d =  1.719e+01
Repl ex  0    1    2    3    4    5    6    7
Repl pr        .00       .00       .00     

Replica exchange at step 107000 time 214.00000
Repl 0 <-> 1  dE_term =  2.714e+01 (kT)
  dpV =  5.742e-04  d =  2.714e+01
Repl ex  0    1    2    3    4    5    6    7
Repl pr   .00       .00       .00       .00

Replica exchange at step 108000 time 216.00000
Repl 1 <-> 2  dE_term =  2.695e+01 (kT)
  dpV =  4.756e-04  d =  2.695e+01
Repl ex  0    1    2    3 x  4    5    6    7
Repl pr        .00       1.0       .00     

Replica exchange at step 109000 time 218.00000
Repl 0 <-> 1  dE_term =  1.528e+01 (kT)
  dpV =  1.205e-04  d =  1.528e+01
Repl ex  0    1    2    3    4    5    6    7
Repl pr   .00       .00       .00       .00

           Step           Time
         110000      220.00000

   Energies (kJ/mol)
           Bond          Angle    Proper Dih. Per. Imp. Dih.          LJ-14
    2.22754e+02    7.02109e+02    8.48225e+02    4.56647e+01    2.79387e+02
     Coulomb-14        LJ (SR)  Disper. corr.   Coulomb (SR)   Coul. recip.
    3.70172e+03    1.02438e+04   -5.33680e+02   -9.54025e+04    1.89381e+02
      Potential    Kinetic En.   Total Energy  Conserved En.    Temperature
   -7.97031e+04    1.57008e+04   -6.40024e+04   -5.87677e+04    3.15201e+02
 Pres. DC (bar) Pressure (bar)   Constr. rmsd
   -1.47144e+02   -5.07463e+02    0.00000e+00

Replica exchange at step 110000 time 220.00000
Repl 1 <-> 2  dE_term =  1.995e+01 (kT)
  dpV =  8.862e-04  d =  1.995e+01
Repl ex  0    1    2    3    4    5    6    7
Repl pr        .00       .00       .00     

Replica exchange at step 111000 time 222.00000
Repl 0 <-> 1  dE_term =  3.175e+01 (kT)
  dpV =  2.221e-03  d =  3.175e+01
Repl ex  0    1    2    3    4    5    6    7
Repl pr   .00       .00       .00       .00

Replica exchange at step 112000 time 224.00000
Repl 1 <-> 2  dE_term =  2.130e+01 (kT)
  dpV = -6.130e-04  d =  2.130e+01
Repl ex  0    1    2    3    4    5    6    7
Repl pr        .00       .00       .00     

Replica exchange at step 113000 time 226.00000
Repl 0 <-> 1  dE_term =  2.302e+01 (kT)
  dpV =  9.838e-04  d =  2.302e+01
Repl ex  0    1    2    3    4    5    6    7
Repl pr   .00       .00       .00       .00

Replica exchange at step 114000 time 228.00000
Repl 1 <-> 2  dE_term =  2.045e+01 (kT)
  dpV =  6.092e-04  d =  2.045e+01
Repl ex  0    1    2    3    4    5    6    7
Repl pr        .00       .00       .00     

           Step           Time
         115000      230.00000

   Energies (kJ/mol)
           Bond          Angle    Proper Dih. Per. Imp. Dih.          LJ-14
    2.58327e+02    6.60488e+02    8.08860e+02    5.44660e+01    2.94341e+02
     Coulomb-14        LJ (SR)  Disper. corr.   Coulomb (SR)   Coul. recip.
    3.65718e+03    1.07298e+04   -5.36418e+02   -9.59172e+04    2.13429e+02
      Potential    Kinetic En.   Total Energy  Conserved En.    Temperature
   -7.97767e+04    1.56754e+04   -6.41014e+04   -5.85647e+04    3.14691e+02
 Pres. DC (bar) Pressure (bar)   Constr. rmsd
   -1.48656e+02   -1.48266e+02    0.00000e+00

Replica exchange at step 115000 time 230.00000
Repl 0 <-> 1  dE_term =  2.296e+01 (kT)
  dpV =  4.013e-04  d =  2.296e+01
Repl ex  0    1    2    3    4    5    6    7
Repl pr   .00       .00       .00       .00

Replica exchange at step 116000 time 232.00000
Repl 1 <-> 2  dE_term =  1.766e+01 (kT)
  dpV = -1.997e-04  d =  1.766e+01
Repl ex  0    1    2    3    4    5    6    7
Repl pr        .00       .01       .00     

Replica exchange at step 117000 time 234.00000
Repl 0 <-> 1  dE_term =  3.504e+01 (kT)
  dpV =  1.913e-03  d =  3.504e+01
Repl ex  0    1    2    3    4    5    6    7
Repl pr   .00       .00       .00       .00

Replica exchange at step 118000 time 236.00000
Repl 1 <-> 2  dE_term =  1.678e+01 (kT)
  dpV =  7.723e-04  d =  1.678e+01
Repl ex  0    1    2    3    4    5    6    7
Repl pr        .00       .00       .00     

Replica exchange at step 119000 time 238.00000
Repl 0 <-> 1  dE_term =  2.156e+01 (kT)
  dpV = -7.923e-04  d =  2.156e+01
Repl ex  0    1    2    3    4    5    6    7
Repl pr   .00       .00       .00       .00

           Step           Time
         120000      240.00000

   Energies (kJ/mol)
           Bond          Angle    Proper Dih. Per. Imp. Dih.          LJ-14
    2.75491e+02    7.28077e+02    8.67875e+02    5.18071e+01    2.57951e+02
     Coulomb-14        LJ (SR)  Disper. corr.   Coulomb (SR)   Coul. recip.
    3.63755e+03    1.07422e+04   -5.36535e+02   -9.65428e+04    1.99823e+02
      Potential    Kinetic En.   Total Energy  Conserved En.    Temperature
   -8.03186e+04    1.49809e+04   -6.53377e+04   -5.83956e+04    3.00749e+02
 Pres. DC (bar) Pressure (bar)   Constr. rmsd
   -1.48721e+02   -2.80721e+02    0.00000e+00

Replica exchange at step 120000 time 240.00000
Repl 1 <-> 2  dE_term =  2.503e+01 (kT)
  dpV =  2.072e-05  d =  2.503e+01
Repl ex  0    1    2    3    4    5    6    7
Repl pr        .00       .00       .00     

Replica exchange at step 121000 time 242.00000
Repl 0 <-> 1  dE_term =  3.138e+01 (kT)
  dpV =  2.699e-03  d =  3.138e+01
Repl ex  0    1    2    3    4    5    6    7
Repl pr   .00       .00       .00       .00

Replica exchange at step 122000 time 244.00000
Repl 1 <-> 2  dE_term =  2.202e+01 (kT)
  dpV =  3.158e-04  d =  2.202e+01
Repl ex  0    1    2    3    4    5    6    7
Repl pr        .00       .09       .00     

Replica exchange at step 123000 time 246.00000
Repl 0 <-> 1  dE_term =  1.372e+01 (kT)
  dpV = -8.311e-05  d =  1.372e+01
Repl ex  0    1    2    3    4    5    6    7
Repl pr   .00       .00       .00       .00

Replica exchange at step 124000 time 248.00000
Repl 1 <-> 2  dE_term =  2.354e+01 (kT)
  dpV =  1.153e-03  d =  2.354e+01
Repl ex  0    1    2    3    4    5    6    7
Repl pr        .00       .00       .02     

           Step           Time
         125000      250.00000

   Energies (kJ/mol)
           Bond          Angle    Proper Dih. Per. Imp. Dih.          LJ-14
    2.46572e+02    6.85825e+02    8.40517e+02    4.28166e+01    2.84817e+02
     Coulomb-14        LJ (SR)  Disper. corr.   Coulomb (SR)   Coul. recip.
    3.67922e+03    1.04954e+04   -5.33777e+02   -9.54543e+04    1.99876e+02
      Potential    Kinetic En.   Total Energy  Conserved En.    Temperature
   -7.95130e+04    1.53733e+04   -6.41397e+04   -5.76386e+04    3.08626e+02
 Pres. DC (bar) Pressure (bar)   Constr. rmsd
   -1.47197e+02   -1.68379e+02    0.00000e+00

Replica exchange at step 125000 time 250.00000
Repl 0 <-> 1  dE_term =  3.407e+01 (kT)
  dpV =  1.115e-03  d =  3.407e+01
Repl ex  0    1    2    3    4    5    6    7
Repl pr   .00       .00       .00       .00

Replica exchange at step 126000 time 252.00000
Repl 1 <-> 2  dE_term =  1.942e+01 (kT)
  dpV = -5.235e-04  d =  1.942e+01
Repl ex  0    1    2    3    4    5    6    7
Repl pr        .00       .00       .00     

Replica exchange at step 127000 time 254.00000
Repl 0 <-> 1  dE_term =  2.514e+01 (kT)
  dpV =  1.851e-03  d =  2.514e+01
Repl ex  0    1    2    3    4    5    6 x  7
Repl pr   .00       .00       .00       1.0

Replica exchange at step 128000 time 256.00000
Repl 1 <-> 2  dE_term =  8.917e+00 (kT)
  dpV =  5.129e-04  d =  8.918e+00
Repl ex  0    1    2    3    4    5    6    7
Repl pr        .00       .00       .00     

Replica exchange at step 129000 time 258.00000
Repl 0 <-> 1  dE_term =  1.797e+01 (kT)
  dpV =  7.363e-04  d =  1.797e+01
Repl ex  0    1    2    3    4    5    6    7
Repl pr   .00       .00       .00       .00

           Step           Time
         130000      260.00000

   Energies (kJ/mol)
           Bond          Angle    Proper Dih. Per. Imp. Dih.          LJ-14
    2.75069e+02    6.50580e+02    8.45293e+02    3.72743e+01    2.84915e+02
     Coulomb-14        LJ (SR)  Disper. corr.   Coulomb (SR)   Coul. recip.
    3.68050e+03    1.08750e+04   -5.39979e+02   -9.68635e+04    1.98619e+02
      Potential    Kinetic En.   Total Energy  Conserved En.    Temperature
   -8.05562e+04    1.54233e+04   -6.51330e+04   -5.71190e+04    3.09630e+02
 Pres. DC (bar) Pressure (bar)   Constr. rmsd
   -1.50635e+02   -1.63951e+02    0.00000e+00

Replica exchange at step 130000 time 260.00000
Repl 1 <-> 2  dE_term =  3.333e+01 (kT)
  dpV =  7.144e-04  d =  3.333e+01
Repl ex  0    1    2    3    4    5    6    7
Repl pr        .00       .00       .00     

Replica exchange at step 131000 time 262.00000
Repl 0 <-> 1  dE_term =  2.640e+01 (kT)
  dpV =  3.425e-04  d =  2.640e+01
Repl ex  0    1    2    3    4    5    6    7
Repl pr   .00       .00       .00       .00

Replica exchange at step 132000 time 264.00000
Repl 1 <-> 2  dE_term =  1.784e+01 (kT)
  dpV = -8.842e-04  d =  1.784e+01
Repl ex  0    1    2    3    4    5    6    7
Repl pr        .00       .00       .00     

Replica exchange at step 133000 time 266.00000
Repl 0 <-> 1  dE_term =  1.520e+01 (kT)
  dpV = -7.179e-04  d =  1.520e+01
Repl ex  0    1    2    3    4    5    6 x  7
Repl pr   .00       .00       .00       1.0

Replica exchange at step 134000 time 268.00000
Repl 1 <-> 2  dE_term =  2.721e+01 (kT)
  dpV =  3.263e-04  d =  2.721e+01
Repl ex  0    1    2    3    4    5    6    7
Repl pr        .00       .00       .00     

           Step           Time
         135000      270.00000

   Energies (kJ/mol)
           Bond          Angle    Proper Dih. Per. Imp. Dih.          LJ-14
    2.73691e+02    6.45666e+02    8.72201e+02    3.47109e+01    2.94440e+02
     Coulomb-14        LJ (SR)  Disper. corr.   Coulomb (SR)   Coul. recip.
    3.70839e+03    1.10270e+04   -5.30426e+02   -9.58925e+04    2.29149e+02
      Potential    Kinetic En.   Total Energy  Conserved En.    Temperature
   -7.93376e+04    1.55037e+04   -6.38339e+04   -5.68110e+04    3.11244e+02
 Pres. DC (bar) Pressure (bar)   Constr. rmsd
   -1.45357e+02    2.50271e+02    0.00000e+00

Replica exchange at step 135000 time 270.00000
Repl 0 <-> 1  dE_term =  3.707e+01 (kT)
  dpV =  2.905e-03  d =  3.707e+01
Repl ex  0    1    2    3    4    5    6    7
Repl pr   .00       .00       .00       .00

Replica exchange at step 136000 time 272.00000
Repl 1 <-> 2  dE_term =  2.378e+01 (kT)
  dpV =  1.416e-03  d =  2.378e+01
Repl ex  0    1    2    3    4    5    6    7
Repl pr        .00       .00       .00     

Replica exchange at step 137000 time 274.00000
Repl 0 <-> 1  dE_term =  2.187e+01 (kT)
  dpV =  3.557e-04  d =  2.187e+01
Repl ex  0    1    2    3    4    5    6    7
Repl pr   .00       .14       .00       .00

Replica exchange at step 138000 time 276.00000
Repl 1 <-> 2  dE_term =  2.430e+01 (kT)
  dpV =  4.020e-04  d =  2.430e+01
Repl ex  0    1    2    3    4    5    6    7
Repl pr        .00       .00       .00     

Replica exchange at step 139000 time 278.00000
Repl 0 <-> 1  dE_term =  1.645e+01 (kT)
  dpV =  6.699e-04  d =  1.645e+01
Repl ex  0    1    2    3    4    5    6    7
Repl pr   .00       .00       .00       .00

           Step           Time
         140000      280.00000

   Energies (kJ/mol)
           Bond          Angle    Proper Dih. Per. Imp. Dih.          LJ-14
    2.15141e+02    6.09035e+02    8.69159e+02    2.45376e+01    2.91585e+02
     Coulomb-14        LJ (SR)  Disper. corr.   Coulomb (SR)   Coul. recip.
    3.68403e+03    1.13747e+04   -5.47452e+02   -9.72006e+04    2.20913e+02
      Potential    Kinetic En.   Total Energy  Conserved En.    Temperature
   -8.04589e+04    1.54733e+04   -6.49856e+04   -5.64275e+04    3.10635e+02
 Pres. DC (bar) Pressure (bar)   Constr. rmsd
   -1.54829e+02    9.69581e+02    0.00000e+00

Replica exchange at step 140000 time 280.00000
Repl 1 <-> 2  dE_term =  3.931e+01 (kT)
  dpV =  3.867e-03  d =  3.932e+01
Repl ex  0    1    2    3    4    5    6    7
Repl pr        .00       .00       .00     

Replica exchange at step 141000 time 282.00000
Repl 0 <-> 1  dE_term =  1.825e+01 (kT)
  dpV =  2.807e-04  d =  1.825e+01
Repl ex  0    1    2    3    4    5    6    7
Repl pr   .00       .03       .00       .00

Replica exchange at step 142000 time 284.00000
Repl 1 <-> 2  dE_term =  2.530e+01 (kT)
  dpV =  1.989e-03  d =  2.530e+01
Repl ex  0    1    2    3    4    5    6    7
Repl pr        .00       .00       .00     

Replica exchange at step 143000 time 286.00000
Repl 0 <-> 1  dE_term =  2.208e+01 (kT)
  dpV =  1.269e-03  d =  2.209e+01
Repl ex  0    1    2    3    4    5    6    7
Repl pr   .00       .00       .00       .00

Replica exchange at step 144000 time 288.00000
Repl 1 <-> 2  dE_term =  1.498e+01 (kT)
  dpV = -2.275e-03  d =  1.498e+01
Repl ex  0    1    2    3    4    5    6    7
Repl pr        .00       .00       .00     

           Step           Time
         145000      290.00000

   Energies (kJ/mol)
           Bond          Angle    Proper Dih. Per. Imp. Dih.          LJ-14
    2.19119e+02    6.27809e+02    8.59682e+02    4.52318e+01    2.89550e+02
     Coulomb-14        LJ (SR)  Disper. corr.   Coulomb (SR)   Coul. recip.
    3.59467e+03    1.02294e+04   -5.22066e+02   -9.48059e+04    2.42672e+02
      Potential    Kinetic En.   Total Energy  Conserved En.    Temperature
   -7.92199e+04    1.53130e+04   -6.39069e+04   -5.62174e+04    3.07416e+02
 Pres. DC (bar) Pressure (bar)   Constr. rmsd
   -1.40815e+02   -4.71390e+02    0.00000e+00

Replica exchange at step 145000 time 290.00000
Repl 0 <-> 1  dE_term =  3.980e+01 (kT)
  dpV =  2.981e-03  d =  3.980e+01
Repl ex  0    1    2    3    4    5    6    7
Repl pr   .00       .00       .00       .00

Replica exchange at step 146000 time 292.00000
Repl 1 <-> 2  dE_term = -8.799e-01 (kT)
  dpV = -1.115e-03  d = -8.810e-01
Repl ex  0    1 x  2    3    4    5    6    7
Repl pr        1.0       .00       .00     

Replica exchange at step 147000 time 294.00000
Repl 0 <-> 1  dE_term =  2.162e+01 (kT)
  dpV = -2.917e-04  d =  2.162e+01
Repl ex  0    1    2    3    4    5    6    7
Repl pr   .00       .00       .00       .00

Replica exchange at step 148000 time 296.00000
Repl 1 <-> 2  dE_term =  2.926e+01 (kT)
  dpV =  2.564e-03  d =  2.927e+01
Repl ex  0    1    2    3    4    5    6    7
Repl pr        .00       .00       .00     

Replica exchange at step 149000 time 298.00000
Repl 0 <-> 1  dE_term =  2.857e+01 (kT)
  dpV =  8.754e-04  d =  2.857e+01
Repl ex  0    1    2    3    4    5    6    7
Repl pr   .00       .00       .38       .00

           Step           Time
         150000      300.00000

   Energies (kJ/mol)
           Bond          Angle    Proper Dih. Per. Imp. Dih.          LJ-14
    3.02923e+02    6.76685e+02    8.90420e+02    2.65522e+01    2.87538e+02
     Coulomb-14        LJ (SR)  Disper. corr.   Coulomb (SR)   Coul. recip.
    3.77015e+03    1.06611e+04   -5.27823e+02   -9.57677e+04    1.85808e+02
      Potential    Kinetic En.   Total Energy  Conserved En.    Temperature
   -7.94943e+04    1.54953e+04   -6.39990e+04   -5.66739e+04    3.11077e+02
 Pres. DC (bar) Pressure (bar)   Constr. rmsd
   -1.43935e+02   -1.31423e+02    0.00000e+00

Replica exchange at step 150000 time 300.00000
Repl 1 <-> 2  dE_term =  1.292e+01 (kT)
  dpV = -1.409e-04  d =  1.292e+01
Repl ex  0    1    2    3    4    5    6    7
Repl pr        .00       .00       .00     

Replica exchange at step 151000 time 302.00000
Repl 0 <-> 1  dE_term =  2.858e+01 (kT)
  dpV =  4.488e-04  d =  2.858e+01
Repl ex  0    1    2    3    4    5    6    7
Repl pr   .00       .00       .00       .00

Replica exchange at step 152000 time 304.00000
Repl 1 <-> 2  dE_term =  9.788e+00 (kT)
  dpV = -1.000e-03  d =  9.787e+00
Repl ex  0    1    2    3    4    5    6    7
Repl pr        .00       .00       .00     

Replica exchange at step 153000 time 306.00000
Repl 0 <-> 1  dE_term =  2.735e+01 (kT)
  dpV =  6.064e-04  d =  2.735e+01
Repl ex  0    1    2    3    4    5    6    7
Repl pr   .00       .00       .00       .00

Replica exchange at step 154000 time 308.00000
Repl 1 <-> 2  dE_term =  8.741e+00 (kT)
  dpV = -4.883e-05  d =  8.741e+00
Repl ex  0    1    2    3    4    5    6    7
Repl pr        .00       .00       .00     

           Step           Time
         155000      310.00000

   Energies (kJ/mol)
           Bond          Angle    Proper Dih. Per. Imp. Dih.          LJ-14
    2.49432e+02    5.77032e+02    9.10161e+02    4.28406e+01    2.72873e+02
     Coulomb-14        LJ (SR)  Disper. corr.   Coulomb (SR)   Coul. recip.
    3.75141e+03    1.11902e+04   -5.42644e+02   -9.73234e+04    2.04220e+02
      Potential    Kinetic En.   Total Energy  Conserved En.    Temperature
   -8.06679e+04    1.54938e+04   -6.51741e+04   -5.61564e+04    3.11046e+02
 Pres. DC (bar) Pressure (bar)   Constr. rmsd
   -1.52124e+02   -1.60471e+02    0.00000e+00

Replica exchange at step 155000 time 310.00000
Repl 0 <-> 1  dE_term =  1.287e+01 (kT)
  dpV = -4.096e-04  d =  1.287e+01
Repl ex  0    1    2    3    4    5    6    7
Repl pr   .00       .00       .00       .00

Replica exchange at step 156000 time 312.00000
Repl 1 <-> 2  dE_term =  4.048e+01 (kT)
  dpV =  2.689e-03  d =  4.048e+01
Repl ex  0    1    2    3    4    5    6    7
Repl pr        .00       .00       .00     

Replica exchange at step 157000 time 314.00000
Repl 0 <-> 1  dE_term =  2.735e+01 (kT)
  dpV =  1.795e-03  d =  2.736e+01
Repl ex  0    1    2    3    4    5    6 x  7
Repl pr   .00       .00       .00       1.0

Replica exchange at step 158000 time 316.00000
Repl 1 <-> 2  dE_term =  1.874e+01 (kT)
  dpV =  2.933e-04  d =  1.874e+01
Repl ex  0    1    2    3    4    5    6    7
Repl pr        .00       .00       .00     

Replica exchange at step 159000 time 318.00000
Repl 0 <-> 1  dE_term =  1.506e+01 (kT)
  dpV =  4.628e-04  d =  1.506e+01
Repl ex  0    1    2    3    4    5    6    7
Repl pr   .00       .00       .00       .00

           Step           Time
         160000      320.00000

   Energies (kJ/mol)
           Bond          Angle    Proper Dih. Per. Imp. Dih.          LJ-14
    2.50926e+02    6.65151e+02    8.71103e+02    4.52539e+01    2.96199e+02
     Coulomb-14        LJ (SR)  Disper. corr.   Coulomb (SR)   Coul. recip.
    3.78525e+03    1.09969e+04   -5.47159e+02   -9.66663e+04    1.94485e+02
      Potential    Kinetic En.   Total Energy  Conserved En.    Temperature
   -8.01082e+04    1.58651e+04   -6.42431e+04   -5.58286e+04    3.18500e+02
 Pres. DC (bar) Pressure (bar)   Constr. rmsd
   -1.54664e+02    7.56510e+02    0.00000e+00

Replica exchange at step 160000 time 320.00000
Repl 1 <-> 2  dE_term =  2.417e+01 (kT)
  dpV =  2.905e-03  d =  2.418e+01
Repl ex  0    1    2    3    4    5    6    7
Repl pr        .00       .00       .00     

Replica exchange at step 161000 time 322.00000
Repl 0 <-> 1  dE_term =  2.027e+01 (kT)
  dpV =  2.873e-04  d =  2.027e+01
Repl ex  0    1    2    3    4    5    6    7
Repl pr   .00       .00       .00       .00

Replica exchange at step 162000 time 324.00000
Repl 1 <-> 2  dE_term =  2.695e+01 (kT)
  dpV =  2.176e-03  d =  2.695e+01
Repl ex  0    1    2    3    4    5    6    7
Repl pr        .00       .00       .00     

Replica exchange at step 163000 time 326.00000
Repl 0 <-> 1  dE_term =  2.703e+01 (kT)
  dpV =  1.600e-03  d =  2.704e+01
Repl ex  0    1    2    3    4    5    6    7
Repl pr   .00       .00       .02       .00

Replica exchange at step 164000 time 328.00000
Repl 1 <-> 2  dE_term =  3.196e+01 (kT)
  dpV =  7.399e-04  d =  3.196e+01
Repl ex  0    1    2    3    4    5    6    7
Repl pr        .00       .00       .00     

           Step           Time
         165000      330.00000

   Energies (kJ/mol)
           Bond          Angle    Proper Dih. Per. Imp. Dih.          LJ-14
    2.71978e+02    6.25180e+02    9.10812e+02    4.58813e+01    3.00897e+02
     Coulomb-14        LJ (SR)  Disper. corr.   Coulomb (SR)   Coul. recip.
    3.70014e+03    1.06597e+04   -5.35057e+02   -9.57302e+04    2.04924e+02
      Potential    Kinetic En.   Total Energy  Conserved En.    Temperature
   -7.95458e+04    1.59335e+04   -6.36123e+04   -5.56283e+04    3.19872e+02
 Pres. DC (bar) Pressure (bar)   Constr. rmsd
   -1.47904e+02   -2.90234e+02    0.00000e+00

Replica exchange at step 165000 time 330.00000
Repl 0 <-> 1  dE_term =  2.993e+01 (kT)
  dpV =  2.374e-05  d =  2.993e+01
Repl ex  0    1    2    3    4    5    6    7
Repl pr   .00       .00       .00       .00

Replica exchange at step 166000 time 332.00000
Repl 1 <-> 2  dE_term =  1.065e+01 (kT)
  dpV = -1.972e-04  d =  1.065e+01
Repl ex  0    1    2    3    4    5    6    7
Repl pr        .00       .00       .00     

Replica exchange at step 167000 time 334.00000
Repl 0 <-> 1  dE_term =  6.670e+00 (kT)
  dpV = -1.595e-03  d =  6.668e+00
Repl ex  0    1    2    3    4    5    6    7
Repl pr   .00       .00       .00       .00

Replica exchange at step 168000 time 336.00000
Repl 1 <-> 2  dE_term =  1.996e+01 (kT)
  dpV = -4.408e-04  d =  1.996e+01
Repl ex  0    1    2    3    4    5    6    7
Repl pr        .00       .00       .00     

Replica exchange at step 169000 time 338.00000
Repl 0 <-> 1  dE_term =  1.130e+01 (kT)
  dpV =  1.352e-04  d =  1.130e+01
Repl ex  0    1    2    3    4    5    6    7
Repl pr   .00       .00       .00       .00

           Step           Time
         170000      340.00000

   Energies (kJ/mol)
           Bond          Angle    Proper Dih. Per. Imp. Dih.          LJ-14
    2.17046e+02    7.07941e+02    8.70279e+02    2.40596e+01    2.60560e+02
     Coulomb-14        LJ (SR)  Disper. corr.   Coulomb (SR)   Coul. recip.
    3.71707e+03    1.09336e+04   -5.42466e+02   -9.65307e+04    1.93706e+02
      Potential    Kinetic En.   Total Energy  Conserved En.    Temperature
   -8.01489e+04    1.55464e+04   -6.46025e+04   -5.52319e+04    3.12102e+02
 Pres. DC (bar) Pressure (bar)   Constr. rmsd
   -1.52024e+02    1.05228e+02    0.00000e+00

Replica exchange at step 170000 time 340.00000
Repl 1 <-> 2  dE_term =  2.177e+01 (kT)
  dpV = -4.115e-05  d =  2.177e+01
Repl ex  0    1    2    3    4    5    6    7
Repl pr        .00       .00       .00     

Replica exchange at step 171000 time 342.00000
Repl 0 <-> 1  dE_term =  2.905e+01 (kT)
  dpV =  3.650e-04  d =  2.905e+01
Repl ex  0    1    2    3    4    5    6    7
Repl pr   .00       .00       .00       .00

Replica exchange at step 172000 time 344.00000
Repl 1 <-> 2  dE_term =  2.878e+01 (kT)
  dpV =  4.328e-04  d =  2.878e+01
Repl ex  0    1    2    3    4    5    6    7
Repl pr        .00       .00       .00     

Replica exchange at step 173000 time 346.00000
Repl 0 <-> 1  dE_term =  2.236e+01 (kT)
  dpV = -1.349e-05  d =  2.236e+01
Repl ex  0    1    2    3    4    5    6    7
Repl pr   .00       .00       .00       .00

Replica exchange at step 174000 time 348.00000
Repl 1 <-> 2  dE_term =  1.879e+01 (kT)
  dpV =  8.677e-04  d =  1.879e+01
Repl ex  0    1    2    3    4    5    6    7
Repl pr        .00       .00       .00     

           Step           Time
         175000      350.00000

   Energies (kJ/mol)
           Bond          Angle    Proper Dih. Per. Imp. Dih.          LJ-14
    2.41585e+02    7.04871e+02    8.35001e+02    3.62618e+01    2.73015e+02
     Coulomb-14        LJ (SR)  Disper. corr.   Coulomb (SR)   Coul. recip.
    3.70614e+03    1.05088e+04   -5.35822e+02   -9.61827e+04    1.87259e+02
      Potential    Kinetic En.   Total Energy  Conserved En.    Temperature
   -8.02255e+04    1.55270e+04   -6.46985e+04   -5.49654e+04    3.11713e+02
 Pres. DC (bar) Pressure (bar)   Constr. rmsd
   -1.48327e+02   -5.27489e+02    0.00000e+00

Replica exchange at step 175000 time 350.00000
Repl 0 <-> 1  dE_term =  1.262e+01 (kT)
  dpV =  1.409e-03  d =  1.262e+01
Repl ex  0    1    2    3    4    5    6    7
Repl pr   .00       .00       .00       .00

Replica exchange at step 176000 time 352.00000
Repl 1 <-> 2  dE_term =  1.006e+01 (kT)
  dpV = -1.160e-03  d =  1.005e+01
Repl ex  0    1    2    3    4    5    6    7
Repl pr        .00       .00       .00     

Replica exchange at step 177000 time 354.00000
Repl 0 <-> 1  dE_term =  2.517e+01 (kT)
  dpV =  1.038e-03  d =  2.517e+01
Repl ex  0    1    2    3    4    5    6    7
Repl pr   .00       .00       .00       .00

Replica exchange at step 178000 time 356.00000
Repl 1 <-> 2  dE_term =  2.939e+01 (kT)
  dpV =  4.444e-04  d =  2.939e+01
Repl ex  0    1    2    3    4    5    6    7
Repl pr        .00       .06       .00     

Replica exchange at step 179000 time 358.00000
Repl 0 <-> 1  dE_term =  2.162e+01 (kT)
  dpV =  6.143e-04  d =  2.162e+01
Repl ex  0    1    2    3    4    5    6    7
Repl pr   .00       .00       .00       .00

           Step           Time
         180000      360.00000

   Energies (kJ/mol)
           Bond          Angle    Proper Dih. Per. Imp. Dih.          LJ-14
    2.73004e+02    7.18718e+02    8.89444e+02    3.43929e+01    2.63805e+02
     Coulomb-14        LJ (SR)  Disper. corr.   Coulomb (SR)   Coul. recip.
    3.68260e+03    1.02681e+04   -5.26427e+02   -9.54666e+04    1.84732e+02
      Potential    Kinetic En.   Total Energy  Conserved En.    Temperature
   -7.96783e+04    1.54758e+04   -6.42024e+04   -5.44483e+04    3.10685e+02
 Pres. DC (bar) Pressure (bar)   Constr. rmsd
   -1.43175e+02   -8.16706e+02    0.00000e+00

Replica exchange at step 180000 time 360.00000
Repl 1 <-> 2  dE_term =  2.133e+01 (kT)
  dpV = -9.964e-05  d =  2.133e+01
Repl ex  0    1    2    3    4    5    6    7
Repl pr        .00       .00       .00     

Replica exchange at step 181000 time 362.00000
Repl 0 <-> 1  dE_term =  1.500e+01 (kT)
  dpV = -6.991e-04  d =  1.500e+01
Repl ex  0    1    2    3    4    5    6    7
Repl pr   .00       .00       .00       .00

Replica exchange at step 182000 time 364.00000
Repl 1 <-> 2  dE_term =  2.070e+01 (kT)
  dpV =  1.062e-03  d =  2.071e+01
Repl ex  0    1    2    3    4    5    6    7
Repl pr        .00       .00       .00     

Replica exchange at step 183000 time 366.00000
Repl 0 <-> 1  dE_term =  1.848e+01 (kT)
  dpV =  8.274e-04  d =  1.848e+01
Repl ex  0    1    2    3    4    5    6    7
Repl pr   .00       .00       .00       .00

Replica exchange at step 184000 time 368.00000
Repl 1 <-> 2  dE_term =  1.824e+01 (kT)
  dpV =  5.942e-04  d =  1.824e+01
Repl ex  0    1    2    3    4    5    6    7
Repl pr        .00       .00       .00     

           Step           Time
         185000      370.00000

   Energies (kJ/mol)
           Bond          Angle    Proper Dih. Per. Imp. Dih.          LJ-14
    2.44352e+02    6.79566e+02    8.94847e+02    5.02287e+01    2.65621e+02
     Coulomb-14        LJ (SR)  Disper. corr.   Coulomb (SR)   Coul. recip.
    3.71009e+03    1.09281e+04   -5.42211e+02   -9.65119e+04    2.08828e+02
      Potential    Kinetic En.   Total Energy  Conserved En.    Temperature
   -8.00725e+04    1.58261e+04   -6.42464e+04   -5.42647e+04    3.17717e+02
 Pres. DC (bar) Pressure (bar)   Constr. rmsd
   -1.51882e+02    3.16103e+01    0.00000e+00

Replica exchange at step 185000 time 370.00000
Repl 0 <-> 1  dE_term =  1.773e+01 (kT)
  dpV = -3.111e-04  d =  1.773e+01
Repl ex  0    1    2    3    4    5    6    7
Repl pr   .00       .00       .00       .02

Replica exchange at step 186000 time 372.00000
Repl 1 <-> 2  dE_term =  2.011e+01 (kT)
  dpV = -1.103e-04  d =  2.011e+01
Repl ex  0    1    2    3    4    5    6    7
Repl pr        .00       .00       .00     

Replica exchange at step 187000 time 374.00000
Repl 0 <-> 1  dE_term =  1.220e+01 (kT)
  dpV = -7.435e-04  d =  1.220e+01
Repl ex  0    1    2    3    4    5    6    7
Repl pr   .00       .00       .00       .00

Replica exchange at step 188000 time 376.00000
Repl 1 <-> 2  dE_term =  1.625e+01 (kT)
  dpV =  5.949e-04  d =  1.625e+01
Repl ex  0    1    2    3    4    5    6    7
Repl pr        .00       .00       .00     

Replica exchange at step 189000 time 378.00000
Repl 0 <-> 1  dE_term =  1.191e+01 (kT)
  dpV =  7.260e-04  d =  1.192e+01
Repl ex  0    1    2    3    4    5    6    7
Repl pr   .00       .00       .00       .00

           Step           Time
         190000      380.00000

   Energies (kJ/mol)
           Bond          Angle    Proper Dih. Per. Imp. Dih.          LJ-14
    2.51836e+02    7.11775e+02    9.30977e+02    3.49547e+01    2.64169e+02
     Coulomb-14        LJ (SR)  Disper. corr.   Coulomb (SR)   Coul. recip.
    3.65355e+03    1.11403e+04   -5.23669e+02   -9.65126e+04    2.01713e+02
      Potential    Kinetic En.   Total Energy  Conserved En.    Temperature
   -7.98469e+04    1.58520e+04   -6.39950e+04   -5.40163e+04    3.18236e+02
 Pres. DC (bar) Pressure (bar)   Constr. rmsd
   -1.41680e+02   -2.56417e+02    0.00000e+00

Replica exchange at step 190000 time 380.00000
Repl 1 <-> 2  dE_term =  1.149e+01 (kT)
  dpV = -8.318e-04  d =  1.149e+01
Repl ex  0    1    2    3    4    5    6    7
Repl pr        .00       .00       .09     

Replica exchange at step 191000 time 382.00000
Repl 0 <-> 1  dE_term =  3.251e+01 (kT)
  dpV =  2.573e-03  d =  3.251e+01
Repl ex  0    1    2    3    4    5    6    7
Repl pr   .00       .00       .00       .00

Replica exchange at step 192000 time 384.00000
Repl 1 <-> 2  dE_term =  3.114e+01 (kT)
  dpV =  7.745e-04  d =  3.114e+01
Repl ex  0    1    2    3    4    5    6    7
Repl pr        .00       .00       .00     

Replica exchange at step 193000 time 386.00000
Repl 0 <-> 1  dE_term =  3.576e+01 (kT)
  dpV =  1.328e-03  d =  3.576e+01
Repl ex  0    1    2    3    4    5    6    7
Repl pr   .00       .00       .00       .00

Replica exchange at step 194000 time 388.00000
Repl 1 <-> 2  dE_term =  1.925e+01 (kT)
  dpV = -1.604e-04  d =  1.925e+01
Repl ex  0    1    2    3    4    5    6    7
Repl pr        .00       .00       .00     

           Step           Time
         195000      390.00000

   Energies (kJ/mol)
           Bond          Angle    Proper Dih. Per. Imp. Dih.          LJ-14
    2.09361e+02    6.42748e+02    9.43242e+02    5.70732e+01    2.78498e+02
     Coulomb-14        LJ (SR)  Disper. corr.   Coulomb (SR)   Coul. recip.
    3.69095e+03    1.06414e+04   -5.33047e+02   -9.58733e+04    2.00041e+02
      Potential    Kinetic En.   Total Energy  Conserved En.    Temperature
   -7.97431e+04    1.53229e+04   -6.44202e+04   -5.37259e+04    3.07614e+02
 Pres. DC (bar) Pressure (bar)   Constr. rmsd
   -1.46796e+02   -1.48054e+02    0.00000e+00

Replica exchange at step 195000 time 390.00000
Repl 0 <-> 1  dE_term =  2.694e+01 (kT)
  dpV =  1.188e-03  d =  2.694e+01
Repl ex  0    1    2    3    4    5    6    7
Repl pr   .00       .00       .00       .00

